11.02.2004 20:36:08 73.63 71.81 60.44 44.69 26.13 25.88 784 27.50 22.75 11.13 2.57 5.00 11.75 11.94 2.57 4.71 11.88 11.69 4.76 6.12 10.81 10.81 1.80 2.57 10.75 11.00 1.44
11.02.2004 20:37:07 73.63 71.81 60.44 44.69 26.13 25.88 784 27.50 22.75 11.13 2.57 4.95 11.75 11.94 2.57 4.71 11.88 11.69 4.76 6.12 10.81 10.81 1.80 2.57 10.75 11.00 1.50
11.02.2004 20:38:07 73.63 71.81 60.50 44.69 26.13 25.81 784 27.50 22.75 11.13 2.57 4.95 11.75 11.94 2.57 4.71 11.88 11.69 4.76 6.12 10.81 10.81 1.75 2.57 10.75 11.00 1.44
11.02.2004 20:39:07 73.63 71.88 60.44 44.69 26.13 25.81 784 27.50 22.75 11.13 2.57 4.95 11.75 11.94 2.57 4.66 11.88 11.69 4.76 6.12 10.81 10.81 1.75 2.57 10.75 11.00 1.44
11.02.2004 20:40:07 73.63 71.81 60.44 44.69 26.13 25.81 784 27.50 22.75 11.13 2.53 4.95 11.75 11.94 2.57 4.71 11.88 11.63 4.76 6.12 10.81 10.81 1.75 2.57 10.75 11.00 1.44
11.02.2004 20:41:07 73.63 71.81 60.44 44.69 26.13 25.81 784 27.50 22.75 11.13 2.53 4.95 11.75 11.94 2.57 4.66 11.88 11.69 4.76 6.12 10.81 10.81 1.75 2.57 10.75 11.00 1.38
11.02.2004 20:42:07 73.63 71.81 60.44 44.69 26.13 25.81 784 27.50 22.75 11.13 2.53 4.95 11.75 11.94 2.57 4.66 11.88 11.63 4.71 6.12 10.81 10.88 1.75 2.57 10.75 11.00 1.44
11.02.2004 21:14:04 73.63 71.81 60.44 44.69 26.13 25.88 784 27.50 22.75 11.13 2.53 4.95 11.75 11.94 2.57 4.66 11.88 11.69 4.76 6.12 10.81 10.81 1.75 2.57 10.75 11.00 1.38
11.02.2004 21:15:07 73.63 71.81 60.44 44.69 26.13 25.81 784 27.50 22.75 11.13 2.53 4.95 11.75 11.94 2.53 4.66 11.88 11.69 4.76 6.12 10.81 10.81 1.75 2.57 10.75 11.00 1.38
11.02.2004 21:16:07 73.63 71.81 60.44 44.69 26.13 25.88 784 27.50 22.75 11.13 2.53 4.95 11.75 11.94 2.53 4.66 11.88 11.63 4.71 6.12 10.81 10.81 1.75 2.53 10.75 11.00 1.44
11.02.2004 21:17:07 73.63 71.75 60.38 44.69 26.13 25.81 783 27.50 22.75 11.13 2.53 4.95 11.75 11.94 2.53 4.66 11.88 11.63 4.71 6.12 10.81 10.88 1.75 2.53 10.75 11.00 1.44
11.02.2004 21:18:07 73.63 71.81 60.44 44.69 26.13 25.88 784 27.50 22.75 11.13 2.53 4.95 11.75 11.94 2.53 4.66 11.88 11.69 4.71 6.12 10.81 10.81 1.75 2.53 10.75 11.00 1.44
11.02.2004 21:19:07 73.63 71.75 60.38 44.69 26.13 25.81 783 27.50 22.75 11.13 2.48 4.95 11.75 11.94 2.53 4.66 11.88 11.63 4.71 6.07 10.75 10.81 1.75 2.53 10.75 11.00 1.44
11.02.2004 21:20:07 73.63 71.75 60.38 44.69 26.13 25.88 783 27.50 22.75 11.13 2.48 4.91 11.75 11.94 2.53 4.66 11.88 11.63 4.71 6.12 10.81 10.81 1.75 2.53 10.75 11.00 1.44
11.02.2004 21:21:07 73.63 71.75 60.38 44.69 26.13 25.81 783 27.50 22.75 11.19 2.48 4.91 11.75 11.94 2.53 4.66 11.88 11.63 4.71 6.07 10.81 10.81 1.75 2.53 10.75 11.00 1.44
11.02.2004 21:22:07 73.63 71.81 60.38 44.69 26.13 25.81 784 27.50 22.75 11.19 2.48 4.91 11.75 11.94 2.48 4.66 11.88 11.63 4.71 6.07 10.81 10.81 1.75 2.53 10.75 11.00 1.50
11.02.2004 21:23:07 73.63 71.75 60.38 44.69 26.13 25.81 783 27.50 22.75 11.13 2.48 4.91 11.75 11.94 2.53 4.66 11.88 11.69 4.71 6.07 10.81 10.88 1.75 2.53 10.75 11.00 1.50
11.02.2004 21:24:07 73.63 71.75 60.38 44.69 26.13 25.81 783 27.50 22.75 11.13 2.48 4.91 11.75 11.94 2.53 4.61 11.88 11.63 4.71 6.07 10.81 10.81 1.70 2.53 10.75 11.00 1.44
11.02.2004 21:25:07 73.63 71.75 60.38 44.69 26.13 25.81 783 27.50 22.75 11.19 2.48 4.91 11.75 11.94 2.48 4.61 11.88 11.63 4.71 6.07 10.81 10.88 1.70 2.53 10.75 11.00 1.44
11.02.2004 21:26:07 73.63 71.75 60.31 44.69 26.13 25.81 783 27.50 22.75 11.13 2.48 4.91 11.75 11.94 2.48 4.61 11.88 11.63 4.71 6.07 10.75 10.81 1.70 2.48 10.75 11.00 1.44
11.02.2004 21:27:07 73.63 71.75 60.31 44.69 26.13 25.81 783 27.50 22.75 11.19 2.48 4.91 11.75 11.94 2.48 4.61 11.88 11.69 4.71 6.07 10.81 10.81 1.75 2.48 10.75 11.00 1.44
11.02.2004 21:28:07 73.63 71.75 60.31 44.69 26.13 25.81 783 27.50 22.75 11.19 2.48 4.91 11.75 11.94 2.48 4.61 11.88 11.63 4.71 6.07 10.75 10.81 1.70 2.48 10.75 11.00 1.44
11.02.2004 21:29:07 73.63 71.75 60.31 44.69 26.13 25.81 783 27.50 22.75 11.19 2.48 4.91 11.75 11.94 2.48 4.61 11.88 11.69 4.71 6.07 10.81 10.88 1.70 2.48 10.75 11.00 1.44
11.02.2004 21:30:07 73.63 71.75 60.31 44.63 26.13 25.81 783 27.50 22.75 11.19 2.48 4.91 11.75 11.94 2.48 4.61 11.88 11.63 4.71 6.07 10.75 10.81 1.70 2.48 10.75 11.00 1.44
11.02.2004 21:31:07 73.63 71.75 60.31 44.69 26.13 25.88 783 27.50 22.75 11.19 2.43 4.86 11.75 11.94 2.48 4.61 11.81 11.63 4.71 6.07 10.75 10.81 1.70 2.48 10.75 11.00 1.44
11.02.2004 21:32:07 73.63 71.75 60.31 44.69 26.13 25.81 783 27.50 22.75 11.19 2.48 4.86 11.75 11.94 2.48 4.61 11.81 11.63 4.71 6.07 10.81 10.81 1.70 2.48 10.75 11.00 1.44
11.02.2004 21:33:07 73.63 71.75 60.31 44.63 26.13 25.81 783 27.50 22.75 11.19 2.43 4.91 11.75 11.94 2.43 4.57 11.81 11.63 4.71 6.07 10.81 10.81 1.70 2.48 10.75 11.00 1.44
11.02.2004 21:34:07 73.63 71.75 60.25 44.63 26.13 25.81 782 27.50 22.75 11.13 2.43 4.86 11.75 11.94 2.43 4.61 11.81 11.63 4.71 6.07 10.81 10.81 1.70 2.48 10.75 11.00 1.44
11.02.2004 21:35:07 73.63 71.75 60.25 44.63 26.13 25.81 782 27.50 22.75 11.19 2.43 4.86 11.75 11.94 2.43 4.57 11.81 11.63 4.66 6.07 10.75 10.81 1.70 2.48 10.75 11.00 1.44
11.02.2004 21:36:07 73.63 71.75 60.25 44.69 26.13 25.81 783 27.56 22.75 11.13 2.43 4.86 11.75 11.94 2.43 4.57 11.88 11.63 4.66 6.07 10.75 10.81 1.70 2.43 10.75 11.00 1.44
11.02.2004 21:37:07 73.63 71.75 60.25 44.63 26.13 25.81 782 27.50 22.75 11.19 2.43 4.86 11.75 11.94 2.43 4.57 11.81 11.63 4.71 6.07 10.81 10.81 1.70 2.48 10.75 11.00 1.44
11.02.2004 21:38:07 73.56 71.69 60.25 44.63 26.13 25.81 781 27.50 22.75 11.19 2.43 4.86 11.75 11.94 2.43 4.57 11.81 11.63 4.71 6.07 10.81 10.88 1.70 2.43 10.75 11.00 1.38
11.02.2004 21:39:07 73.63 71.75 60.25 44.63 26.13 25.88 782 27.50 22.75 11.19 2.43 4.86 11.75 11.94 2.43 4.57 11.81 11.63 4.66 6.02 10.75 10.88 1.70 2.43 10.75 11.00 1.44
11.02.2004 21:40:07 73.56 71.75 60.25 44.63 26.13 25.81 782 27.50 22.75 11.19 2.43 4.86 11.75 11.94 2.43 4.57 11.81 11.63 4.66 6.02 10.75 10.81 1.70 2.43 10.75 11.00 1.38
11.02.2004 21:41:07 73.56 71.75 60.19 44.63 26.13 25.81 782 27.50 22.75 11.19 2.43 4.86 11.75 11.94 2.43 4.57 11.81 11.63 4.66 6.02 10.81 10.88 1.70 2.43 10.75 11.00 1.44
11.02.2004 21:42:07 73.56 71.75 60.25 44.63 26.13 25.81 782 27.50 22.75 11.19 2.43 4.86 11.75 11.94 2.43 4.57 11.81 11.63 4.66 6.02 10.75 10.88 1.70 2.43 10.75 11.00 1.38
11.02.2004 21:43:07 73.63 71.75 60.19 44.63 26.13 25.88 782 27.50 22.75 11.19 2.43 4.86 11.75 11.94 2.43 4.57 11.81 11.63 4.66 6.02 10.75 10.88 1.70 2.43 10.75 11.00 1.44
11.02.2004 21:44:07 73.56 71.75 60.19 44.63 26.13 25.81 782 27.50 22.75 11.19 2.43 4.86 11.75 11.94 2.43 4.57 11.81 11.63 4.66 6.02 10.75 10.88 1.65 2.43 10.75 11.00 1.44
11.02.2004 21:45:07 73.63 71.69 60.19 44.63 26.13 25.81 782 27.50 22.75 11.19 2.38 4.86 11.75 11.94 2.43 4.57 11.81 11.63 4.66 6.02 10.81 10.88 1.65 2.43 10.75 11.00 1.38
11.02.2004 21:46:07 73.56 71.69 60.19 44.63 26.13 25.81 781 27.56 22.75 11.19 2.43 4.86 11.75 11.94 2.43 4.52 11.81 11.63 4.66 6.02 10.81 10.88 1.65 2.43 10.75 11.00 1.44
11.02.2004 21:47:07 73.56 71.69 60.19 44.63 26.13 25.81 781 27.50 22.75 11.19 2.43 4.81 11.75 11.94 2.38 4.52 11.88 11.63 4.66 6.02 10.75 10.88 1.65 2.43 10.75 11.00 1.44
11.02.2004 21:48:07 73.56 71.75 60.19 44.63 26.13 25.81 782 27.50 22.75 11.19 2.43 4.81 11.75 11.94 2.38 4.52 11.81 11.63 4.66 6.02 10.75 10.88 1.65 2.38 10.75 11.00 1.38
11.02.2004 21:49:07 73.56 71.75 60.13 44.63 26.13 25.81 781 27.50 22.75 11.19 2.38 4.81 11.75 11.88 2.38 4.52 11.81 11.63 4.66 6.02 10.75 10.88 1.65 2.38 10.75 11.00 1.44
11.02.2004 21:50:07 73.56 71.69 60.13 44.63 26.13 25.81 781 27.50 22.75 11.19 2.38 4.81 11.75 11.94 2.38 4.52 11.81 11.63 4.66 6.02 10.81 10.88 1.65 2.38 10.75 11.06 1.44
11.02.2004 21:51:07 73.56 71.75 60.13 44.63 26.13 25.81 781 27.50 22.75 11.13 2.38 4.81 11.75 11.94 2.38 4.52 11.81 11.63 4.66 6.02 10.75 10.81 1.65 2.38 10.75 11.00 1.44
11.02.2004 21:52:07 73.56 71.69 60.13 44.63 26.13 25.81 781 27.50 22.69 11.19 2.38 4.81 11.75 11.94 2.38 4.52 11.81 11.63 4.66 6.02 10.75 10.88 1.65 2.38 10.75 11.00 1.38
11.02.2004 21:53:07 73.56 71.69 60.13 44.63 26.13 25.81 781 27.50 22.75 11.19 2.38 4.81 11.75 11.94 2.38 4.52 11.81 11.63 4.66 6.02 10.75 10.88 1.65 2.38 10.75 11.00 1.38
11.02.2004 21:54:07 73.56 71.69 60.13 44.63 26.13 25.81 781 27.50 22.75 11.19 2.38 4.81 11.75 11.94 2.38 4.52 11.81 11.63 4.66 6.02 10.75 10.88 1.65 2.38 10.75 11.00 1.38
11.02.2004 21:55:07 73.56 71.69 60.13 44.63 26.06 25.81 781 27.50 22.69 11.19 2.38 4.81 11.75 11.94 2.38 4.52 11.81 11.63 4.66 6.02 10.75 10.88 1.65 2.38 10.75 11.00 1.38
11.02.2004 21:56:07 73.56 71.69 60.13 44.63 26.13 25.81 781 27.50 22.75 11.13 2.38 4.81 11.75 11.94 2.38 4.52 11.81 11.63 4.66 6.02 10.75 10.88 1.65 2.38 10.75 11.00 1.38
11.02.2004 21:57:07 73.56 71.69 60.13 44.56 26.06 25.88 781 27.50 22.69 11.19 2.38 4.81 11.75 11.94 2.38 4.52 11.81 11.63 4.66 6.02 10.75 10.88 1.65 2.33 10.75 11.00 1.38
11.02.2004 21:58:07 73.56 71.69 60.06 44.63 26.06 25.81 781 27.50 22.69 11.19 2.38 4.81 11.75 11.94 2.38 4.52 11.81 11.63 4.66 5.97 10.81 10.88 1.65 2.38 10.75 11.00 1.38
11.02.2004 21:59:07 73.56 71.69 60.06 44.56 26.13 25.81 780 27.50 22.75 11.19 2.38 4.81 11.75 11.94 2.38 4.52 11.81 11.63 4.66 6.02 10.75 10.88 1.60 2.33 10.75 11.00 1.38
11.02.2004 22:00:07 73.56 71.69 60.06 44.56 26.13 25.81 780 27.50 22.69 11.19 2.38 4.81 11.75 11.94 2.38 4.47 11.81 11.63 4.66 5.97 10.75 10.88 1.65 2.33 10.75 11.00 1.38
11.02.2004 22:01:07 73.56 71.69 60.06 44.56 26.06 25.81 780 27.50 22.69 11.19 2.38 4.76 11.75 11.94 2.38 4.52 11.81 11.63 4.61 5.97 10.75 10.88 1.60 2.33 10.81 11.00 1.38
11.02.2004 22:02:07 73.56 71.69 60.06 44.56 26.13 25.81 780 27.50 22.69 11.19 2.38 4.81 11.75 11.94 2.33 4.47 11.81 11.63 4.66 5.97 10.75 10.88 1.60 2.33 10.75 11.00 1.38
11.02.2004 22:03:07 73.56 71.63 60.06 44.56 26.06 25.81 780 27.50 22.75 11.19 2.38 4.76 11.75 11.94 2.33 4.47 11.81 11.63 4.66 5.97 10.75 10.88 1.60 2.33 10.75 11.00 1.44
11.02.2004 22:04:07 73.56 71.63 60.06 44.56 26.06 25.81 780 27.50 22.69 11.19 2.38 4.76 11.75 11.94 2.33 4.47 11.81 11.63 4.61 5.97 10.75 10.88 1.60 2.33 10.75 11.00 1.38
11.02.2004 22:05:07 73.56 71.63 60.00 44.56 26.06 25.81 780 27.50 22.69 11.19 2.38 4.76 11.75 11.94 2.33 4.47 11.81 11.63 4.66 5.97 10.75 10.88 1.60 2.33 10.75 11.00 1.38
11.02.2004 22:06:07 73.56 71.63 60.00 44.56 26.06 25.81 780 27.50 22.69 11.19 2.33 4.76 11.75 11.88 2.33 4.47 11.81 11.63 4.66 5.97 10.75 10.88 1.60 2.33 10.75 11.00 1.38
11.02.2004 22:07:07 73.56 71.63 60.00 44.56 26.06 25.81 780 27.50 22.69 11.19 2.33 4.76 11.75 11.94 2.33 4.47 11.81 11.63 4.61 5.97 10.75 10.88 1.60 2.33 10.75 11.06 1.38
11.02.2004 22:08:07 73.56 71.63 60.00 44.56 26.06 25.81 780 27.50 22.69 11.19 2.33 4.76 11.75 11.94 2.33 4.47 11.81 11.63 4.61 5.97 10.75 10.88 1.60 2.33 10.75 11.00 1.38
11.02.2004 22:09:07 73.56 71.63 60.00 44.56 26.06 25.81 780 27.50 22.69 11.19 2.33 4.76 11.75 11.94 2.33 4.47 11.81 11.63 4.61 5.97 10.75 10.88 1.60 2.33 10.75 11.06 1.38
11.02.2004 22:10:07 73.56 71.63 60.00 44.56 26.06 25.81 780 27.50 22.69 11.19 2.33 4.76 11.75 11.94 2.33 4.47 11.81 11.63 4.61 5.97 10.75 10.88 1.60 2.33 10.75 11.06 1.38
11.02.2004 22:11:07 73.56 71.63 60.00 44.56 26.06 25.81 780 27.50 22.69 11.19 2.33 4.76 11.75 11.94 2.33 4.47 11.81 11.63 4.61 5.97 10.75 10.88 1.60 2.33 10.75 11.00 1.38
11.02.2004 22:12:07 73.56 71.63 60.00 44.56 26.06 25.81 780 27.50 22.69 11.19 2.33 4.76 11.75 11.94 2.33 4.47 11.81 11.63 4.61 5.97 10.75 10.88 1.60 2.28 10.75 11.00 1.38
11.02.2004 22:13:07 73.56 71.63 59.94 44.56 26.06 25.81 779 27.50 22.69 11.19 2.33 4.76 11.75 11.94 2.33 4.42 11.81 11.63 4.61 5.97 10.75 10.88 1.60 2.28 10.75 11.00 1.31
11.02.2004 22:14:07 73.50 71.63 59.94 44.56 26.06 25.81 779 27.50 22.69 11.19 2.33 4.76 11.75 11.94 2.33 4.42 11.81 11.63 4.61 5.97 10.75 10.88 1.60 2.28 10.75 11.00 1.31
11.02.2004 22:15:07 73.56 71.63 59.94 44.56 26.06 25.81 779 27.50 22.69 11.19 2.33 4.76 11.75 11.94 2.28 4.42 11.81 11.63 4.61 5.97 10.75 10.88 1.60 2.28 10.75 11.00 1.38
11.02.2004 22:16:07 73.56 71.63 59.94 44.56 26.13 25.81 780 27.50 22.69 11.19 2.33 4.76 11.75 11.94 2.33 4.42 11.81 11.63 4.61 5.97 10.75 10.88 1.60 2.28 10.75 11.00 1.38
11.02.2004 22:17:07 73.56 71.63 59.94 44.56 26.06 25.81 779 27.50 22.69 11.19 2.33 4.76 11.75 11.88 2.28 4.42 11.81 11.63 4.61 5.97 10.75 10.88 1.60 2.28 10.75 11.00 1.38
11.02.2004 22:18:07 73.56 71.63 59.94 44.56 26.06 25.81 779 27.50 22.63 11.19 2.33 4.76 11.75 11.94 2.28 4.42 11.81 11.63 4.61 5.97 10.75 10.88 1.60 2.28 10.75 11.06 1.38
11.02.2004 22:19:07 73.56 71.63 59.94 44.56 26.06 25.81 779 27.50 22.69 11.19 2.33 4.71 11.75 11.88 2.28 4.42 11.81 11.63 4.61 5.97 10.75 10.88 1.60 2.28 10.75 11.06 1.31
11.02.2004 22:20:07 73.56 71.63 59.94 44.56 26.06 25.81 779 27.50 22.69 11.19 2.28 4.71 11.75 11.88 2.28 4.42 11.81 11.63 4.61 5.97 10.75 10.88 1.60 2.28 10.75 11.06 1.31
11.02.2004 22:21:07 73.56 71.63 59.94 44.56 26.06 25.81 779 27.50 22.69 11.19 2.33 4.71 11.75 11.88 2.28 4.42 11.81 11.63 4.61 5.97 10.75 10.88 1.60 2.28 10.75 11.06 1.38
11.02.2004 22:22:07 73.56 71.63 59.94 44.50 26.06 25.81 779 27.50 22.69 11.19 2.33 4.71 11.75 11.94 2.28 4.42 11.81 11.63 4.61 5.97 10.75 10.88 1.60 2.28 10.75 11.06 1.31
11.02.2004 22:23:07 73.50 71.63 59.88 44.56 26.06 25.81 779 27.50 22.69 11.19 2.33 4.71 11.75 11.88 2.28 4.42 11.81 11.63 4.61 5.93 10.75 10.88 1.60 2.28 10.75 11.00 1.31
11.02.2004 22:24:07 73.50 71.63 59.88 44.56 26.06 25.88 779 27.50 22.69 11.19 2.28 4.71 11.75 11.94 2.28 4.42 11.81 11.63 4.61 5.93 10.75 10.88 1.56 2.23 10.75 11.06 1.31
11.02.2004 22:25:07 73.50 71.63 59.88 44.56 26.06 25.81 779 27.50 22.69 11.19 2.28 4.71 11.75 11.88 2.28 4.37 11.81 11.63 4.61 5.93 10.75 10.88 1.60 2.23 10.75 11.00 1.31
11.02.2004 22:26:07 73.50 71.63 59.88 44.50 26.13 25.81 779 27.50 22.69 11.19 2.28 4.71 11.75 11.94 2.28 4.42 11.81 11.63 4.61 5.93 10.75 10.88 1.56 2.23 10.75 11.06 1.31
11.02.2004 22:27:07 73.50 71.63 59.88 44.50 26.06 25.81 779 27.50 22.69 11.19 2.28 4.71 11.75 11.88 2.28 4.42 11.81 11.63 4.61 5.93 10.75 10.88 1.56 2.23 10.75 11.00 1.31
11.02.2004 22:29:07 73.50 71.56 59.88 44.50 26.06 25.81 778 27.50 22.69 11.19 2.28 4.71 11.75 11.94 2.28 4.42 11.81 11.63 4.61 5.93 10.75 10.88 1.56 2.23 10.75 11.00 1.31
11.02.2004 22:30:07 73.50 71.63 59.88 44.50 26.06 25.81 779 27.50 22.69 11.19 2.28 4.71 11.75 11.94 2.23 4.37 11.75 11.63 4.61 5.93 10.75 10.88 1.56 2.23 10.75 11.00 1.38
11.02.2004 22:31:07 73.50 71.56 59.88 44.50 26.06 25.81 778 27.50 22.63 11.19 2.28 4.71 11.75 11.88 2.23 4.37 11.75 11.56 4.61 5.93 10.75 10.88 1.56 2.23 10.75 11.00 1.31
11.02.2004 22:32:07 73.50 71.56 59.88 44.50 26.06 25.81 778 27.50 22.63 11.19 2.28 4.71 11.69 11.88 2.23 4.37 11.81 11.63 4.61 5.93 10.75 10.88 1.56 2.23 10.75 11.06 1.25
11.02.2004 22:33:07 73.50 71.56 59.81 44.50 26.06 25.81 778 27.50 22.69 11.19 2.28 4.71 11.75 11.88 2.23 4.37 11.81 11.63 4.61 5.93 10.75 10.88 1.56 2.23 10.75 11.00 1.25
11.02.2004 22:34:07 73.50 71.56 59.81 44.50 26.06 25.81 778 27.50 22.63 11.19 2.28 4.71 11.75 11.88 2.23 4.37 11.81 11.63 4.61 5.93 10.75 10.88 1.56 2.23 10.75 11.06 1.25
11.02.2004 22:35:07 73.50 71.56 59.81 44.50 26.06 25.81 778 27.50 22.69 11.19 2.28 4.71 11.75 11.94 2.23 4.37 11.81 11.63 4.61 5.93 10.75 10.88 1.56 2.23 10.75 11.00 1.25
11.02.2004 22:36:07 73.50 71.56 59.81 44.50 26.06 25.81 778 27.50 22.63 11.19 2.28 4.71 11.75 11.88 2.23 4.37 11.75 11.56 4.61 5.93 10.75 10.88 1.56 2.23 10.75 11.06 1.25
11.02.2004 22:37:07 73.50 71.56 59.81 44.50 26.06 25.81 778 27.50 22.63 11.19 2.28 4.71 11.75 11.88 2.23 4.37 11.75 11.56 4.61 5.93 10.75 10.88 1.56 2.19 10.75 11.06 1.25
11.02.2004 22:38:07 73.50 71.56 59.81 44.50 26.06 25.81 778 27.50 22.63 11.19 2.23 4.71 11.75 11.88 2.23 4.37 11.75 11.63 4.61 5.93 10.75 10.88 1.56 2.19 10.75 11.00 1.31
11.02.2004 22:39:07 73.50 71.56 59.81 44.50 26.06 25.81 778 27.50 22.63 11.19 2.28 4.71 11.75 11.88 2.23 4.37 11.81 11.56 4.61 5.93 10.75 10.88 1.56 2.19 10.75 11.00 1.31
11.02.2004 22:40:07 73.50 71.56 59.81 44.50 26.06 25.81 778 27.50 22.63 11.19 2.28 4.71 11.75 11.88 2.23 4.37 11.75 11.56 4.61 5.93 10.75 10.88 1.56 2.19 10.75 11.00 1.31
11.02.2004 22:41:07 73.50 71.56 59.81 44.50 26.06 25.81 778 27.50 22.69 11.19 2.23 4.66 11.75 11.88 2.23 4.37 11.75 11.56 4.61 5.93 10.75 10.88 1.51 2.19 10.75 11.06 1.31
11.02.2004 22:42:07 73.50 71.56 59.75 44.50 26.06 25.81 778 27.50 22.63 11.19 2.23 4.66 11.75 11.88 2.23 4.37 11.81 11.56 4.57 5.93 10.75 10.88 1.56 2.19 10.75 11.06 1.25
11.02.2004 22:43:07 73.50 71.56 59.75 44.50 26.06 25.81 778 27.50 22.63 11.19 2.23 4.66 11.75 11.88 2.23 4.37 11.75 11.63 4.61 5.93 10.75 10.88 1.51 2.19 10.75 11.06 1.25
11.02.2004 22:44:07 73.50 71.56 59.75 44.50 26.06 25.81 778 27.50 22.63 11.19 2.23 4.66 11.69 11.88 2.19 4.37 11.75 11.56 4.61 5.93 10.75 10.88 1.51 2.19 10.75 11.06 1.25
11.02.2004 22:45:07 73.50 71.56 59.75 44.50 26.06 25.81 778 27.50 22.63 11.19 2.23 4.66 11.75 11.88 2.19 4.32 11.81 11.56 4.57 5.93 10.75 10.88 1.56 2.19 10.75 11.06 1.25
11.02.2004 22:46:07 73.50 71.56 59.75 44.50 26.06 25.81 778 27.50 22.63 11.19 2.23 4.66 11.69 11.88 2.19 4.32 11.75 11.63 4.57 5.93 10.75 10.88 1.51 2.19 10.75 11.00 1.19
11.02.2004 22:47:07 73.50 71.56 59.75 44.44 26.06 25.81 777 27.50 22.63 11.19 2.23 4.66 11.75 11.88 2.19 4.32 11.75 11.56 4.57 5.93 10.75 10.88 1.51 2.19 10.75 11.06 1.19
11.02.2004 22:48:07 73.50 71.56 59.75 44.50 26.06 25.81 778 27.50 22.63 11.19 2.23 4.66 11.75 11.88 2.19 4.32 11.75 11.56 4.57 5.88 10.75 10.88 1.51 2.19 10.81 11.06 1.25
11.02.2004 22:49:07 73.50 71.50 59.75 44.44 26.06 25.81 777 27.50 22.63 11.19 2.23 4.66 11.75 11.88 2.19 4.32 11.75 11.63 4.57 5.88 10.75 10.88 1.51 2.19 10.75 11.06 1.25
11.02.2004 22:50:07 73.50 71.56 59.75 44.44 26.06 25.81 777 27.50 22.63 11.19 2.23 4.66 11.69 11.88 2.19 4.32 11.75 11.56 4.57 5.88 10.75 10.88 1.51 2.19 10.75 11.06 1.25
11.02.2004 22:51:07 73.50 71.56 59.75 44.44 26.06 25.81 777 27.50 22.63 11.13 2.23 4.66 11.75 11.88 2.19 4.32 11.75 11.56 4.57 5.93 10.75 10.88 1.51 2.19 10.81 11.06 1.25
11.02.2004 22:52:07 73.50 71.56 59.75 44.50 26.06 25.81 778 27.50 22.63 11.19 2.23 4.66 11.69 11.88 2.19 4.32 11.75 11.56 4.57 5.88 10.75 10.88 1.51 2.14 10.75 11.06 1.25
11.02.2004 22:53:07 73.50 71.56 59.69 44.44 26.06 25.81 777 27.50 22.63 11.19 2.23 4.66 11.75 11.88 2.19 4.32 11.75 11.56 4.57 5.93 10.75 10.88 1.51 2.14 10.75 11.06 1.25
11.02.2004 22:54:07 73.50 71.56 59.69 44.44 26.06 25.81 777 27.50 22.63 11.19 2.23 4.66 11.75 11.88 2.19 4.32 11.75 11.56 4.57 5.88 10.75 10.88 1.51 2.14 10.75 11.06 1.31
11.02.2004 22:55:07 73.50 71.50 59.69 44.44 26.06 25.81 777 27.50 22.63 11.13 2.23 4.61 11.69 11.88 2.19 4.32 11.75 11.56 4.57 5.88 10.75 10.88 1.51 2.14 10.75 11.00 1.25
11.02.2004 22:56:07 73.50 71.50 59.69 44.44 26.06 25.81 777 27.50 22.63 11.19 2.19 4.61 11.75 11.88 2.19 4.32 11.75 11.56 4.57 5.88 10.75 10.88 1.51 2.14 10.75 11.06 1.25
11.02.2004 22:57:07 73.50 71.50 59.69 44.44 26.06 25.81 777 27.50 22.63 11.19 2.19 4.61 11.75 11.88 2.14 4.27 11.75 11.56 4.57 5.88 10.75 10.88 1.51 2.14 10.75 11.00 1.19
11.02.2004 22:58:07 73.50 71.50 59.69 44.44 26.06 25.81 777 27.50 22.63 11.19 2.19 4.61 11.69 11.88 2.14 4.27 11.75 11.56 4.57 5.88 10.75 10.88 1.51 2.14 10.75 11.06 1.19
11.02.2004 22:59:07 73.50 71.50 59.69 44.44 26.06 25.81 777 27.50 22.63 11.19 2.19 4.61 11.69 11.88 2.14 4.27 11.75 11.56 4.57 5.88 10.75 10.88 1.51 2.14 10.75 11.00 1.25
11.02.2004 23:00:07 73.50 71.50 59.69 44.44 26.06 25.81 777 27.50 22.63 11.13 2.19 4.61 11.69 11.88 2.14 4.27 11.75 11.56 4.57 5.88 10.75 10.88 1.51 2.14 10.75 11.06 1.25
11.02.2004 23:01:07 73.50 71.50 59.63 44.44 26.06 25.81 776 27.50 22.63 11.19 2.19 4.61 11.69 11.88 2.14 4.27 11.75 11.56 4.57 5.88 10.75 10.88 1.51 2.14 10.75 11.06 1.25
11.02.2004 23:02:07 73.50 71.50 59.69 44.44 26.06 25.81 777 27.50 22.63 11.19 2.19 4.61 11.69 11.88 2.14 4.27 11.75 11.56 4.57 5.88 10.75 10.88 1.51 2.14 10.75 11.06 1.19
11.02.2004 23:03:07 73.44 71.50 59.63 44.44 26.06 25.81 776 27.50 22.63 11.13 2.19 4.61 11.69 11.88 2.14 4.27 11.75 11.56 4.57 5.88 10.75 10.88 1.46 2.14 10.75 11.06 1.19
11.02.2004 23:04:07 73.44 71.50 59.63 44.44 26.06 25.81 776 27.50 22.56 11.19 2.19 4.61 11.69 11.88 2.14 4.27 11.75 11.63 4.57 5.88 10.75 10.88 1.46 2.14 10.75 11.06 1.25
11.02.2004 23:05:07 73.50 71.50 59.63 44.44 26.06 25.81 776 27.50 22.63 11.13 2.19 4.61 11.69 11.88 2.14 4.27 11.75 11.56 4.57 5.88 10.75 10.88 1.46 2.14 10.75 11.06 1.19
11.02.2004 23:06:07 73.44 71.50 59.63 44.44 26.06 25.81 776 27.50 22.56 11.19 2.19 4.61 11.69 11.88 2.14 4.27 11.75 11.56 4.52 5.88 10.75 10.88 1.46 2.14 10.75 11.06 1.25
11.02.2004 23:07:07 73.50 71.50 59.63 44.44 26.06 25.81 776 27.50 22.56 11.13 2.19 4.61 11.69 11.88 2.09 4.27 11.75 11.56 4.57 5.88 10.75 10.88 1.46 2.09 10.75 11.00 1.25
11.02.2004 23:08:07 73.44 71.50 59.63 44.44 26.00 25.81 776 27.50 22.56 11.19 2.19 4.61 11.69 11.88 2.09 4.27 11.75 11.56 4.57 5.88 10.75 10.88 1.46 2.09 10.75 11.06 1.19
11.02.2004 23:09:07 73.44 71.50 59.63 44.44 26.06 25.81 776 27.50 22.56 11.19 2.19 4.61 11.69 11.88 2.09 4.23 11.75 11.56 4.57 5.88 10.75 10.88 1.46 2.09 10.75 11.06 1.19
11.02.2004 23:10:07 73.44 71.50 59.56 44.44 26.06 25.81 776 27.50 22.63 11.13 2.14 4.57 11.69 11.88 2.09 4.23 11.75 11.56 4.57 5.88 10.75 10.88 1.46 2.09 10.75 11.06 1.19
11.02.2004 23:11:07 73.44 71.50 59.63 44.44 26.06 25.81 776 27.50 22.56 11.19 2.14 4.57 11.69 11.88 2.09 4.23 11.75 11.56 4.57 5.88 10.75 10.88 1.46 2.09 10.75 11.06 1.25
11.02.2004 23:12:07 73.44 71.56 59.56 44.44 26.06 25.81 776 27.50 22.56 11.19 2.14 4.57 11.69 11.88 2.09 4.23 11.75 11.56 4.52 5.88 10.75 10.88 1.46 2.09 10.75 11.06 1.19
11.02.2004 23:13:07 73.44 71.50 59.56 44.44 26.06 25.81 776 27.50 22.56 11.19 2.14 4.57 11.69 11.88 2.09 4.23 11.75 11.56 4.57 5.88 10.75 10.88 1.46 2.09 10.75 11.06 1.19
11.02.2004 23:14:07 73.44 71.50 59.56 44.38 26.06 25.81 776 27.50 22.63 11.19 2.14 4.57 11.69 11.88 2.09 4.23 11.75 11.56 4.52 5.88 10.75 10.88 1.46 2.09 10.75 11.06 1.19
11.02.2004 23:15:07 73.44 71.50 59.56 44.44 26.06 25.81 776 27.50 22.56 11.13 2.14 4.57 11.69 11.88 2.09 4.23 11.75 11.56 4.52 5.88 10.75 10.88 1.46 2.09 10.75 11.06 1.19
11.02.2004 23:16:07 73.44 71.50 59.56 44.44 26.06 25.81 776 27.50 22.56 11.13 2.14 4.57 11.69 11.88 2.04 4.23 11.75 11.56 4.52 5.88 10.75 10.94 1.46 2.09 10.75 11.06 1.19
11.02.2004 23:17:07 73.44 71.50 59.56 44.44 26.06 25.81 776 27.50 22.56 11.13 2.14 4.57 11.69 11.88 2.04 4.23 11.75 11.56 4.52 5.88 10.75 10.88 1.46 2.09 10.75 11.06 1.19
11.02.2004 23:18:07 73.44 71.50 59.56 44.44 26.00 25.81 776 27.50 22.56 11.13 2.14 4.57 11.69 11.88 2.04 4.23 11.75 11.56 4.52 5.88 10.75 10.88 1.46 2.09 10.75 11.06 1.13
11.02.2004 23:19:07 73.44 71.50 59.56 44.38 26.06 25.81 776 27.56 22.56 11.19 2.14 4.57 11.69 11.88 2.04 4.23 11.75 11.56 4.47 5.88 10.75 10.94 1.46 2.09 10.75 11.06 1.06
11.02.2004 23:20:07 73.44 71.50 59.56 44.44 26.06 25.81 776 27.50 22.56 11.13 2.09 4.52 11.69 11.88 2.04 4.23 11.75 11.56 4.47 5.88 10.75 10.88 1.46 2.09 10.75 11.06 1.06
11.02.2004 23:21:07 73.44 71.50 59.56 44.38 26.06 25.81 776 27.50 22.56 11.19 2.09 4.52 11.69 11.88 2.04 4.23 11.75 11.56 4.47 5.83 10.75 10.88 1.41 2.09 10.75 11.06 1.13
11.02.2004 23:22:07 73.44 71.50 59.50 44.38 26.00 25.81 775 27.56 22.56 11.13 2.09 4.52 11.69 11.88 2.04 4.18 11.75 11.56 4.47 5.83 10.75 10.88 1.41 2.04 10.75 11.06 1.13
11.02.2004 23:23:07 73.44 71.44 59.50 44.38 26.06 25.81 775 27.50 22.56 11.19 2.09 4.52 11.69 11.88 1.99 4.18 11.75 11.56 4.47 5.83 10.75 10.88 1.41 2.04 10.75 11.06 1.06
11.02.2004 23:24:07 73.44 71.50 59.50 44.38 26.06 25.81 775 27.50 22.56 11.19 2.09 4.52 11.69 11.88 1.99 4.18 11.75 11.56 4.47 5.83 10.75 10.88 1.41 2.04 10.75 11.06 1.00
11.02.2004 23:25:08 73.44 71.44 59.50 44.38 26.06 25.81 775 27.50 22.56 11.19 2.09 4.52 11.69 11.88 1.99 4.18 11.75 11.56 4.47 5.83 10.69 10.88 1.41 2.04 10.75 11.06 1.00
11.02.2004 23:26:07 73.44 71.44 59.50 44.38 26.00 25.81 775 27.50 22.56 11.13 2.09 4.52 11.69 11.88 1.99 4.18 11.75 11.56 4.47 5.83 10.75 10.88 1.41 2.04 10.75 11.06 1.00
11.02.2004 23:27:07 73.44 71.44 59.50 44.38 26.06 25.81 775 27.50 22.56 11.19 2.09 4.52 11.69 11.88 1.99 4.18 11.75 11.56 4.47 5.83 10.75 10.88 1.41 2.04 10.75 11.06 1.00
11.02.2004 23:28:07 73.44 71.44 59.50 44.38 26.06 25.81 775 27.50 22.56 11.19 2.09 4.52 11.69 11.88 1.94 4.18 11.75 11.56 4.47 5.83 10.69 10.94 1.41 2.04 10.75 11.06 1.00
11.02.2004 23:29:07 73.44 71.44 59.50 44.38 26.06 25.81 775 27.50 22.56 11.19 2.09 4.47 11.69 11.88 1.94 4.18 11.75 11.56 4.47 5.83 10.75 10.88 1.36 2.04 10.75 11.06 1.00
11.02.2004 23:30:07 73.44 71.44 59.50 44.38 26.00 25.81 775 27.50 22.56 11.13 2.04 4.47 11.69 11.88 1.94 4.18 11.75 11.56 4.42 5.83 10.75 10.88 1.41 2.04 10.75 11.06 1.00
11.02.2004 23:31:07 73.44 71.44 59.44 44.38 26.06 25.81 775 27.50 22.56 11.13 2.04 4.47 11.69 11.88 1.94 4.18 11.75 11.56 4.47 5.83 10.75 10.88 1.36 2.04 10.75 11.06 1.00
11.02.2004 23:32:07 73.44 71.44 59.44 44.38 26.06 25.81 775 27.50 22.56 11.13 2.04 4.47 11.69 11.88 1.94 4.18 11.75 11.56 4.42 5.83 10.75 10.88 1.36 2.04 10.75 11.06 0.94
11.02.2004 23:33:07 73.44 71.44 59.44 44.38 26.06 25.81 775 27.50 22.56 11.19 2.04 4.47 11.69 11.88 1.94 4.18 11.75 11.56 4.42 5.83 10.75 10.88 1.36 2.04 10.75 11.06 0.94
11.02.2004 23:34:07 73.44 71.44 59.44 44.38 26.06 25.81 775 27.50 22.56 11.13 2.04 4.47 11.69 11.88 1.94 4.18 11.75 11.56 4.42 5.83 10.75 10.88 1.36 2.04 10.75 11.06 0.94
11.02.2004 23:35:07 73.44 71.44 59.44 44.38 26.06 25.81 775 27.50 22.56 11.19 2.04 4.47 11.69 11.88 1.94 4.18 11.69 11.56 4.42 5.83 10.75 10.88 1.36 2.04 10.75 11.06 0.94
11.02.2004 23:36:07 73.44 71.44 59.44 44.38 26.00 25.81 775 27.50 22.56 11.19 2.04 4.47 11.69 11.88 1.90 4.13 11.75 11.56 4.42 5.83 10.75 10.88 1.36 1.99 10.75 11.06 0.94
11.02.2004 23:37:07 73.44 71.44 59.44 44.38 26.06 25.81 775 27.50 22.56 11.19 2.04 4.42 11.69 11.88 1.90 4.13 11.69 11.56 4.42 5.83 10.75 10.88 1.36 1.99 10.75 11.06 0.94
11.02.2004 23:38:07 73.44 71.44 59.44 44.38 26.06 25.81 775 27.50 22.56 11.13 2.04 4.42 11.69 11.88 1.90 4.13 11.69 11.56 4.42 5.83 10.75 10.88 1.36 1.99 10.75 11.06 0.94
11.02.2004 23:39:07 73.44 71.44 59.44 44.38 26.06 25.81 775 27.50 22.50 11.13 1.99 4.42 11.69 11.88 1.90 4.13 11.75 11.56 4.42 5.83 10.75 10.88 1.31 1.99 10.75 11.06 0.94
11.02.2004 23:40:07 73.44 71.44 59.44 44.38 26.06 25.81 775 27.50 22.56 11.13 2.04 4.42 11.69 11.88 1.90 4.13 11.75 11.56 4.42 5.83 10.69 10.88 1.31 1.99 10.75 11.06 0.94
11.02.2004 23:41:07 73.44 71.44 59.38 44.38 26.00 25.81 774 27.50 22.50 11.13 1.99 4.42 11.69 11.88 1.90 4.13 11.75 11.56 4.42 5.83 10.75 10.88 1.31 1.99 10.75 11.06 0.94
11.02.2004 23:42:07 73.44 71.44 59.38 44.31 26.06 25.81 774 27.50 22.50 11.13 1.99 4.42 11.69 11.88 1.90 4.13 11.75 11.56 4.42 5.83 10.75 10.88 1.31 1.99 10.75 11.06 0.94
11.02.2004 23:43:07 73.44 71.44 59.38 44.38 26.06 25.81 774 27.50 22.50 11.13 1.99 4.42 11.69 11.88 1.85 4.13 11.75 11.56 4.37 5.78 10.69 10.88 1.31 1.99 10.75 11.06 0.94
11.02.2004 23:44:07 73.38 71.44 59.38 44.38 26.00 25.81 774 27.50 22.56 11.13 1.99 4.42 11.69 11.88 1.85 4.13 11.75 11.56 4.37 5.78 10.75 10.94 1.31 1.99 10.75 11.06 0.88
11.02.2004 23:45:07 73.44 71.38 59.38 44.31 26.00 25.81 774 27.50 22.56 11.13 1.99 4.42 11.69 11.88 1.85 4.13 11.75 11.56 4.37 5.78 10.69 10.88 1.31 1.99 10.75 11.06 0.94
11.02.2004 23:46:07 73.44 71.38 59.38 44.38 26.06 25.81 774 27.50 22.50 11.13 1.99 4.42 11.69 11.88 1.85 4.08 11.75 11.56 4.37 5.78 10.69 10.94 1.26 1.99 10.75 11.06 0.94
11.02.2004 23:47:07 73.44 71.38 59.38 44.31 26.00 25.81 774 27.50 22.56 11.13 1.99 4.42 11.69 11.88 1.85 4.08 11.69 11.56 4.37 5.78 10.75 10.88 1.31 1.99 10.75 11.06 0.94
11.02.2004 23:48:07 73.44 71.38 59.38 44.31 26.06 25.81 774 27.50 22.50 11.13 1.94 4.37 11.69 11.88 1.85 4.08 11.75 11.56 4.37 5.78 10.75 10.88 1.26 1.94 10.75 11.06 0.94
11.02.2004 23:49:07 73.38 71.38 59.38 44.31 26.06 25.81 773 27.50 22.50 11.13 1.94 4.37 11.69 11.88 1.80 4.08 11.69 11.56 4.37 5.78 10.69 10.88 1.26 1.99 10.75 11.06 0.94
11.02.2004 23:50:07 73.44 71.38 59.31 44.38 26.00 25.81 774 27.50 22.50 11.13 1.94 4.37 11.69 11.88 1.80 4.08 11.69 11.50 4.37 5.78 10.69 10.88 1.26 1.94 10.75 11.06 1.00
11.02.2004 23:51:07 73.38 71.38 59.31 44.31 26.06 25.81 773 27.50 22.50 11.13 1.94 4.37 11.69 11.88 1.80 4.08 11.69 11.56 4.37 5.78 10.75 10.94 1.26 1.94 10.75 11.06 0.94
11.02.2004 23:52:07 73.38 71.38 59.31 44.31 26.00 25.81 773 27.56 22.50 11.13 1.94 4.37 11.69 11.88 1.80 4.08 11.75 11.56 4.37 5.78 10.75 10.88 1.26 1.94 10.75 11.06 0.94
11.02.2004 23:53:07 73.44 71.38 59.31 44.31 26.06 25.81 773 27.50 22.50 11.13 1.94 4.37 11.69 11.88 1.80 4.08 11.69 11.56 4.37 5.78 10.75 10.88 1.26 1.94 10.75 11.06 0.94
11.02.2004 23:54:07 73.44 71.38 59.31 44.31 26.00 25.81 773 27.56 22.50 11.13 1.94 4.37 11.69 11.88 1.80 4.08 11.69 11.56 4.37 5.78 10.69 10.88 1.26 1.94 10.75 11.06 0.94
11.02.2004 23:55:07 73.38 71.38 59.31 44.31 26.00 25.81 773 27.56 22.50 11.13 1.94 4.37 11.69 11.88 1.80 4.08 11.69 11.56 4.37 5.78 10.75 10.88 1.22 1.94 10.75 11.06 0.94
11.02.2004 23:56:07 73.38 71.38 59.31 44.31 26.00 25.81 773 27.50 22.50 11.13 1.94 4.37 11.69 11.88 1.80 4.03 11.69 11.56 4.37 5.78 10.75 10.88 1.22 1.94 10.75 11.06 0.94
11.02.2004 23:57:07 73.38 71.38 59.25 44.31 26.06 25.81 773 27.56 22.50 11.13 1.94 4.37 11.69 11.88 1.75 4.03 11.69 11.50 4.37 5.78 10.75 10.88 1.22 1.94 10.75 11.06 0.94
11.02.2004 23:58:07 73.38 71.38 59.31 44.31 26.00 25.81 773 27.56 22.50 11.13 1.90 4.37 11.69 11.88 1.75 4.03 11.69 11.56 4.37 5.78 10.69 10.94 1.22 1.94 10.75 11.06 0.94
11.02.2004 23:59:08 73.38 71.38 59.31 44.31 26.00 25.81 773 27.56 22.50 11.13 1.90 4.37 11.69 11.88 1.75 4.03 11.69 11.56 4.37 5.78 10.69 10.88 1.22 1.94 10.75 11.06 0.94
