14.04.2004 22:04:01 67.88 66.69 64.81 62.50 49.13 35.31 815 28.94 33.25 17.94 10.34 17.97 26.81 26.31 9.18 18.16 26.44 27.50 12.72 19.20 25.75 26.75 10.15 15.84 26.31 26.25 8.50
14.04.2004 22:05:01 67.88 66.69 64.81 62.44 49.13 35.31 815 28.94 33.31 17.88 10.30 17.92 26.75 26.31 9.13 18.07 26.38 27.44 12.67 19.15 25.75 26.75 10.10 15.74 26.25 26.25 8.44
14.04.2004 22:06:01 67.88 66.69 64.81 62.44 49.13 35.31 815 28.94 33.25 17.88 10.25 17.82 26.75 26.25 9.08 18.02 26.38 27.44 12.63 19.10 25.69 26.69 10.05 15.69 26.25 26.19 8.19
14.04.2004 22:07:01 67.88 66.69 64.81 62.44 49.06 35.25 815 28.94 33.25 17.81 10.20 17.77 26.75 26.25 9.03 17.92 26.31 27.38 12.58 19.05 25.63 26.69 10.05 15.64 26.19 26.13 8.13
14.04.2004 22:08:01 67.88 66.69 64.81 62.44 49.13 35.25 815 28.94 33.25 17.81 10.15 17.72 26.69 26.19 8.98 17.87 26.25 27.38 12.53 19.01 25.63 26.63 9.96 15.54 26.13 26.13 8.00
14.04.2004 22:09:01 67.88 66.69 64.81 62.44 49.13 35.25 815 28.94 33.25 17.81 10.10 17.62 26.69 26.19 8.98 17.82 26.25 27.31 12.53 18.96 25.56 26.63 9.96 15.49 26.13 26.06 8.00
14.04.2004 22:10:01 67.88 66.69 64.81 62.44 49.13 35.25 815 28.94 33.25 17.75 10.10 17.57 26.63 26.13 8.94 17.72 26.19 27.25 12.48 18.91 25.50 26.56 9.91 15.44 26.06 26.06 7.94
14.04.2004 22:11:01 67.88 66.69 64.81 62.44 49.06 35.19 815 28.94 33.25 17.69 10.05 17.52 26.63 26.13 8.89 17.67 26.13 27.25 12.48 18.86 25.50 26.50 9.86 15.39 26.06 26.00 7.94
14.04.2004 22:12:01 67.88 66.69 64.81 62.44 49.06 35.19 815 28.94 33.25 17.69 9.96 17.42 26.56 26.13 8.84 17.62 26.13 27.19 12.48 18.81 25.44 26.50 9.81 15.29 26.00 26.00 8.06
14.04.2004 22:13:01 67.88 66.69 64.81 62.44 49.06 35.19 815 28.94 33.25 17.63 9.91 17.37 26.56 26.06 8.79 17.52 26.06 27.19 12.43 18.76 25.38 26.44 9.76 15.24 26.00 25.94 8.00
14.04.2004 22:14:01 67.88 66.69 64.81 62.44 49.13 35.19 815 28.94 33.19 17.63 9.86 17.32 26.50 26.00 8.74 17.47 26.06 27.13 12.38 18.71 25.38 26.44 9.71 15.20 25.88 25.94 8.06
14.04.2004 22:15:01 67.88 66.69 64.81 62.44 49.06 35.25 815 28.94 33.19 17.56 9.81 17.22 26.50 26.00 8.69 17.42 26.00 27.06 12.38 18.66 25.31 26.38 9.66 15.15 25.88 25.88 8.25
14.04.2004 22:16:01 67.88 66.69 64.81 62.44 49.13 35.19 815 28.94 33.19 17.56 9.81 17.17 26.44 25.94 8.64 17.32 26.00 27.06 12.33 18.61 25.25 26.38 9.62 15.05 25.88 25.88 8.38
14.04.2004 22:17:01 67.88 66.69 64.81 62.44 49.06 35.19 815 28.94 33.19 17.50 9.76 17.12 26.44 25.94 8.60 17.27 25.94 27.00 12.33 18.56 25.25 26.31 9.57 15.00 25.81 25.81 8.31
14.04.2004 22:18:01 67.88 66.69 64.81 62.44 49.06 35.19 815 28.94 33.19 17.50 9.71 17.08 26.38 25.88 8.60 17.22 25.88 27.00 12.29 18.51 25.19 26.25 9.52 14.95 25.75 25.81 8.31
14.04.2004 22:19:01 67.88 66.69 64.81 62.44 49.06 35.19 815 28.94 33.19 17.50 9.66 17.03 26.31 25.81 8.55 17.17 25.88 26.94 12.29 18.46 25.19 26.25 9.47 14.90 25.75 25.75 8.31
14.04.2004 22:20:01 67.88 66.69 64.81 62.44 49.06 35.19 815 28.94 33.13 17.44 9.62 16.98 26.31 25.81 8.55 17.12 25.81 26.88 12.24 18.41 25.13 26.19 9.47 14.85 25.75 25.75 8.38
14.04.2004 22:21:01 67.88 66.69 64.81 62.44 49.06 35.19 815 28.94 33.13 17.44 9.62 16.88 26.31 25.75 8.55 17.03 25.75 26.88 12.19 18.36 25.06 26.19 9.42 14.75 25.69 25.69 8.31
14.04.2004 22:22:01 67.88 66.69 64.81 62.44 49.06 35.19 815 28.94 33.13 17.38 9.57 16.83 26.25 25.75 8.55 16.98 25.69 26.81 12.14 18.31 25.00 26.13 9.37 14.70 25.63 25.69 8.44
14.04.2004 22:23:01 67.88 66.69 64.81 62.44 49.06 35.13 815 28.94 33.13 17.38 9.52 16.78 26.25 25.75 8.50 16.93 25.69 26.81 12.14 18.31 25.00 26.13 9.37 14.65 25.63 25.63 8.56
14.04.2004 22:24:01 67.88 66.69 64.81 62.44 49.06 35.19 815 28.94 33.13 17.31 9.52 16.73 26.19 25.75 8.50 16.88 25.63 26.75 12.09 18.26 24.94 26.06 9.32 14.60 25.56 25.56 8.44
14.04.2004 22:25:01 67.88 66.63 64.81 62.44 49.06 35.13 814 28.94 33.13 17.31 9.47 16.68 26.19 25.69 8.45 16.83 25.63 26.75 12.04 18.21 24.88 26.00 9.28 14.55 25.56 25.56 8.13
14.04.2004 22:26:01 67.88 66.63 64.81 62.44 49.06 35.13 814 28.94 33.13 17.31 9.42 16.63 26.13 25.69 8.40 16.73 25.56 26.69 11.99 18.16 24.81 26.00 9.23 14.50 25.50 25.50 8.00
14.04.2004 22:27:01 67.88 66.69 64.81 62.44 49.06 35.13 815 28.94 33.13 17.25 9.37 16.58 26.13 25.69 8.35 16.68 25.56 26.69 11.95 18.11 24.81 25.94 9.23 14.45 25.50 25.50 7.69
14.04.2004 22:28:01 67.88 66.69 64.81 62.44 49.06 35.13 815 28.94 33.13 17.25 9.37 16.53 26.06 25.63 8.30 16.63 25.56 26.63 11.90 18.07 24.81 25.94 9.18 14.40 25.44 25.44 7.50
14.04.2004 22:29:01 67.88 66.69 64.81 62.44 49.06 35.13 815 28.94 33.06 17.19 9.32 16.48 26.06 25.69 8.26 16.58 25.56 26.63 11.85 18.02 24.75 25.88 9.13 14.30 25.38 25.44 7.50
14.04.2004 22:30:01 67.88 66.69 64.81 62.44 49.06 35.06 815 28.94 33.06 17.19 9.23 16.43 26.00 25.63 8.21 16.53 25.56 26.56 11.80 17.97 24.75 25.88 9.08 14.25 25.38 25.38 7.56
14.04.2004 22:31:01 67.88 66.69 64.81 62.44 49.06 35.06 815 28.94 33.06 17.19 9.18 16.33 26.00 25.63 8.16 16.48 25.50 26.50 11.75 17.92 24.75 25.88 9.03 14.21 25.38 25.38 7.69
14.04.2004 22:32:01 67.88 66.69 64.81 62.44 49.06 35.00 814 28.94 33.06 17.13 9.13 16.28 25.94 25.63 8.11 16.38 25.50 26.50 11.70 17.87 24.75 25.81 8.98 14.16 25.31 25.31 7.69
14.04.2004 22:33:01 67.88 66.69 64.81 62.44 49.06 35.00 814 28.94 33.06 17.13 9.08 16.23 25.94 25.63 8.06 16.33 25.50 26.44 11.65 17.82 24.69 25.81 8.94 14.11 25.31 25.31 7.75
14.04.2004 22:34:01 67.88 66.69 64.81 62.44 49.06 35.06 815 28.94 33.06 17.06 9.03 16.18 25.88 25.56 8.01 16.28 25.44 26.44 11.56 17.82 24.69 25.75 8.89 14.06 25.25 25.25 7.69
14.04.2004 22:35:01 67.88 66.63 64.81 62.44 49.06 35.06 814 28.94 33.06 17.06 8.98 16.09 25.88 25.56 7.96 16.23 25.44 26.38 11.51 17.77 24.63 25.75 8.84 13.96 25.25 25.25 7.69
14.04.2004 22:36:01 67.88 66.63 64.75 62.44 49.06 35.06 814 28.94 33.06 17.00 8.89 16.04 25.81 25.56 7.92 16.14 25.44 26.38 11.46 17.72 24.63 25.69 8.79 13.91 25.19 25.25 7.75
14.04.2004 22:37:01 67.88 66.69 64.81 62.44 49.06 35.06 815 28.94 33.00 17.00 8.84 15.99 25.81 25.56 7.82 16.09 25.44 26.31 11.41 17.67 24.63 25.63 8.69 13.86 25.19 25.19 7.69
14.04.2004 22:38:01 67.88 66.69 64.81 62.44 49.06 35.00 814 28.94 33.06 17.00 8.79 15.94 25.75 25.50 7.77 16.04 25.38 26.31 11.36 17.62 24.56 25.63 8.64 13.81 25.13 25.19 7.63
14.04.2004 22:39:01 67.88 66.69 64.81 62.44 49.06 35.00 814 28.94 33.00 16.94 8.69 15.89 25.75 25.50 7.67 15.99 25.31 26.25 11.36 17.57 24.56 25.63 8.60 13.76 25.13 25.13 7.69
14.04.2004 22:40:01 67.88 66.63 64.81 62.44 49.00 35.00 814 28.94 33.00 16.94 8.64 15.79 25.75 25.44 7.62 15.94 25.31 26.25 11.31 17.52 24.56 25.56 8.55 13.71 25.13 25.13 7.69
14.04.2004 22:41:01 67.88 66.63 64.81 62.44 49.06 35.00 814 28.94 33.00 16.94 8.60 15.74 25.69 25.44 7.58 15.89 25.25 26.25 11.27 17.47 24.50 25.56 8.50 13.61 25.06 25.06 7.69
14.04.2004 22:42:01 67.88 66.63 64.81 62.44 49.06 35.00 814 28.94 33.00 16.88 8.50 15.69 25.69 25.38 7.48 15.84 25.19 26.19 11.22 17.42 24.44 25.50 8.40 13.56 25.00 25.06 7.63
14.04.2004 22:43:01 67.88 66.63 64.75 62.44 49.06 35.00 814 28.94 33.00 16.88 8.45 15.64 25.63 25.38 7.43 15.74 25.19 26.13 11.17 17.37 24.38 25.44 8.35 13.51 25.00 25.00 7.50
14.04.2004 22:44:01 67.88 66.69 64.81 62.44 49.06 35.00 814 28.94 32.94 16.81 8.40 15.59 25.56 25.38 7.38 15.69 25.13 26.06 11.12 17.32 24.31 25.44 8.30 13.46 24.94 25.00 7.44
14.04.2004 22:45:01 67.88 66.63 64.81 62.44 49.06 35.00 814 28.94 32.94 16.81 8.30 15.54 25.63 25.31 7.28 15.64 25.06 26.06 11.07 17.27 24.31 25.44 8.26 13.41 24.94 24.94 7.38
14.04.2004 22:46:01 67.88 66.63 64.75 62.44 49.06 35.00 814 28.94 32.94 16.81 8.26 15.44 25.56 25.25 7.24 15.59 25.06 26.00 11.02 17.27 24.25 25.38 8.21 13.36 24.94 24.94 7.31
14.04.2004 22:47:01 67.88 66.63 64.75 62.44 49.06 34.94 814 28.94 32.94 16.81 8.21 15.39 25.56 25.25 7.14 15.54 25.06 26.00 10.97 17.22 24.25 25.38 8.11 13.27 24.88 24.88 7.13
14.04.2004 22:48:01 67.88 66.69 64.75 62.44 49.06 34.94 814 28.94 32.94 16.75 8.11 15.34 25.50 25.25 7.09 15.44 25.00 26.00 10.93 17.12 24.19 25.31 8.06 13.22 24.88 24.88 7.06
14.04.2004 22:49:01 67.88 66.63 64.81 62.44 49.06 34.94 814 28.94 32.94 16.75 8.06 15.29 25.50 25.19 7.04 15.39 24.94 25.94 10.88 17.12 24.19 25.31 8.01 13.17 24.81 24.81 6.94
14.04.2004 22:50:01 67.88 66.63 64.75 62.44 49.06 34.94 814 28.94 32.94 16.75 8.01 15.20 25.44 25.19 6.99 15.34 24.94 25.94 10.83 17.08 24.13 25.25 7.96 13.12 24.81 24.81 6.94
14.04.2004 22:51:01 67.88 66.63 64.75 62.44 49.06 34.94 814 28.94 32.94 16.69 7.96 15.15 25.44 25.13 6.90 15.29 24.94 25.88 10.78 17.03 24.06 25.25 7.92 13.07 24.75 24.75 6.88
14.04.2004 22:52:01 67.88 66.63 64.75 62.44 49.06 34.94 814 28.94 32.94 16.69 7.87 15.10 25.38 25.13 6.85 15.20 24.88 25.88 10.68 16.98 24.06 25.19 7.82 12.97 24.75 24.75 6.81
14.04.2004 22:53:01 67.88 66.63 64.75 62.44 49.06 34.94 814 28.94 32.94 16.69 7.82 15.05 25.38 25.13 6.80 15.15 24.88 25.81 10.64 16.93 24.00 25.19 7.77 12.92 24.75 24.75 6.69
14.04.2004 22:54:01 67.88 66.63 64.75 62.44 49.06 34.88 814 28.94 32.88 16.63 7.77 15.00 25.31 25.06 6.75 15.10 24.81 25.75 10.59 16.88 24.00 25.19 7.72 12.87 24.69 24.69 6.69
14.04.2004 22:55:01 67.88 66.63 64.75 62.44 49.00 34.94 814 28.94 32.88 16.63 7.72 14.90 25.31 25.06 6.70 15.05 24.81 25.75 10.59 16.83 24.00 25.13 7.67 12.82 24.69 24.69 6.75
14.04.2004 22:56:01 67.81 66.63 64.75 62.44 49.06 34.94 813 28.94 32.88 16.63 7.67 14.85 25.31 25.00 6.65 15.00 24.75 25.75 10.54 16.78 23.94 25.13 7.62 12.77 24.69 24.63 6.63
14.04.2004 22:57:01 67.88 66.63 64.81 62.44 49.06 34.94 814 28.94 32.88 16.56 7.58 14.80 25.25 25.00 6.56 14.95 24.75 25.69 10.49 16.73 23.88 25.06 7.58 12.72 24.63 24.63 6.63
14.04.2004 22:58:01 67.88 66.63 64.75 62.44 49.00 34.94 814 28.94 32.88 16.56 7.53 14.75 25.25 24.94 6.51 14.85 24.69 25.63 10.39 16.73 23.88 25.06 7.53 12.67 24.56 24.63 6.44
14.04.2004 22:59:01 67.88 66.63 64.81 62.44 49.06 34.88 814 28.88 32.88 16.56 7.48 14.70 25.19 24.94 6.46 14.80 24.69 25.63 10.34 16.63 23.81 25.00 7.48 12.58 24.56 24.56 6.38
14.04.2004 23:00:01 67.88 66.63 64.75 62.44 49.00 34.88 814 28.94 32.88 16.50 7.43 14.60 25.19 24.94 6.46 14.75 24.63 25.63 10.30 16.63 23.81 25.00 7.43 12.53 24.56 24.56 6.38
14.04.2004 23:01:01 67.88 66.63 64.81 62.44 49.06 34.88 814 28.94 32.88 16.50 7.38 14.55 25.19 24.88 6.36 14.70 24.63 25.56 10.30 16.58 23.75 24.94 7.38 12.48 24.50 24.50 6.44
14.04.2004 23:02:01 67.81 66.63 64.75 62.44 49.00 34.88 813 28.94 32.88 16.50 7.28 14.50 25.13 24.88 6.31 14.65 24.56 25.50 10.25 16.53 23.75 24.94 7.33 12.43 24.50 24.50 6.44
14.04.2004 23:03:01 67.88 66.63 64.75 62.44 49.00 34.88 814 28.94 32.81 16.44 7.24 14.45 25.13 24.81 6.27 14.55 24.56 25.50 10.20 16.48 23.69 24.94 7.28 12.38 24.44 24.44 6.38
14.04.2004 23:04:01 67.81 66.63 64.75 62.44 49.00 34.88 813 28.94 32.81 16.44 7.19 14.40 25.06 24.81 6.22 14.50 24.56 25.50 10.15 16.43 23.69 24.88 7.24 12.33 24.44 24.44 6.44
14.04.2004 23:05:01 67.88 66.63 64.81 62.44 49.06 34.88 814 28.94 32.81 16.44 7.14 14.35 25.06 24.81 6.17 14.45 24.50 25.44 10.15 16.38 23.63 24.81 7.19 12.29 24.38 24.38 6.50
14.04.2004 23:06:01 67.88 66.63 64.75 62.44 49.00 34.81 813 28.94 32.81 16.38 7.09 14.30 25.06 24.75 6.12 14.40 24.50 25.44 10.10 16.33 23.63 24.81 7.14 12.19 24.38 24.38 6.56
14.04.2004 23:07:01 67.81 66.63 64.75 62.44 49.00 34.81 813 28.94 32.81 16.38 7.04 14.25 25.00 24.75 6.02 14.35 24.44 25.38 10.05 16.33 23.56 24.81 7.09 12.14 24.38 24.31 6.50
14.04.2004 23:08:01 67.81 66.63 64.75 62.44 49.00 34.81 813 28.94 32.81 16.38 6.99 14.21 25.00 24.69 5.97 14.30 24.44 25.38 10.05 16.28 23.56 24.75 7.04 12.09 24.31 24.31 6.38
14.04.2004 23:09:01 67.88 66.63 64.75 62.44 49.06 34.81 814 28.94 32.81 16.38 6.94 14.16 24.94 24.69 5.93 14.25 24.38 25.31 10.05 16.23 23.50 24.75 6.99 12.04 24.31 24.31 6.31
14.04.2004 23:10:01 67.88 66.63 64.81 62.44 49.06 34.81 814 28.94 32.81 16.31 6.90 14.11 24.94 24.69 5.88 14.16 24.31 25.31 10.00 16.18 23.50 24.69 6.94 11.99 24.25 24.25 6.31
14.04.2004 23:11:01 67.81 66.63 64.75 62.44 49.00 34.81 813 28.94 32.75 16.31 6.85 14.01 24.88 24.63 5.83 14.16 24.31 25.25 9.96 16.14 23.44 24.69 6.90 11.95 24.25 24.25 6.25
14.04.2004 23:12:01 67.81 66.63 64.75 62.44 49.00 34.81 813 28.94 32.75 16.31 6.80 14.01 24.88 24.63 5.78 14.06 24.31 25.25 9.96 16.09 23.44 24.69 6.85 11.90 24.19 24.19 6.13
14.04.2004 23:13:01 67.81 66.63 64.75 62.44 49.00 34.81 813 28.94 32.75 16.25 6.75 13.91 24.88 24.63 5.68 14.01 24.25 25.19 9.91 16.04 23.38 24.63 6.80 11.80 24.19 24.19 6.13
14.04.2004 23:14:01 67.81 66.63 64.75 62.44 49.06 34.75 813 28.94 32.75 16.25 6.70 13.86 24.81 24.56 5.68 13.96 24.25 25.19 9.86 16.04 23.38 24.63 6.75 11.75 24.13 24.13 6.13
14.04.2004 23:15:01 67.81 66.63 64.75 62.44 49.00 34.75 813 28.94 32.75 16.25 6.65 13.81 24.81 24.56 5.63 13.91 24.19 25.13 9.81 15.99 23.31 24.56 6.70 11.70 24.13 24.13 6.06
14.04.2004 23:16:01 67.81 66.63 64.75 62.44 49.06 34.75 813 28.94 32.75 16.25 6.60 13.76 24.75 24.50 5.59 13.86 24.19 25.13 9.76 15.94 23.31 24.56 6.65 11.65 24.13 24.06 6.13
14.04.2004 23:17:01 67.81 66.63 64.81 62.44 49.06 34.75 813 28.94 32.75 16.19 6.56 13.71 24.75 24.50 5.54 13.81 24.13 25.13 9.71 15.89 23.25 24.50 6.56 11.61 24.06 24.06 6.00
14.04.2004 23:18:01 67.81 66.63 64.75 62.44 49.00 34.75 813 28.94 32.75 16.19 6.51 13.66 24.75 24.50 5.54 13.76 24.13 25.06 9.66 15.84 23.25 24.50 6.56 11.56 24.06 24.06 6.00
14.04.2004 23:19:01 67.81 66.63 64.81 62.44 49.00 34.69 813 28.94 32.75 16.19 6.46 13.61 24.69 24.44 5.49 13.71 24.13 25.00 9.66 15.84 23.19 24.50 6.51 11.51 24.00 24.00 6.00
14.04.2004 23:20:01 67.81 66.63 64.75 62.38 49.06 34.75 813 28.94 32.69 16.19 6.41 13.56 24.69 24.44 5.44 13.61 24.06 25.00 9.62 15.79 23.19 24.44 6.46 11.46 24.00 24.00 5.94
14.04.2004 23:21:01 67.81 66.63 64.75 62.38 49.00 34.75 813 28.94 32.75 16.13 6.36 13.51 24.63 24.44 5.39 13.56 24.06 25.00 9.57 15.74 23.13 24.44 6.41 11.41 24.00 24.00 5.94
14.04.2004 23:22:01 67.81 66.63 64.81 62.44 49.00 34.69 813 28.94 32.69 16.13 6.31 13.46 24.63 24.38 5.39 13.51 24.06 24.94 9.52 15.69 23.13 24.38 6.36 11.36 23.94 24.00 5.94
14.04.2004 23:23:01 67.81 66.63 64.75 62.44 49.00 34.69 813 28.94 32.69 16.13 6.27 13.41 24.56 24.38 5.34 13.46 24.00 24.94 9.52 15.69 23.13 24.38 6.36 11.27 23.94 24.00 6.06
14.04.2004 23:24:01 67.81 66.63 64.75 62.38 49.06 34.69 813 28.94 32.69 16.06 6.22 13.36 24.56 24.31 5.29 13.41 24.00 24.88 9.47 15.64 23.06 24.38 6.31 11.22 23.88 23.94 6.06
14.04.2004 23:25:01 67.81 66.63 64.75 62.44 49.00 34.69 813 28.94 32.69 16.06 6.17 13.31 24.56 24.31 5.25 13.36 23.94 24.88 9.47 15.59 23.00 24.31 6.27 11.22 23.88 23.94 6.06
14.04.2004 23:26:01 67.81 66.63 64.75 62.44 49.00 34.69 813 28.94 32.69 16.06 6.17 13.27 24.50 24.31 5.25 13.31 23.94 24.81 9.42 15.54 23.00 24.31 6.22 11.12 23.88 23.88 6.06
14.04.2004 23:27:01 67.81 66.63 64.75 62.44 49.00 34.69 813 28.94 32.69 16.06 6.12 13.22 24.50 24.31 5.20 13.27 23.88 24.81 9.42 15.49 23.00 24.25 6.17 11.07 23.81 23.88 6.06
14.04.2004 23:28:01 67.81 66.63 64.75 62.38 49.00 34.69 813 28.94 32.69 16.00 6.07 13.17 24.50 24.25 5.15 13.22 23.88 24.75 9.37 15.49 22.94 24.25 6.17 11.02 23.81 23.81 6.00
14.04.2004 23:29:01 67.81 66.63 64.75 62.38 49.00 34.63 813 28.94 32.69 16.00 6.02 13.12 24.44 24.25 5.15 13.17 23.81 24.75 9.32 15.44 22.94 24.25 6.12 10.97 23.81 23.81 5.88
14.04.2004 23:30:01 67.81 66.63 64.75 62.38 49.00 34.63 813 28.94 32.63 16.00 5.97 13.07 24.44 24.19 5.10 13.12 23.81 24.75 9.32 15.39 22.88 24.19 6.07 10.93 23.75 23.81 5.69
14.04.2004 23:31:01 67.81 66.63 64.75 62.38 49.00 34.63 813 28.94 32.63 16.00 5.97 13.02 24.38 24.19 5.05 13.07 23.81 24.69 9.28 15.34 22.88 24.19 6.02 10.88 23.75 23.75 5.56
14.04.2004 23:32:01 67.81 66.63 64.75 62.38 49.00 34.63 813 28.94 32.63 15.94 5.93 12.97 24.38 24.19 5.00 13.02 23.75 24.69 9.23 15.34 22.88 24.13 5.97 10.83 23.69 23.75 5.56
14.04.2004 23:33:01 67.81 66.63 64.75 62.44 49.06 34.63 813 28.94 32.63 15.94 5.88 12.92 24.38 24.19 5.00 12.97 23.75 24.63 9.18 15.29 22.81 24.13 5.93 10.78 23.69 23.69 5.44
14.04.2004 23:34:01 67.81 66.63 64.75 62.38 49.00 34.63 813 28.94 32.63 15.94 5.83 12.87 24.31 24.13 4.95 12.92 23.69 24.63 9.18 15.24 22.81 24.13 5.88 10.73 23.63 23.69 5.50
14.04.2004 23:35:01 67.81 66.63 64.75 62.44 49.00 34.63 813 28.94 32.63 15.94 5.78 12.82 24.31 24.13 4.91 12.87 23.69 24.56 9.13 15.20 22.75 24.06 5.83 10.68 23.63 23.69 5.56
14.04.2004 23:36:01 67.81 66.63 64.75 62.38 49.00 34.63 813 28.94 32.63 15.94 5.73 12.77 24.25 24.13 4.91 12.82 23.69 24.56 9.08 15.20 22.75 24.06 5.83 10.64 23.56 23.63 5.63
14.04.2004 23:37:01 67.81 66.63 64.75 62.38 49.00 34.63 813 28.94 32.56 15.88 5.73 12.72 24.25 24.06 4.86 12.77 23.63 24.56 9.08 15.15 22.69 24.00 5.78 10.59 23.56 23.63 5.63
14.04.2004 23:38:01 67.81 66.63 64.75 62.38 49.00 34.63 813 28.94 32.63 15.88 5.73 12.67 24.25 24.06 4.81 12.72 23.63 24.50 9.03 15.10 22.69 24.00 5.73 10.54 23.56 23.63 5.56
14.04.2004 23:39:01 67.81 66.56 64.75 62.38 49.00 34.63 812 28.94 32.56 15.88 5.68 12.63 24.19 24.00 4.81 12.67 23.63 24.50 9.03 15.05 22.69 24.00 5.68 10.49 23.56 23.56 5.56
14.04.2004 23:40:01 67.81 66.63 64.75 62.44 49.00 34.56 813 28.94 32.56 15.88 5.63 12.63 24.19 24.00 4.76 12.63 23.56 24.44 8.98 15.05 22.63 23.94 5.68 10.49 23.50 23.56 5.81
14.04.2004 23:41:01 67.81 66.63 64.75 62.38 49.06 34.56 813 28.94 32.56 15.81 5.63 12.58 24.19 24.00 4.76 12.58 23.56 24.44 8.98 15.00 22.63 23.94 5.63 10.39 23.50 23.56 6.13
14.04.2004 23:42:01 67.81 66.56 64.75 62.38 49.00 34.56 812 28.94 32.56 15.81 5.59 12.53 24.13 23.94 4.71 12.53 23.50 24.38 8.98 14.95 22.56 23.94 5.63 10.39 23.44 23.50 6.31
14.04.2004 23:43:01 67.81 66.63 64.75 62.38 49.00 34.56 812 28.94 32.56 15.81 5.59 12.48 24.13 23.94 4.71 12.48 23.50 24.38 8.94 14.95 22.56 23.88 5.59 10.30 23.44 23.50 6.31
14.04.2004 23:44:01 67.81 66.63 64.75 62.38 49.00 34.56 812 28.88 32.56 15.81 5.59 12.43 24.13 23.94 4.66 12.43 23.50 24.38 8.94 14.90 22.50 23.88 5.54 10.30 23.38 23.44 5.94
14.04.2004 23:45:01 67.81 66.63 64.75 62.38 49.00 34.56 812 28.94 32.50 15.81 5.54 12.38 24.06 23.88 4.61 12.38 23.44 24.31 8.89 14.85 22.50 23.88 5.49 10.25 23.38 23.44 5.44
14.04.2004 23:46:01 67.81 66.63 64.75 62.38 49.00 34.56 812 28.94 32.50 15.75 5.49 12.33 24.06 23.88 4.61 12.33 23.44 24.31 8.89 14.80 22.50 23.81 5.49 10.20 23.38 23.38 5.38
14.04.2004 23:47:01 67.81 66.63 64.75 62.38 49.00 34.56 812 28.94 32.50 15.75 5.44 12.29 24.06 23.81 4.57 12.33 23.38 24.25 8.84 14.80 22.44 23.75 5.44 10.15 23.31 23.38 5.44
14.04.2004 23:48:01 67.81 66.63 64.75 62.38 49.00 34.56 812 28.94 32.50 15.75 5.39 12.29 24.00 23.81 4.57 12.29 23.38 24.25 8.79 14.75 22.44 23.75 5.39 10.10 23.31 23.38 5.56
14.04.2004 23:49:01 67.81 66.63 64.75 62.38 49.00 34.50 812 28.88 32.50 15.75 5.39 12.24 24.00 23.81 4.52 12.24 23.38 24.25 8.79 14.70 22.38 23.75 5.34 10.05 23.25 23.31 5.63
14.04.2004 23:50:01 67.81 66.63 64.75 62.38 49.00 34.50 812 28.88 32.50 15.69 5.34 12.19 23.94 23.81 4.52 12.19 23.38 24.19 8.74 14.70 22.38 23.69 5.34 10.00 23.25 23.31 5.63
14.04.2004 23:51:01 67.81 66.63 64.75 62.38 49.00 34.50 812 28.94 32.44 15.69 5.29 12.14 23.94 23.75 4.47 12.14 23.31 24.19 8.74 14.65 22.38 23.69 5.29 9.96 23.25 23.31 5.75
14.04.2004 23:52:01 67.81 66.63 64.75 62.38 49.00 34.50 812 28.94 32.44 15.69 5.29 12.09 23.94 23.75 4.42 12.09 23.31 24.19 8.74 14.60 22.31 23.69 5.25 9.91 23.25 23.25 5.94
14.04.2004 23:53:01 67.81 66.63 64.75 62.38 49.00 34.50 812 28.94 32.44 15.69 5.25 12.09 23.88 23.75 4.42 12.04 23.25 24.13 8.69 14.60 22.31 23.63 5.20 9.86 23.19 23.25 6.06
14.04.2004 23:54:01 67.81 66.63 64.75 62.38 49.00 34.50 812 28.88 32.44 15.69 5.25 12.04 23.88 23.75 4.42 12.04 23.25 24.13 8.74 14.55 22.25 23.63 5.20 9.81 23.19 23.25 6.19
14.04.2004 23:55:01 67.81 66.63 64.75 62.38 49.00 34.50 812 28.94 32.44 15.69 5.25 11.99 23.88 23.69 4.42 11.99 23.25 24.06 8.69 14.55 22.25 23.56 5.15 9.76 23.13 23.19 6.19
14.04.2004 23:56:01 67.81 66.56 64.75 62.38 49.00 34.50 812 28.94 32.44 15.63 5.20 11.95 23.81 23.69 4.42 11.95 23.19 24.06 8.69 14.50 22.19 23.56 5.15 9.71 23.13 23.19 6.31
14.04.2004 23:57:01 67.81 66.56 64.75 62.38 49.00 34.50 812 28.94 32.44 15.63 5.15 11.95 23.81 23.69 4.42 11.90 23.19 24.00 8.69 14.45 22.19 23.56 5.10 9.71 23.06 23.19 6.00
14.04.2004 23:58:01 67.81 66.63 64.75 62.38 49.00 34.44 812 28.88 32.44 15.63 5.15 11.90 23.75 23.63 4.37 11.85 23.13 24.00 8.64 14.45 22.13 23.50 5.05 9.66 23.06 23.13 5.56
14.04.2004 23:59:02 67.81 66.63 64.75 62.38 49.00 34.44 812 28.94 32.44 15.63 5.10 11.85 23.75 23.63 4.37 11.80 23.13 24.00 8.60 14.40 22.13 23.50 5.00 9.62 23.06 23.13 5.56
