01.02.2004 17:28:06 65.44 62.81 50.38 39.88 26.00 25.13 610 25.75 26.81 15.69 15.10 21.23 24.50 25.69 13.02 20.54 24.63 24.63 14.11 22.62 22.31 21.06 13.36 20.89 22.06 20.81 9.19
01.02.2004 17:29:06 65.44 62.81 50.38 39.88 26.00 25.06 609 25.75 26.75 15.63 14.95 21.13 24.44 25.63 12.87 20.39 24.56 24.56 14.01 22.47 22.25 21.00 13.17 20.69 22.06 20.75 8.94
01.02.2004 17:30:06 65.44 62.75 50.38 39.88 26.00 25.06 609 25.75 26.75 15.63 14.80 21.03 24.38 25.63 12.77 20.29 24.50 24.50 13.96 22.32 22.25 21.00 13.02 20.54 22.00 20.69 8.81
01.02.2004 17:31:06 65.44 62.75 50.38 39.88 26.00 25.06 609 25.75 26.69 15.56 14.70 20.89 24.38 25.63 12.67 20.14 24.44 24.44 13.86 22.22 22.19 20.94 12.92 20.39 21.94 20.69 8.69
01.02.2004 17:32:06 65.44 62.75 50.38 39.88 26.00 25.06 609 25.75 26.69 15.50 14.60 20.84 24.31 25.56 12.58 20.09 24.38 24.38 13.81 22.07 22.13 20.94 12.82 20.29 21.94 20.63 8.63
01.02.2004 17:33:06 65.44 62.75 50.38 39.88 26.00 25.06 609 25.69 26.63 15.50 14.40 20.69 24.25 25.50 12.43 19.95 24.31 24.31 13.66 21.92 22.13 20.88 12.72 20.14 21.88 20.56 8.81
01.02.2004 17:34:06 65.44 62.75 50.38 39.88 26.00 25.06 609 25.75 26.63 15.44 14.25 20.59 24.19 25.44 12.29 19.85 24.19 24.31 13.56 21.83 22.06 20.81 12.58 19.99 21.81 20.50 8.94
01.02.2004 17:35:06 65.44 62.75 50.38 39.88 26.00 25.06 609 25.69 26.56 15.38 14.16 20.49 24.13 25.38 12.19 19.70 24.19 24.25 13.51 21.68 22.00 20.81 12.48 19.85 21.81 20.50 8.94
01.02.2004 17:36:06 65.44 62.75 50.38 39.88 26.00 25.06 609 25.75 26.56 15.38 14.01 20.39 24.13 25.38 12.04 19.65 24.13 24.19 13.41 21.58 22.00 20.75 12.38 19.70 21.81 20.44 8.81
01.02.2004 17:37:06 65.44 62.75 50.38 39.88 26.00 25.06 609 25.69 26.56 15.31 13.91 20.29 24.06 25.25 11.95 19.50 24.06 24.13 13.31 21.43 21.94 20.75 12.24 19.55 21.75 20.44 8.63
01.02.2004 17:38:06 65.44 62.75 50.38 39.88 26.00 25.06 609 25.69 26.50 15.31 13.76 20.19 24.00 25.19 11.85 19.40 24.00 24.13 13.22 21.28 21.94 20.69 12.14 19.45 21.75 20.38 8.75
01.02.2004 17:39:06 65.44 62.75 50.38 39.88 26.00 25.06 609 25.69 26.50 15.25 13.66 20.09 23.94 25.19 11.75 19.30 23.94 24.06 13.17 21.18 21.88 20.69 12.09 19.30 21.69 20.31 8.75
01.02.2004 17:40:06 65.44 62.75 50.38 39.88 26.00 25.06 609 25.69 26.44 15.19 13.51 19.95 23.94 25.13 11.65 19.20 23.88 24.00 13.07 21.03 21.88 20.63 11.95 19.15 21.63 20.31 8.81
01.02.2004 17:41:06 65.44 62.75 50.38 39.88 26.00 25.06 609 25.69 26.44 15.19 13.41 19.85 23.81 25.06 11.51 19.10 23.81 23.94 13.02 20.94 21.81 20.63 11.85 19.05 21.63 20.25 8.69
01.02.2004 17:42:06 65.44 62.75 50.38 39.88 26.00 25.06 609 25.69 26.38 15.13 13.31 19.80 23.81 25.00 11.41 19.01 23.75 23.88 12.92 20.84 21.75 20.56 11.75 18.91 21.56 20.25 8.63
01.02.2004 17:43:06 65.44 62.75 50.38 39.81 26.00 25.06 609 25.69 26.38 15.13 13.17 19.70 23.75 24.94 11.27 18.91 23.69 23.81 12.82 20.69 21.75 20.50 11.65 18.81 21.50 20.19 8.63
01.02.2004 17:44:06 65.44 62.75 50.38 39.88 26.00 25.06 609 25.69 26.31 15.06 13.07 19.60 23.75 24.94 11.22 18.81 23.63 23.81 12.82 20.59 21.69 20.50 11.56 18.66 21.50 20.13 8.63
01.02.2004 17:45:06 65.44 62.75 50.38 39.81 26.00 25.06 609 25.69 26.31 15.00 12.97 19.50 23.69 24.81 11.12 18.71 23.56 23.75 12.72 20.49 21.69 20.50 11.46 18.56 21.44 20.13 8.56
01.02.2004 17:46:06 65.44 62.75 50.38 39.88 26.00 25.06 609 25.69 26.25 15.00 12.87 19.40 23.63 24.81 11.02 18.61 23.50 23.69 12.67 20.34 21.63 20.44 11.36 18.41 21.44 20.06 8.63
01.02.2004 17:47:06 65.44 62.75 50.38 39.88 26.00 25.00 609 25.69 26.25 14.94 12.77 19.30 23.56 24.75 10.93 18.51 23.44 23.63 12.63 20.24 21.56 20.38 11.27 18.31 21.38 20.06 8.69
01.02.2004 17:48:06 65.44 62.69 50.38 39.88 26.00 25.00 609 25.75 26.25 14.94 12.63 19.20 23.50 24.69 10.83 18.41 23.38 23.56 12.53 20.14 21.56 20.38 11.17 18.16 21.38 20.00 8.75
01.02.2004 17:49:06 65.44 62.69 50.38 39.81 26.06 25.00 608 25.69 26.19 14.88 12.53 19.10 23.50 24.63 10.73 18.31 23.31 23.56 12.48 20.04 21.50 20.31 11.12 18.07 21.31 19.94 8.81
01.02.2004 17:50:06 65.44 62.69 50.38 39.81 26.00 25.00 608 25.75 26.19 14.88 12.43 19.01 23.44 24.63 10.64 18.21 23.31 23.50 12.38 19.90 21.50 20.31 11.02 17.97 21.31 19.94 9.00
01.02.2004 17:51:06 65.44 62.69 50.38 39.81 26.00 25.06 608 25.75 26.13 14.81 12.33 18.91 23.38 24.56 10.64 18.11 23.25 23.44 12.33 19.80 21.44 20.25 10.93 17.87 21.25 19.88 8.94
01.02.2004 17:52:06 65.38 62.69 50.31 39.81 26.00 25.00 608 25.75 26.13 14.81 12.24 18.81 23.38 24.50 10.54 18.02 23.19 23.38 12.29 19.70 21.44 20.25 10.83 17.72 21.19 19.88 8.88
01.02.2004 17:53:06 65.44 62.69 50.31 39.81 26.00 25.00 608 25.75 26.13 14.75 12.14 18.71 23.31 24.44 10.44 17.97 23.13 23.31 12.19 19.60 21.38 20.19 10.73 17.62 21.19 19.81 9.00
01.02.2004 17:54:06 65.44 62.69 50.31 39.81 26.00 25.00 608 25.75 26.06 14.75 12.09 18.66 23.25 24.38 10.39 17.87 23.06 23.31 12.14 19.50 21.31 20.19 10.68 17.52 21.13 19.81 9.00
01.02.2004 17:55:06 65.38 62.69 50.31 39.81 26.00 25.00 608 25.75 26.06 14.69 11.99 18.56 23.19 24.38 10.30 17.77 23.00 23.25 12.09 19.40 21.31 20.13 10.64 17.42 21.13 19.75 9.00
01.02.2004 17:56:06 65.38 62.69 50.31 39.81 26.00 25.00 608 25.75 26.00 14.69 11.90 18.46 23.19 24.31 10.20 17.72 22.94 23.19 12.04 19.30 21.25 20.13 10.54 17.32 21.06 19.75 9.00
01.02.2004 17:57:06 65.38 62.69 50.38 39.88 26.00 25.00 608 25.75 26.00 14.63 11.80 18.36 23.13 24.25 10.15 17.57 22.88 23.13 11.99 19.20 21.25 20.06 10.44 17.22 21.06 19.69 9.00
01.02.2004 17:59:06 65.38 62.69 50.31 39.81 26.00 25.00 608 25.81 25.94 14.56 11.61 18.21 23.06 24.19 10.00 17.42 22.81 23.06 11.90 19.01 21.13 20.00 10.30 17.03 21.00 19.63 8.88
01.02.2004 18:00:07 65.38 62.69 50.38 39.81 26.00 25.00 608 25.81 25.94 14.56 11.51 18.11 23.00 24.13 9.91 17.32 22.75 23.06 11.80 18.96 21.13 20.00 10.25 16.93 20.94 19.56 8.69
01.02.2004 18:01:06 65.38 62.69 50.31 39.81 26.00 25.00 608 25.81 25.88 14.56 11.41 18.02 22.94 24.06 9.81 17.27 22.69 23.00 11.75 18.81 21.06 19.94 10.15 16.83 20.88 19.56 8.44
01.02.2004 18:02:06 65.38 62.69 50.31 39.81 26.00 25.00 608 25.81 25.88 14.50 11.31 17.97 22.94 24.00 9.71 17.17 22.63 22.94 11.75 18.76 21.06 19.94 10.05 16.73 20.88 19.50 8.31
01.02.2004 18:03:06 65.38 62.69 50.31 39.81 26.00 25.00 608 25.81 25.88 14.44 11.27 17.87 22.88 24.00 9.62 17.08 22.56 22.88 11.70 18.66 21.00 19.88 10.00 16.63 20.81 19.50 8.31
01.02.2004 18:04:06 65.38 62.69 50.31 39.81 26.00 25.00 608 25.81 25.88 14.44 11.17 17.77 22.81 23.94 9.52 17.03 22.56 22.88 11.65 18.56 20.94 19.81 9.91 16.48 20.81 19.44 8.25
01.02.2004 18:05:06 65.38 62.69 50.38 39.81 26.00 25.00 608 25.81 25.81 14.38 11.07 17.67 22.81 23.88 9.47 16.93 22.50 22.81 11.61 18.46 20.94 19.81 9.81 16.43 20.75 19.44 8.13
01.02.2004 18:06:06 65.38 62.69 50.38 39.81 26.00 25.00 608 25.81 25.81 14.38 10.97 17.62 22.75 23.81 9.37 16.88 22.44 22.75 11.56 18.41 20.88 19.81 9.76 16.33 20.75 19.38 8.06
01.02.2004 18:07:06 65.38 62.69 50.31 39.81 26.00 25.00 608 25.88 25.75 14.38 10.88 17.52 22.69 23.81 9.28 16.78 22.38 22.69 11.46 18.31 20.88 19.75 9.66 16.23 20.69 19.38 8.00
01.02.2004 18:08:06 65.38 62.69 50.31 39.81 26.00 25.00 608 25.81 25.75 14.31 10.78 17.47 22.69 23.75 9.23 16.68 22.31 22.69 11.41 18.21 20.81 19.69 9.62 16.14 20.63 19.31 8.00
01.02.2004 18:09:06 65.38 62.69 50.31 39.81 26.00 25.00 608 25.88 25.75 14.31 10.68 17.37 22.63 23.69 9.13 16.63 22.25 22.63 11.36 18.11 20.81 19.69 9.52 16.04 20.63 19.31 8.06
01.02.2004 18:10:06 65.38 62.69 50.31 39.88 26.00 25.00 608 25.81 25.69 14.25 10.59 17.27 22.56 23.69 9.08 16.53 22.25 22.56 11.31 18.02 20.75 19.63 9.47 15.94 20.56 19.25 8.06
01.02.2004 18:11:06 65.38 62.69 50.31 39.81 26.00 25.00 608 25.81 25.69 14.25 10.54 17.22 22.56 23.63 8.98 16.48 22.19 22.56 11.27 17.97 20.75 19.63 9.37 15.89 20.56 19.25 8.06
01.02.2004 18:12:06 65.38 62.69 50.31 39.81 26.00 25.00 608 25.88 25.69 14.19 10.44 17.12 22.50 23.56 8.94 16.38 22.13 22.50 11.22 17.87 20.69 19.63 9.32 15.79 20.50 19.19 8.06
01.02.2004 18:13:06 65.38 62.69 50.31 39.81 26.00 25.00 608 25.81 25.63 14.19 10.34 17.08 22.44 23.56 8.84 16.28 22.06 22.44 11.17 17.82 20.63 19.56 9.23 15.69 20.50 19.19 8.00
01.02.2004 18:14:06 65.38 62.69 50.38 39.81 26.00 25.00 608 25.81 25.63 14.19 10.30 16.98 22.44 23.50 8.79 16.23 22.00 22.44 11.12 17.72 20.63 19.56 9.18 15.59 20.44 19.13 7.63
01.02.2004 18:15:06 65.38 62.69 50.38 39.81 26.00 24.94 608 25.81 25.63 14.13 10.20 16.88 22.38 23.44 8.69 16.14 22.00 22.38 11.02 17.62 20.56 19.50 9.13 15.49 20.38 19.13 7.25
01.02.2004 18:16:06 65.38 62.63 50.31 39.81 26.00 25.00 607 25.81 25.56 14.13 10.10 16.83 22.31 23.38 8.60 16.09 21.94 22.31 10.93 17.57 20.56 19.44 9.03 15.44 20.38 19.06 7.44
01.02.2004 18:17:06 65.38 62.69 50.31 39.81 26.00 24.94 608 25.81 25.56 14.06 10.05 16.73 22.31 23.38 8.55 15.99 21.94 22.31 10.88 17.47 20.50 19.44 8.98 15.34 20.31 19.06 7.69
01.02.2004 18:18:06 65.38 62.63 50.31 39.81 26.00 24.94 607 25.81 25.56 14.06 9.96 16.68 22.25 23.31 8.55 15.89 21.88 22.25 10.88 17.37 20.44 19.38 8.94 15.24 20.31 19.00 7.75
01.02.2004 18:19:06 65.38 62.63 50.31 39.81 26.00 24.94 607 25.75 25.50 14.00 9.91 16.58 22.25 23.25 8.50 15.84 21.81 22.19 10.88 17.32 20.44 19.38 8.84 15.20 20.25 19.00 8.06
01.02.2004 18:20:06 65.38 62.63 50.31 39.81 26.00 24.94 607 25.75 25.50 14.00 9.86 16.53 22.19 23.25 8.50 15.74 21.75 22.13 10.83 17.22 20.44 19.31 8.79 15.10 20.25 18.94 8.13
01.02.2004 18:21:06 65.38 62.63 50.31 39.81 26.00 24.94 607 25.75 25.44 14.00 9.81 16.43 22.13 23.19 8.50 15.69 21.69 22.13 10.78 17.17 20.38 19.31 8.79 15.00 20.19 18.94 7.63
01.02.2004 18:22:06 65.38 62.63 50.31 39.81 26.00 24.94 607 25.75 25.44 13.94 9.71 16.38 22.13 23.19 8.40 15.59 21.69 22.06 10.73 17.08 20.31 19.25 8.74 14.95 20.13 18.88 7.25
01.02.2004 18:23:06 65.38 62.63 50.31 39.81 26.00 24.94 607 25.75 25.44 13.94 9.66 16.28 22.06 23.13 8.35 15.49 21.63 22.06 10.64 17.03 20.25 19.25 8.69 14.85 20.13 18.88 6.94
01.02.2004 18:24:06 65.38 62.63 50.31 39.81 26.00 24.94 607 25.94 25.44 13.94 9.57 16.18 22.00 23.06 8.30 15.44 21.56 22.00 10.59 16.93 20.25 19.19 8.69 14.80 20.06 18.81 6.81
01.02.2004 18:25:06 65.38 62.63 50.31 39.81 26.00 24.94 607 26.38 25.38 13.88 9.52 16.14 22.00 23.00 8.26 15.34 21.50 22.00 10.54 16.88 20.19 19.19 8.64 14.70 20.06 18.81 6.88
01.02.2004 18:26:06 65.38 62.63 50.31 39.81 26.00 24.94 607 27.25 25.38 13.88 9.47 16.09 21.94 23.00 8.21 15.29 21.50 21.94 10.54 16.78 20.19 19.19 8.60 14.65 20.00 18.75 6.81
01.02.2004 18:27:06 65.38 62.63 50.31 39.81 26.00 24.94 607 27.75 25.38 13.81 9.47 15.99 21.94 22.94 8.21 15.24 21.44 21.88 10.49 16.73 20.13 19.19 8.60 14.55 20.00 18.75 6.88
01.02.2004 18:28:06 65.38 62.63 50.25 39.81 26.00 24.94 607 27.94 25.31 13.81 9.42 15.94 21.88 22.88 8.21 15.15 21.38 21.81 10.49 16.68 20.13 19.13 8.55 14.50 19.94 18.69 7.00
01.02.2004 18:29:06 65.38 62.63 50.25 39.81 26.00 24.94 607 28.00 25.31 13.81 9.42 15.84 21.81 22.88 8.21 15.10 21.31 21.81 10.44 16.63 20.06 19.13 8.55 14.40 19.94 18.69 7.13
01.02.2004 18:30:06 65.38 62.63 50.25 39.81 26.00 24.94 607 28.06 25.31 13.75 9.37 15.79 21.81 22.81 8.21 15.00 21.31 21.75 10.44 16.53 20.00 19.06 8.50 14.35 19.88 18.69 7.38
01.02.2004 18:31:06 65.38 62.63 50.25 39.81 26.00 24.94 607 28.06 25.31 13.75 9.37 15.74 21.75 22.81 8.21 14.95 21.25 21.75 10.44 16.48 20.00 19.06 8.50 14.30 19.88 18.63 7.63
01.02.2004 18:32:06 65.38 62.63 50.25 39.75 26.00 24.94 607 28.06 25.25 13.75 9.37 15.64 21.69 22.75 8.21 14.90 21.25 21.69 10.44 16.38 20.00 19.00 8.50 14.21 19.81 18.63 7.56
01.02.2004 18:33:06 65.38 62.63 50.25 39.81 26.00 24.94 607 28.06 25.25 13.75 9.37 15.59 21.69 22.69 8.21 14.85 21.19 21.63 10.44 16.33 19.94 19.00 8.45 14.16 19.81 18.56 7.44
01.02.2004 18:34:06 65.38 62.63 50.25 39.81 26.00 24.94 607 28.06 25.25 13.69 9.32 15.54 21.63 22.69 8.21 14.80 21.13 21.63 10.44 16.28 19.88 18.94 8.45 14.11 19.75 18.56 7.56
01.02.2004 18:35:06 65.38 62.56 50.25 39.81 26.00 24.94 606 28.06 25.19 13.69 9.32 15.49 21.63 22.63 8.26 14.70 21.13 21.56 10.39 16.18 19.88 18.94 8.45 14.01 19.75 18.50 7.63
01.02.2004 18:36:06 65.38 62.56 50.25 39.81 26.00 24.94 606 28.06 25.19 13.63 9.28 15.39 21.56 22.56 8.21 14.65 21.06 21.56 10.34 16.14 19.81 18.88 8.40 13.96 19.69 18.50 7.56
01.02.2004 18:37:06 65.38 62.56 50.19 39.75 26.00 24.94 606 28.06 25.19 13.63 9.28 15.34 21.50 22.56 8.21 14.60 21.00 21.50 10.34 16.09 19.81 18.88 8.40 13.91 19.63 18.44 7.63
01.02.2004 18:38:06 65.38 62.56 50.25 39.75 26.00 24.94 606 28.06 25.19 13.63 9.23 15.29 21.50 22.50 8.21 14.55 21.00 21.44 10.34 16.04 19.75 18.81 8.35 13.86 19.63 18.44 7.75
01.02.2004 18:39:06 65.38 62.56 50.19 39.75 26.00 24.94 606 28.06 25.13 13.56 9.23 15.24 21.44 22.44 8.16 14.45 20.94 21.44 10.30 15.99 19.75 18.81 8.35 13.81 19.56 18.44 7.63
01.02.2004 18:40:06 65.38 62.56 50.19 39.75 26.00 24.94 606 28.06 25.13 13.56 9.18 15.15 21.44 22.44 8.16 14.40 20.88 21.38 10.30 15.89 19.69 18.75 8.30 13.71 19.56 18.38 7.69
01.02.2004 18:41:06 65.38 62.56 50.19 39.75 26.00 24.94 606 28.06 25.13 13.56 9.13 15.10 21.38 22.38 8.11 14.35 20.88 21.38 10.25 15.84 19.63 18.75 8.30 13.66 19.50 18.38 7.81
01.02.2004 18:42:06 65.38 62.56 50.19 39.75 26.00 24.94 606 28.06 25.06 13.50 9.08 15.05 21.38 22.31 8.06 14.30 20.81 21.31 10.20 15.79 19.63 18.69 8.26 13.61 19.50 18.38 8.00
01.02.2004 18:43:06 65.31 62.56 50.19 39.75 26.00 24.94 605 28.06 25.06 13.50 9.03 15.00 21.31 22.31 8.01 14.25 20.75 21.25 10.20 15.74 19.56 18.69 8.26 13.56 19.44 18.31 7.81
01.02.2004 18:44:06 65.31 62.56 50.19 39.75 26.00 24.94 605 28.06 25.06 13.50 8.98 14.95 21.31 22.25 7.96 14.16 20.75 21.25 10.15 15.69 19.56 18.69 8.21 13.46 19.44 18.31 7.69
01.02.2004 18:45:06 65.38 62.56 50.13 39.75 26.00 24.94 606 28.06 25.00 13.44 8.94 14.85 21.25 22.25 7.92 14.11 20.69 21.19 10.15 15.64 19.50 18.69 8.16 13.41 19.38 18.25 7.69
01.02.2004 18:46:06 65.31 62.56 50.13 39.75 26.00 24.94 605 28.06 25.00 13.44 8.89 14.80 21.25 22.19 7.82 14.06 20.69 21.13 10.10 15.54 19.50 18.63 8.11 13.36 19.38 18.25 7.69
01.02.2004 18:47:06 65.38 62.56 50.13 39.75 26.00 24.94 606 28.06 25.00 13.44 8.84 14.75 21.19 22.19 7.77 14.01 20.63 21.13 10.10 15.49 19.44 18.56 8.06 13.31 19.38 18.19 7.75
01.02.2004 18:48:06 65.31 62.56 50.13 39.75 26.00 24.94 605 28.06 24.94 13.38 8.79 14.70 21.19 22.13 7.72 13.96 20.56 21.06 10.05 15.44 19.38 18.56 8.01 13.27 19.31 18.19 7.88
01.02.2004 18:49:06 65.38 62.50 50.13 39.75 26.00 24.94 605 28.06 24.94 13.38 8.74 14.60 21.13 22.06 7.62 13.91 20.56 21.06 10.00 15.39 19.38 18.50 7.96 13.17 19.25 18.19 8.19
01.02.2004 18:50:06 65.31 62.50 50.13 39.75 26.00 24.94 605 28.06 24.94 13.38 8.64 14.55 21.06 22.00 7.58 13.86 20.50 21.00 9.96 15.34 19.38 18.50 7.92 13.12 19.25 18.13 8.56
01.02.2004 18:51:06 65.31 62.50 50.06 39.75 26.00 24.94 604 28.06 24.88 13.38 8.60 14.50 21.06 22.00 7.58 13.81 20.50 21.00 9.96 15.29 19.31 18.50 7.87 13.07 19.19 18.13 8.69
01.02.2004 18:52:06 65.31 62.50 50.13 39.75 25.94 24.94 605 28.06 24.88 13.31 8.55 14.45 21.00 21.94 7.53 13.76 20.44 20.94 9.96 15.24 19.31 18.44 7.87 13.02 19.19 18.06 8.50
01.02.2004 18:53:06 65.31 62.50 50.06 39.75 26.00 24.94 604 28.06 24.88 13.31 8.55 14.40 21.00 21.94 7.48 13.71 20.44 20.88 9.96 15.20 19.25 18.44 7.82 12.97 19.13 18.06 8.31
01.02.2004 18:54:06 65.31 62.50 50.06 39.75 25.94 24.94 604 28.06 24.81 13.25 8.50 14.35 20.94 21.88 7.43 13.61 20.38 20.88 9.91 15.15 19.25 18.38 7.82 12.87 19.13 18.06 8.19
01.02.2004 18:55:06 65.31 62.50 50.06 39.69 26.00 24.94 604 28.06 24.81 13.25 8.45 14.30 20.88 21.81 7.38 13.61 20.31 20.81 9.91 15.05 19.19 18.38 7.77 12.82 19.13 18.00 8.06
01.02.2004 18:56:06 65.38 62.50 50.06 39.75 26.00 24.94 605 28.06 24.81 13.25 8.40 14.25 20.88 21.81 7.33 13.56 20.25 20.81 9.86 15.00 19.13 18.31 7.72 12.77 19.06 18.00 8.13
01.02.2004 18:57:06 65.31 62.50 50.00 39.69 26.00 24.94 604 28.06 24.81 13.19 8.35 14.21 20.81 21.81 7.28 13.46 20.25 20.75 9.86 14.95 19.13 18.31 7.67 12.72 19.00 17.94 8.25
01.02.2004 18:58:06 65.31 62.50 50.00 39.75 26.00 24.94 604 28.06 24.75 13.19 8.30 14.11 20.81 21.75 7.24 13.46 20.19 20.69 9.86 14.90 19.06 18.31 7.62 12.67 19.00 17.94 8.19
01.02.2004 18:59:06 65.31 62.50 50.00 39.75 25.94 24.94 604 28.06 24.75 13.19 8.26 14.06 20.75 21.69 7.14 13.41 20.19 20.69 9.81 14.85 19.06 18.25 7.58 12.58 18.94 17.88 8.19
01.02.2004 19:00:07 65.31 62.50 50.00 39.69 25.94 24.94 604 28.06 24.75 13.19 8.21 14.01 20.75 21.69 7.09 13.31 20.13 20.63 9.81 14.80 19.06 18.25 7.58 12.53 18.94 17.88 8.00
01.02.2004 19:01:06 65.31 62.50 50.00 39.69 25.94 24.94 604 28.06 24.69 13.13 8.16 13.96 20.69 21.63 7.04 13.27 20.06 20.63 9.76 14.75 19.00 18.25 7.48 12.48 18.94 17.88 7.69
01.02.2004 19:02:06 65.31 62.44 50.00 39.69 25.94 24.94 604 28.06 24.69 13.13 8.11 13.91 20.69 21.63 6.99 13.22 20.06 20.56 9.71 14.70 19.00 18.19 7.48 12.43 18.88 17.81 7.94
01.02.2004 19:03:06 65.31 62.50 50.00 39.69 25.94 24.94 604 28.00 24.69 13.13 8.06 13.86 20.63 21.56 6.99 13.17 20.00 20.56 9.71 14.65 18.94 18.19 7.43 12.38 18.88 17.81 8.00
01.02.2004 19:04:06 65.31 62.50 50.00 39.69 25.94 24.94 604 28.00 24.69 13.06 8.01 13.81 20.63 21.50 6.99 13.12 20.00 20.50 9.71 14.60 18.88 18.13 7.38 12.33 18.81 17.81 8.00
01.02.2004 19:05:06 65.31 62.44 50.00 39.69 25.94 24.94 604 28.00 24.63 13.06 8.01 13.76 20.56 21.50 6.99 13.07 19.94 20.50 9.66 14.55 18.88 18.13 7.38 12.29 18.75 17.75 8.00
01.02.2004 19:06:06 65.31 62.44 50.00 39.69 25.94 24.94 604 28.00 24.63 13.06 7.96 13.71 20.56 21.44 6.99 13.02 19.94 20.44 9.66 14.50 18.81 18.13 7.38 12.24 18.75 17.75 8.00
01.02.2004 19:07:06 65.31 62.44 49.94 39.69 25.94 24.94 603 28.00 24.56 13.00 7.96 13.66 20.50 21.44 6.94 12.97 19.88 20.38 9.62 14.45 18.81 18.06 7.33 12.19 18.75 17.75 8.13
01.02.2004 19:08:06 65.31 62.44 49.94 39.69 25.94 24.94 603 28.00 24.56 13.00 7.92 13.61 20.50 21.38 6.90 12.92 19.88 20.38 9.66 14.40 18.75 18.06 7.28 12.14 18.69 17.69 8.06
01.02.2004 19:09:06 65.31 62.44 49.94 39.69 25.94 24.94 603 28.00 24.56 13.00 7.92 13.56 20.44 21.31 6.90 12.87 19.81 20.31 9.62 14.35 18.75 18.00 7.28 12.09 18.69 17.69 8.25
01.02.2004 19:10:06 65.31 62.44 49.94 39.69 25.94 24.94 603 28.06 24.56 13.00 7.87 13.51 20.44 21.31 6.90 12.82 19.81 20.31 9.62 14.30 18.75 18.00 7.28 12.04 18.63 17.69 8.31
01.02.2004 19:11:06 65.31 62.44 49.94 39.69 25.94 24.94 603 28.00 24.56 13.00 7.87 13.46 20.38 21.25 6.85 12.77 19.75 20.25 9.62 14.25 18.69 18.00 7.24 11.99 18.63 17.63 8.38
01.02.2004 19:12:06 65.31 62.44 49.94 39.69 25.94 24.94 603 28.00 24.50 12.94 7.82 13.41 20.31 21.25 6.85 12.72 19.75 20.25 9.62 14.21 18.69 17.94 7.24 11.95 18.63 17.63 8.31
01.02.2004 19:13:06 65.31 62.44 49.94 39.69 25.94 24.94 603 28.00 24.50 12.94 7.77 13.41 20.31 21.19 6.80 12.67 19.69 20.25 9.57 14.21 18.63 17.94 7.19 11.90 18.56 17.56 8.31
01.02.2004 19:14:06 65.31 62.44 49.94 39.69 25.94 24.88 603 28.00 24.50 12.94 7.72 13.36 20.25 21.19 6.75 12.67 19.63 20.19 9.57 14.11 18.56 17.88 7.19 11.85 18.50 17.56 8.19
01.02.2004 19:15:06 65.31 62.44 49.88 39.69 25.94 24.81 603 28.00 24.44 12.88 7.67 13.27 20.25 21.13 6.70 12.58 19.63 20.13 9.52 14.11 18.56 17.88 7.14 11.80 18.50 17.56 8.13
01.02.2004 19:16:06 65.31 62.44 49.88 39.63 25.94 24.81 603 28.06 24.44 12.88 7.62 13.22 20.19 21.13 6.70 12.53 19.56 20.13 9.52 14.06 18.56 17.81 7.09 11.75 18.50 17.50 8.13
01.02.2004 19:17:06 65.31 62.44 49.88 39.69 25.94 24.81 603 28.00 24.44 12.88 7.58 13.22 20.19 21.06 6.65 12.48 19.56 20.06 9.47 14.01 18.50 17.81 7.09 11.70 18.44 17.50 8.13
01.02.2004 19:18:06 65.31 62.44 49.88 39.63 25.94 24.81 603 28.00 24.44 12.81 7.53 13.12 20.13 21.00 6.60 12.48 19.50 20.06 9.47 13.96 18.50 17.81 7.04 11.65 18.44 17.50 8.00
01.02.2004 19:19:06 65.31 62.38 49.88 39.69 25.94 24.81 602 28.00 24.44 12.81 7.48 13.07 20.13 21.00 6.56 12.43 19.44 20.00 9.47 13.91 18.44 17.81 6.99 11.61 18.38 17.44 7.94
01.02.2004 19:20:06 65.31 62.38 49.88 39.63 25.94 24.88 602 28.00 24.38 12.81 7.48 13.07 20.13 20.94 6.56 12.38 19.44 20.00 9.42 13.86 18.44 17.75 6.99 11.56 18.38 17.44 7.81
01.02.2004 19:21:06 65.31 62.38 49.81 39.63 25.94 24.88 602 28.00 24.38 12.81 7.43 13.02 20.06 20.94 6.51 12.33 19.44 19.94 9.42 13.81 18.38 17.75 6.94 11.51 18.38 17.38 7.69
01.02.2004 19:22:06 65.31 62.38 49.81 39.63 25.94 24.88 602 28.00 24.31 12.81 7.38 12.92 20.06 20.88 6.51 12.29 19.38 19.94 9.37 13.81 18.38 17.69 6.90 11.46 18.31 17.38 7.44
01.02.2004 19:23:06 65.31 62.38 49.81 39.63 25.94 24.88 602 28.00 24.31 12.75 7.33 12.92 20.06 20.88 6.41 12.24 19.38 19.88 9.37 13.76 18.31 17.69 6.90 11.41 18.31 17.38 7.38
01.02.2004 19:24:06 65.31 62.38 49.81 39.63 25.94 24.88 602 28.00 24.31 12.75 7.28 12.87 20.00 20.88 6.36 12.19 19.31 19.88 9.32 13.71 18.31 17.63 6.85 11.36 18.25 17.38 7.19
01.02.2004 19:25:06 65.31 62.38 49.81 39.63 25.88 24.88 602 28.00 24.31 12.75 7.28 12.82 19.94 20.81 6.31 12.14 19.31 19.81 9.28 13.66 18.25 17.63 6.85 11.31 18.25 17.31 7.31
01.02.2004 19:26:06 65.31 62.38 49.81 39.63 25.88 24.88 602 28.00 24.31 12.75 7.24 12.77 19.94 20.75 6.31 12.09 19.25 19.81 9.28 13.61 18.25 17.63 6.80 11.27 18.19 17.31 7.38
01.02.2004 19:27:06 65.31 62.38 49.81 39.63 25.88 24.81 602 28.00 24.25 12.69 7.24 12.72 19.94 20.75 6.27 12.04 19.25 19.75 9.23 13.61 18.19 17.63 6.75 11.22 18.19 17.25 7.38
01.02.2004 19:28:06 65.31 62.38 49.75 39.63 25.88 24.81 602 28.00 24.25 12.69 7.19 12.67 19.88 20.69 6.22 11.99 19.19 19.75 9.18 13.56 18.19 17.56 6.70 11.17 18.19 17.25 7.13
01.02.2004 19:29:06 65.31 62.31 49.75 39.63 25.88 24.81 601 28.00 24.25 12.69 7.14 12.63 19.81 20.69 6.12 11.95 19.19 19.69 9.13 13.51 18.13 17.56 6.65 11.12 18.13 17.25 6.94
01.02.2004 19:30:06 65.31 62.38 49.75 39.63 25.88 24.81 602 28.00 24.19 12.69 7.09 12.58 19.81 20.63 6.07 11.90 19.13 19.69 9.13 13.46 18.13 17.50 6.60 11.12 18.13 17.25 6.88
01.02.2004 19:31:06 65.31 62.31 49.75 39.63 25.88 24.88 601 28.00 24.19 12.63 7.04 12.53 19.75 20.63 6.07 11.85 19.13 19.63 9.08 13.41 18.13 17.50 6.60 11.02 18.06 17.19 7.00
01.02.2004 19:32:06 65.31 62.31 49.75 39.63 25.88 24.88 601 28.00 24.19 12.63 6.99 12.48 19.75 20.56 6.02 11.85 19.06 19.63 9.08 13.41 18.06 17.50 6.56 11.02 18.06 17.19 7.06
01.02.2004 19:33:06 65.31 62.31 49.75 39.63 25.88 24.81 601 28.00 24.19 12.63 6.99 12.43 19.75 20.56 6.02 11.80 19.00 19.56 9.08 13.36 18.06 17.44 6.51 10.97 18.00 17.13 7.13
01.02.2004 19:34:06 65.25 62.31 49.75 39.63 25.88 24.81 601 28.00 24.19 12.56 6.94 12.38 19.69 20.50 5.97 11.75 19.00 19.56 9.03 13.31 18.00 17.44 6.46 10.93 18.00 17.13 7.06
01.02.2004 19:35:06 65.31 62.31 49.69 39.63 25.88 24.88 601 28.00 24.19 12.63 6.94 12.38 19.63 20.50 5.97 11.70 19.00 19.50 9.03 13.27 18.00 17.38 6.46 10.88 18.00 17.13 7.00
01.02.2004 19:36:06 65.31 62.31 49.69 39.63 25.88 24.88 601 28.00 24.13 12.63 6.90 12.33 19.63 20.44 5.97 11.65 18.94 19.50 8.98 13.22 17.94 17.38 6.41 10.83 17.94 17.13 7.69
01.02.2004 19:37:06 65.25 62.31 49.69 39.56 25.88 24.88 600 28.00 24.13 12.56 6.90 12.29 19.63 20.44 5.93 11.61 18.94 19.44 8.98 13.22 17.94 17.38 6.41 10.78 17.94 17.06 8.00
01.02.2004 19:38:06 65.25 62.31 49.69 39.56 25.88 24.88 600 28.00 24.13 12.56 6.85 12.24 19.56 20.38 5.97 11.61 18.88 19.44 8.98 13.17 17.94 17.31 6.41 10.78 17.88 17.06 7.69
01.02.2004 19:39:06 65.25 62.31 49.69 39.56 25.88 24.88 600 28.00 24.13 12.50 6.90 12.19 19.56 20.38 5.93 11.56 18.88 19.38 9.03 13.12 17.88 17.31 6.41 10.73 17.88 17.06 7.56
01.02.2004 19:40:06 65.25 62.31 49.69 39.56 25.88 24.94 601 28.00 24.06 12.50 6.85 12.19 19.50 20.31 5.93 11.51 18.81 19.38 9.03 13.07 17.81 17.31 6.36 10.68 17.88 17.00 7.50
01.02.2004 19:41:06 65.25 62.31 49.69 39.56 25.88 24.88 600 28.00 24.06 12.50 6.85 12.14 19.50 20.31 5.93 11.46 18.81 19.38 8.98 13.07 17.81 17.31 6.36 10.64 17.81 17.00 7.44
01.02.2004 19:42:06 65.25 62.31 49.63 39.56 25.88 24.88 600 28.00 24.06 12.50 6.85 12.09 19.50 20.25 5.93 11.46 18.75 19.31 8.98 13.02 17.81 17.25 6.36 10.64 17.81 17.00 7.50
01.02.2004 19:43:06 65.25 62.31 49.63 39.56 25.88 24.88 600 28.00 24.00 12.50 6.80 12.04 19.44 20.25 5.93 11.41 18.75 19.31 8.98 12.97 17.75 17.25 6.31 10.59 17.75 16.94 7.63
01.02.2004 19:44:06 65.31 62.25 49.63 39.56 25.88 24.88 600 28.00 24.06 12.50 6.80 12.04 19.38 20.19 5.93 11.36 18.69 19.25 8.98 12.97 17.75 17.25 6.31 10.54 17.75 16.94 7.75
01.02.2004 19:45:06 65.25 62.25 49.63 39.56 25.81 24.88 600 28.00 24.00 12.44 6.75 11.99 19.38 20.19 5.93 11.31 18.69 19.25 8.98 12.92 17.69 17.19 6.27 10.49 17.75 16.94 7.69
01.02.2004 19:46:06 65.25 62.25 49.63 39.56 25.88 24.88 600 28.00 24.00 12.44 6.75 11.95 19.38 20.13 5.93 11.31 18.63 19.19 8.94 12.87 17.69 17.19 6.27 10.44 17.69 16.88 7.63
01.02.2004 19:47:06 65.25 62.25 49.63 39.56 25.81 24.88 600 28.00 24.00 12.44 6.70 11.90 19.31 20.13 5.88 11.27 18.63 19.19 8.94 12.87 17.63 17.19 6.27 10.44 17.69 16.88 7.38
01.02.2004 19:48:06 65.25 62.25 49.63 39.56 25.81 24.94 600 28.00 24.00 12.44 6.70 11.90 19.31 20.13 5.88 11.22 18.63 19.13 8.89 12.82 17.63 17.19 6.22 10.39 17.63 16.88 7.00
01.02.2004 19:49:06 65.25 62.25 49.56 39.56 25.81 24.88 599 28.00 23.94 12.44 6.70 11.85 19.31 20.06 5.83 11.22 18.56 19.13 8.84 12.77 17.63 17.13 6.17 10.34 17.63 16.81 6.81
01.02.2004 19:50:06 65.25 62.25 49.56 39.56 25.81 24.94 599 28.00 23.94 12.44 6.65 11.80 19.25 20.00 5.83 11.17 18.56 19.06 8.79 12.77 17.56 17.13 6.17 10.30 17.56 16.81 7.00
01.02.2004 19:51:06 65.25 62.25 49.56 39.56 25.81 24.88 599 28.00 23.94 12.38 6.60 11.75 19.19 20.00 5.78 11.12 18.50 19.06 8.79 12.72 17.56 17.06 6.17 10.30 17.56 16.81 7.00
01.02.2004 19:52:06 65.25 62.19 49.56 39.56 25.81 24.94 599 28.00 23.94 12.38 6.60 11.70 19.19 19.94 5.83 11.07 18.50 19.00 8.74 12.67 17.50 17.06 6.12 10.25 17.56 16.81 7.31
01.02.2004 19:53:06 65.25 62.25 49.56 39.56 25.81 24.88 599 28.00 23.94 12.38 6.60 11.70 19.19 19.94 5.83 11.02 18.50 19.00 8.79 12.67 17.50 17.00 6.12 10.20 17.50 16.75 7.38
01.02.2004 19:54:06 65.25 62.19 49.56 39.56 25.81 24.88 599 28.00 23.88 12.38 6.60 11.65 19.13 19.88 5.78 10.97 18.44 18.94 8.79 12.63 17.44 17.06 6.12 10.15 17.50 16.75 7.38
01.02.2004 19:55:06 65.25 62.19 49.56 39.56 25.81 24.94 599 28.00 23.88 12.38 6.56 11.61 19.13 19.88 5.78 10.97 18.38 18.94 8.79 12.63 17.44 17.00 6.12 10.15 17.50 16.75 7.38
01.02.2004 19:56:06 65.25 62.25 49.56 39.56 25.81 24.94 599 28.00 23.88 12.31 6.56 11.56 19.06 19.88 5.78 10.93 18.38 18.94 8.74 12.58 17.38 17.00 6.07 10.10 17.44 16.69 7.31
01.02.2004 19:57:06 65.25 62.19 49.50 39.56 25.81 24.88 599 28.00 23.88 12.31 6.51 11.56 19.06 19.81 5.73 10.88 18.38 18.88 8.74 12.53 17.38 16.94 6.07 10.10 17.44 16.69 7.19
01.02.2004 19:58:06 65.25 62.19 49.50 39.56 25.81 24.88 599 28.00 23.81 12.31 6.46 11.51 19.00 19.75 5.73 10.88 18.31 18.88 8.74 12.53 17.38 16.94 6.02 10.05 17.38 16.69 7.19
01.02.2004 19:59:06 65.25 62.19 49.50 39.50 25.81 24.94 599 28.00 23.81 12.31 6.46 11.46 19.00 19.75 5.68 10.83 18.31 18.81 8.69 12.48 17.31 16.88 5.97 10.00 17.38 16.63 7.13
01.02.2004 20:00:07 65.25 62.19 49.50 39.56 25.81 24.94 599 28.00 23.81 12.31 6.41 11.46 19.00 19.75 5.63 10.78 18.25 18.81 8.69 12.43 17.31 16.88 5.97 9.96 17.38 16.63 7.13
01.02.2004 20:01:06 65.25 62.19 49.50 39.50 25.81 24.94 599 28.00 23.81 12.25 6.41 11.41 18.94 19.75 5.59 10.73 18.25 18.75 8.64 12.43 17.25 16.88 5.93 9.96 17.31 16.63 7.13
01.02.2004 20:02:06 65.25 62.19 49.50 39.56 25.81 24.94 599 28.00 23.75 12.25 6.36 11.36 18.94 19.69 5.59 10.73 18.25 18.75 8.64 12.38 17.25 16.88 5.93 9.91 17.31 16.56 7.13
01.02.2004 20:03:06 65.25 62.19 49.50 39.56 25.81 24.94 599 28.00 23.75 12.25 6.31 11.36 18.94 19.63 5.54 10.68 18.19 18.75 8.64 12.38 17.25 16.81 5.88 9.86 17.31 16.56 7.19
01.02.2004 20:04:06 65.25 62.19 49.50 39.50 25.81 24.94 599 28.00 23.75 12.25 6.31 11.31 18.88 19.63 5.54 10.68 18.19 18.69 8.64 12.33 17.19 16.81 5.88 9.81 17.25 16.56 7.13
01.02.2004 20:05:06 65.25 62.19 49.44 39.50 25.81 24.88 598 28.00 23.75 12.25 6.27 11.27 18.88 19.63 5.54 10.64 18.13 18.69 8.64 12.29 17.19 16.81 5.88 9.81 17.25 16.56 7.31
01.02.2004 20:06:06 65.25 62.13 49.44 39.50 25.81 24.88 598 27.94 23.75 12.19 6.27 11.27 18.81 19.56 5.49 10.59 18.13 18.63 8.64 12.29 17.13 16.81 5.83 9.76 17.19 16.56 7.50
01.02.2004 20:07:06 65.25 62.13 49.44 39.50 25.81 24.88 598 28.00 23.69 12.19 6.27 11.22 18.81 19.56 5.49 10.59 18.06 18.63 8.60 12.24 17.13 16.75 5.83 9.71 17.19 16.50 7.75
01.02.2004 20:08:06 65.25 62.13 49.44 39.50 25.81 24.88 598 28.00 23.69 12.19 6.27 11.17 18.75 19.50 5.49 10.54 18.06 18.56 8.60 12.24 17.06 16.75 5.83 9.66 17.19 16.50 7.75
01.02.2004 20:09:06 65.25 62.13 49.44 39.50 25.81 24.94 598 28.00 23.69 12.19 6.27 11.17 18.75 19.50 5.49 10.54 18.00 18.56 8.60 12.19 17.06 16.75 5.78 9.66 17.13 16.44 7.81
01.02.2004 20:10:06 65.25 62.13 49.44 39.50 25.81 24.94 598 28.00 23.69 12.19 6.27 11.12 18.75 19.44 5.49 10.49 18.00 18.56 8.55 12.14 17.06 16.69 5.78 9.62 17.13 16.44 7.88
01.02.2004 20:11:06 65.25 62.13 49.44 39.50 25.81 24.88 598 28.00 23.63 12.19 6.27 11.12 18.69 19.44 5.49 10.44 18.00 18.50 8.55 12.14 17.00 16.69 5.73 9.57 17.06 16.44 7.75
01.02.2004 20:12:06 65.25 62.13 49.38 39.50 25.81 24.88 598 27.94 23.63 12.19 6.27 11.07 18.69 19.38 5.44 10.44 17.94 18.44 8.55 12.09 17.00 16.69 5.73 9.57 17.06 16.44 7.25
01.02.2004 20:13:06 65.25 62.13 49.38 39.50 25.81 24.88 598 28.00 23.63 12.13 6.22 11.02 18.63 19.38 5.44 10.39 17.94 18.50 8.50 12.09 16.94 16.63 5.73 9.52 17.06 16.38 6.88
01.02.2004 20:14:06 65.25 62.13 49.38 39.50 25.81 24.88 598 27.94 23.63 12.13 6.22 10.97 18.63 19.31 5.39 10.39 17.94 18.44 8.45 12.04 16.94 16.63 5.68 9.52 17.00 16.38 6.75
01.02.2004 20:15:06 65.25 62.13 49.38 39.50 25.75 24.88 598 27.94 23.63 12.13 6.17 10.97 18.56 19.31 5.39 10.34 17.88 18.44 8.45 12.04 16.94 16.63 5.68 9.47 17.00 16.38 6.63
01.02.2004 20:16:06 65.25 62.13 49.38 39.50 25.81 24.94 598 27.94 23.63 12.13 6.17 10.93 18.56 19.31 5.34 10.30 17.88 18.38 8.40 11.99 16.88 16.56 5.63 9.42 17.00 16.31 6.63
01.02.2004 20:17:06 65.25 62.13 49.38 39.44 25.81 24.88 597 27.94 23.56 12.13 6.12 10.93 18.56 19.25 5.29 10.30 17.81 18.31 8.40 11.99 16.88 16.56 5.59 9.42 16.94 16.31 6.44
01.02.2004 20:18:06 65.25 62.13 49.38 39.44 25.75 24.88 597 27.94 23.56 12.13 6.07 10.88 18.50 19.25 5.25 10.25 17.81 18.31 8.35 11.95 16.81 16.56 5.59 9.37 16.94 16.31 6.31
01.02.2004 20:19:06 65.25 62.13 49.38 39.50 25.75 24.88 598 27.94 23.56 12.06 6.02 10.83 18.50 19.19 5.20 10.20 17.81 18.31 8.30 11.90 16.81 16.56 5.54 9.32 16.94 16.31 6.31
01.02.2004 20:20:06 65.25 62.13 49.38 39.50 25.75 24.88 598 27.94 23.56 12.06 5.97 10.78 18.50 19.19 5.15 10.15 17.75 18.25 8.26 11.90 16.81 16.50 5.49 9.32 16.88 16.25 6.19
01.02.2004 20:21:06 65.25 62.06 49.31 39.44 25.75 24.88 597 27.94 23.50 12.06 5.93 10.73 18.44 19.19 5.10 10.15 17.75 18.25 8.26 11.85 16.75 16.50 5.49 9.28 16.88 16.25 6.19
01.02.2004 20:22:06 65.25 62.06 49.31 39.44 25.75 24.88 597 27.94 23.50 12.06 5.88 10.73 18.44 19.13 5.05 10.10 17.75 18.25 8.21 11.85 16.75 16.50 5.44 9.23 16.88 16.25 6.19
01.02.2004 20:23:06 65.25 62.06 49.31 39.50 25.75 24.88 597 27.94 23.50 12.06 5.83 10.68 18.38 19.13 5.00 10.05 17.69 18.19 8.21 11.80 16.69 16.44 5.39 9.23 16.81 16.25 6.06
01.02.2004 20:24:06 65.25 62.06 49.31 39.50 25.75 24.88 597 27.94 23.50 12.06 5.78 10.64 18.38 19.06 4.95 10.05 17.69 18.19 8.21 11.75 16.69 16.44 5.39 9.18 16.81 16.19 6.00
01.02.2004 20:25:06 65.25 62.06 49.31 39.44 25.75 24.88 597 27.94 23.50 12.00 5.73 10.64 18.38 19.06 4.95 10.00 17.63 18.13 8.21 11.75 16.63 16.44 5.34 9.13 16.81 16.19 6.19
01.02.2004 20:26:06 65.25 62.06 49.31 39.44 25.75 24.94 597 27.94 23.44 12.00 5.73 10.59 18.38 19.00 4.91 9.96 17.63 18.13 8.16 11.70 16.63 16.44 5.29 9.08 16.75 16.19 6.19
01.02.2004 20:27:06 65.25 62.06 49.31 39.44 25.75 24.94 597 27.94 23.44 12.00 5.68 10.54 18.31 19.00 4.86 9.96 17.63 18.13 8.16 11.70 16.63 16.38 5.29 9.08 16.75 16.19 6.25
01.02.2004 20:28:06 65.25 62.06 49.31 39.44 25.75 24.88 597 27.94 23.44 12.00 5.68 10.54 18.31 18.94 4.86 9.91 17.56 18.06 8.16 11.65 16.63 16.38 5.25 9.03 16.75 16.13 6.31
01.02.2004 20:29:06 65.19 62.06 49.25 39.44 25.75 24.88 596 27.94 23.44 12.00 5.63 10.49 18.31 18.94 4.81 9.86 17.56 18.06 8.11 11.65 16.56 16.38 5.25 9.03 16.69 16.13 6.50
01.02.2004 20:30:06 65.19 62.00 49.25 39.44 25.75 24.88 595 27.94 23.44 12.00 5.63 10.49 18.25 18.94 4.81 9.86 17.50 18.06 8.11 11.61 16.56 16.38 5.20 8.98 16.69 16.13 6.50
01.02.2004 20:31:06 65.25 62.06 49.25 39.44 25.75 24.94 596 27.94 23.38 12.00 5.63 10.44 18.25 18.88 4.76 9.81 17.50 18.00 8.11 11.61 16.56 16.31 5.20 8.94 16.69 16.06 6.50
01.02.2004 20:32:06 65.19 62.00 49.25 39.44 25.75 24.88 595 27.94 23.38 11.94 5.59 10.39 18.19 18.88 4.76 9.76 17.50 18.00 8.11 11.56 16.56 16.31 5.20 8.94 16.63 16.06 6.56
01.02.2004 20:33:06 65.19 62.00 49.25 39.44 25.75 24.88 595 27.94 23.38 11.94 5.59 10.39 18.19 18.81 4.76 9.76 17.44 17.94 8.11 11.56 16.50 16.31 5.20 8.89 16.63 16.06 6.50
01.02.2004 20:34:06 65.25 62.00 49.25 39.44 25.75 24.88 596 27.94 23.38 11.94 5.59 10.34 18.13 18.81 4.76 9.71 17.44 17.94 8.11 11.51 16.50 16.25 5.20 8.84 16.63 16.06 6.44
01.02.2004 20:35:06 65.19 62.00 49.25 39.44 25.75 24.94 596 27.94 23.31 11.94 5.59 10.30 18.13 18.81 4.76 9.66 17.44 17.94 8.16 11.51 16.50 16.25 5.15 8.84 16.56 16.06 6.19
01.02.2004 20:36:06 65.19 62.00 49.25 39.44 25.75 24.88 595 27.94 23.31 11.94 5.59 10.30 18.13 18.75 4.76 9.66 17.38 17.88 8.16 11.46 16.44 16.25 5.15 8.79 16.56 16.06 6.19
01.02.2004 20:37:06 65.19 62.00 49.25 39.44 25.75 24.88 595 27.94 23.31 11.94 5.59 10.30 18.06 18.75 4.76 9.66 17.38 17.88 8.11 11.46 16.44 16.19 5.15 8.79 16.56 16.00 6.25
01.02.2004 20:38:06 65.19 62.00 49.19 39.44 25.75 24.88 595 27.94 23.31 11.88 5.54 10.25 18.06 18.69 4.76 9.62 17.31 17.81 8.11 11.41 16.44 16.19 5.15 8.74 16.50 16.00 6.31
01.02.2004 20:39:06 65.25 62.00 49.19 39.44 25.75 24.88 596 27.94 23.31 11.88 5.54 10.20 18.06 18.69 4.81 9.57 17.31 17.81 8.16 11.41 16.38 16.19 5.15 8.74 16.50 15.94 6.38
01.02.2004 20:40:06 65.19 62.00 49.19 39.44 25.75 24.88 595 27.94 23.31 11.88 5.54 10.20 18.00 18.69 4.76 9.57 17.31 17.81 8.11 11.36 16.38 16.19 5.10 8.69 16.44 15.94 6.44
01.02.2004 20:41:06 65.19 62.00 49.19 39.44 25.75 24.88 595 27.94 23.25 11.88 5.49 10.15 18.00 18.63 4.76 9.57 17.25 17.81 8.11 11.36 16.31 16.13 5.10 8.64 16.44 15.94 6.44
01.02.2004 20:42:06 65.19 61.94 49.19 39.44 25.75 24.88 595 27.94 23.25 11.88 5.49 10.15 18.00 18.63 4.76 9.52 17.25 17.75 8.11 11.31 16.31 16.13 5.10 8.64 16.44 15.94 6.38
01.02.2004 20:43:06 65.19 61.94 49.19 39.44 25.75 24.88 595 27.94 23.25 11.88 5.49 10.10 17.94 18.56 4.76 9.52 17.25 17.75 8.06 11.27 16.31 16.13 5.10 8.60 16.44 15.88 6.50
01.02.2004 20:44:06 65.19 62.00 49.19 39.38 25.75 24.88 595 27.94 23.25 11.88 5.44 10.10 17.94 18.56 4.71 9.47 17.19 17.69 8.06 11.27 16.25 16.13 5.05 8.60 16.38 15.88 6.50
01.02.2004 20:45:06 65.19 61.94 49.19 39.38 25.75 24.88 595 27.94 23.25 11.88 5.44 10.05 17.94 18.56 4.71 9.47 17.19 17.69 8.01 11.27 16.25 16.06 5.05 8.55 16.38 15.88 6.50
01.02.2004 20:46:06 65.19 61.94 49.19 39.44 25.75 24.88 595 27.94 23.25 11.81 5.44 10.05 17.88 18.50 4.71 9.42 17.19 17.69 8.01 11.22 16.25 16.06 5.05 8.55 16.38 15.88 6.63
01.02.2004 20:47:06 65.19 61.94 49.13 39.38 25.75 24.88 594 27.94 23.19 11.81 5.44 10.05 17.88 18.50 4.71 9.42 17.13 17.63 8.01 11.22 16.19 16.06 5.05 8.50 16.31 15.81 6.81
01.02.2004 20:48:06 65.19 61.94 49.13 39.38 25.75 24.88 594 27.94 23.19 11.81 5.44 10.00 17.88 18.50 4.71 9.37 17.13 17.63 8.01 11.17 16.19 16.06 5.00 8.50 16.31 15.81 6.94
01.02.2004 20:49:06 65.19 61.94 49.13 39.38 25.75 24.88 594 27.94 23.19 11.81 5.44 9.96 17.81 18.44 4.76 9.37 17.13 17.63 8.01 11.17 16.13 16.00 5.00 8.45 16.31 15.81 6.81
01.02.2004 20:50:06 65.19 61.94 49.13 39.38 25.75 24.88 594 27.94 23.19 11.81 5.39 9.96 17.81 18.44 4.76 9.32 17.06 17.56 8.01 11.17 16.13 16.00 5.00 8.45 16.25 15.81 6.75
01.02.2004 20:51:06 65.19 61.94 49.13 39.38 25.69 24.88 594 27.94 23.19 11.81 5.44 9.96 17.75 18.38 4.76 9.28 17.06 17.56 8.01 11.12 16.13 16.00 5.00 8.40 16.25 15.81 6.69
01.02.2004 20:52:06 65.19 61.94 49.13 39.38 25.69 24.88 594 27.94 23.13 11.81 5.39 9.91 17.75 18.38 4.76 9.28 17.06 17.50 8.01 11.12 16.06 16.00 5.00 8.40 16.25 15.75 6.69
01.02.2004 20:53:06 65.19 61.94 49.13 39.38 25.75 24.88 594 27.94 23.13 11.81 5.39 9.91 17.75 18.38 4.76 9.28 17.00 17.50 8.01 11.07 16.06 15.94 5.00 8.35 16.19 15.75 6.50
01.02.2004 20:54:06 65.19 61.94 49.13 39.38 25.69 24.94 594 27.94 23.13 11.75 5.39 9.86 17.75 18.31 4.76 9.23 17.00 17.50 8.01 11.07 16.06 15.94 5.00 8.35 16.19 15.75 6.44
01.02.2004 20:55:06 65.19 61.94 49.13 39.38 25.69 24.88 594 27.94 23.13 11.75 5.39 9.86 17.69 18.31 4.71 9.23 17.00 17.44 8.01 11.02 16.00 15.94 5.05 8.30 16.19 15.75 6.38
01.02.2004 20:56:06 65.19 61.88 49.06 39.38 25.69 24.88 594 27.94 23.13 11.75 5.39 9.81 17.69 18.31 4.76 9.18 16.94 17.44 8.01 11.02 16.00 15.88 5.00 8.30 16.19 15.69 6.44
01.02.2004 20:57:06 65.19 61.88 49.06 39.38 25.69 24.88 594 27.94 23.13 11.75 5.39 9.81 17.69 18.25 4.76 9.18 16.94 17.44 8.01 11.02 15.94 15.88 5.05 8.26 16.13 15.69 6.44
01.02.2004 20:58:06 65.19 61.88 49.06 39.38 25.69 24.88 594 27.94 23.06 11.75 5.39 9.76 17.63 18.25 4.76 9.13 16.88 17.38 8.01 10.97 15.94 15.88 5.05 8.26 16.13 15.69 6.56
01.02.2004 20:59:06 65.19 61.88 49.06 39.38 25.69 24.88 594 27.94 23.06 11.75 5.39 9.76 17.63 18.25 4.76 9.13 16.88 17.38 8.06 10.97 15.94 15.88 5.05 8.21 16.13 15.69 6.69
01.02.2004 21:00:07 65.19 61.88 49.06 39.38 25.63 24.94 594 27.94 23.06 11.69 5.39 9.71 17.56 18.19 4.81 9.08 16.88 17.31 8.06 10.97 15.94 15.81 5.05 8.21 16.06 15.69 6.75
01.02.2004 21:01:06 65.19 61.88 49.06 39.38 25.63 24.88 594 27.94 23.06 11.69 5.44 9.71 17.56 18.19 4.86 9.08 16.88 17.31 8.06 10.93 15.88 15.81 5.05 8.21 16.06 15.63 6.94
01.02.2004 21:02:06 65.19 61.88 49.06 39.38 25.63 24.88 594 27.94 23.00 11.69 5.44 9.66 17.56 18.13 4.86 9.03 16.81 17.31 8.06 10.93 15.88 15.81 5.05 8.16 16.06 15.63 6.88
01.02.2004 21:03:06 65.19 61.88 49.06 39.38 25.63 24.88 594 27.94 23.00 11.69 5.44 9.66 17.56 18.13 4.91 9.03 16.81 17.25 8.06 10.93 15.81 15.81 5.10 8.16 16.00 15.63 6.69
01.02.2004 21:04:06 65.19 61.88 49.06 39.38 25.63 24.88 594 27.94 23.00 11.69 5.49 9.66 17.50 18.13 4.91 9.03 16.75 17.25 8.06 10.88 15.81 15.81 5.10 8.16 16.00 15.63 6.63
01.02.2004 21:05:06 65.19 61.88 49.06 39.38 25.63 24.88 594 27.94 23.00 11.69 5.49 9.62 17.50 18.06 4.91 8.98 16.75 17.25 8.06 10.88 15.81 15.75 5.10 8.11 16.00 15.56 6.63
01.02.2004 21:06:06 65.19 61.88 49.00 39.38 25.63 24.88 593 27.94 23.00 11.69 5.49 9.62 17.50 18.06 4.91 8.98 16.75 17.19 8.06 10.83 15.81 15.75 5.10 8.11 16.00 15.56 6.69
01.02.2004 21:07:06 65.19 61.88 49.00 39.31 25.63 24.88 593 27.94 22.94 11.69 5.44 9.62 17.44 18.06 4.95 8.98 16.69 17.19 8.06 10.83 15.75 15.75 5.10 8.06 15.94 15.56 7.06
01.02.2004 21:08:06 65.19 61.88 49.00 39.31 25.63 24.88 593 27.94 23.00 11.69 5.49 9.57 17.44 18.00 4.95 8.94 16.69 17.19 8.06 10.83 15.75 15.75 5.10 8.06 15.94 15.50 7.06
01.02.2004 21:09:06 65.19 61.88 49.00 39.31 25.63 24.88 593 27.94 22.94 11.63 5.49 9.57 17.44 18.00 4.95 8.89 16.69 17.19 8.06 10.83 15.75 15.69 5.15 8.06 15.94 15.50 7.13
01.02.2004 21:10:06 65.19 61.88 49.00 39.31 25.63 24.88 593 27.94 22.94 11.63 5.49 9.52 17.38 18.00 4.95 8.89 16.63 17.13 8.06 10.78 15.69 15.69 5.15 8.06 15.88 15.50 7.06
01.02.2004 21:11:06 65.19 61.88 49.00 39.31 25.56 24.88 593 27.94 22.94 11.63 5.49 9.52 17.38 17.94 5.00 8.89 16.63 17.13 8.06 10.78 15.69 15.69 5.15 8.01 15.88 15.50 7.06
01.02.2004 21:12:06 65.19 61.88 49.00 39.31 25.63 24.88 593 27.94 22.94 11.63 5.49 9.52 17.38 17.94 5.00 8.84 16.63 17.13 8.06 10.78 15.69 15.69 5.15 8.01 15.88 15.50 6.94
01.02.2004 21:13:06 65.19 61.88 49.00 39.31 25.56 24.88 593 27.94 22.94 11.63 5.49 9.47 17.31 17.94 5.00 8.84 16.63 17.06 8.06 10.73 15.69 15.63 5.20 8.01 15.81 15.44 6.94
01.02.2004 21:14:06 65.19 61.88 49.00 39.31 25.56 24.94 593 27.94 22.88 11.63 5.49 9.47 17.31 17.88 5.05 8.84 16.56 17.06 8.06 10.73 15.63 15.63 5.20 7.96 15.81 15.44 7.00
01.02.2004 21:15:06 65.19 61.88 48.94 39.31 25.63 24.88 593 27.94 22.88 11.63 5.54 9.47 17.31 17.88 5.05 8.79 16.56 17.06 8.06 10.73 15.63 15.63 5.20 7.96 15.81 15.44 6.75
01.02.2004 21:16:06 65.19 61.88 48.94 39.31 25.63 24.88 593 27.94 22.88 11.63 5.54 9.42 17.31 17.88 5.05 8.79 16.56 17.00 8.06 10.73 15.56 15.56 5.20 7.96 15.81 15.44 6.69
01.02.2004 21:17:06 65.19 61.88 48.94 39.31 25.56 24.88 593 27.94 22.88 11.63 5.54 9.42 17.25 17.81 5.05 8.79 16.50 17.00 8.06 10.68 15.56 15.56 5.25 7.92 15.75 15.38 6.75
01.02.2004 21:18:06 65.19 61.81 48.94 39.31 25.63 24.88 592 27.94 22.81 11.63 5.54 9.37 17.25 17.81 5.05 8.74 16.50 17.00 8.06 10.68 15.56 15.56 5.25 7.92 15.75 15.38 7.13
01.02.2004 21:19:06 65.19 61.81 48.94 39.31 25.63 24.88 592 27.94 22.88 11.56 5.54 9.37 17.25 17.81 5.15 8.74 16.50 16.94 8.11 10.68 15.50 15.56 5.25 7.92 15.75 15.38 7.44
01.02.2004 21:20:06 65.19 61.81 48.94 39.31 25.56 24.88 592 28.00 22.81 11.56 5.54 9.37 17.19 17.75 5.15 8.74 16.44 16.94 8.11 10.64 15.50 15.56 5.29 7.92 15.69 15.38 7.50
01.02.2004 21:21:06 65.19 61.81 48.94 39.31 25.63 24.88 592 27.94 22.81 11.56 5.59 9.32 17.19 17.75 5.20 8.69 16.44 16.88 8.16 10.64 15.50 15.50 5.29 7.87 15.69 15.38 7.25
01.02.2004 21:22:06 65.19 61.81 48.88 39.31 25.56 24.88 592 27.94 22.81 11.56 5.59 9.32 17.19 17.69 5.25 8.69 16.44 16.88 8.16 10.64 15.50 15.50 5.34 7.87 15.69 15.38 7.44
01.02.2004 21:23:06 65.19 61.81 48.88 39.31 25.63 24.88 592 27.94 22.81 11.56 5.63 9.32 17.13 17.69 5.25 8.69 16.44 16.88 8.21 10.64 15.44 15.50 5.39 7.87 15.69 15.31 7.50
01.02.2004 21:24:06 65.13 61.81 48.88 39.31 25.63 24.88 592 27.94 22.75 11.56 5.63 9.32 17.13 17.69 5.29 8.64 16.38 16.88 8.21 10.59 15.44 15.50 5.44 7.87 15.63 15.31 7.44
01.02.2004 21:25:06 65.13 61.81 48.88 39.25 25.63 24.88 592 27.94 22.75 11.56 5.63 9.28 17.13 17.63 5.29 8.64 16.38 16.81 8.21 10.59 15.44 15.50 5.44 7.82 15.63 15.31 7.25
01.02.2004 21:26:06 65.13 61.81 48.88 39.31 25.56 24.88 592 27.94 22.75 11.56 5.63 9.28 17.06 17.63 5.29 8.64 16.31 16.81 8.21 10.59 15.44 15.44 5.44 7.82 15.63 15.31 7.06
01.02.2004 21:27:06 65.19 61.81 48.88 39.31 25.63 24.88 592 27.94 22.75 11.50 5.63 9.28 17.06 17.63 5.34 8.64 16.38 16.81 8.21 10.59 15.38 15.44 5.44 7.82 15.56 15.31 7.00
01.02.2004 21:28:06 65.13 61.81 48.88 39.31 25.63 24.88 592 27.94 22.75 11.50 5.63 9.28 17.06 17.56 5.34 8.60 16.31 16.75 8.21 10.54 15.38 15.44 5.49 7.82 15.56 15.25 7.00
01.02.2004 21:29:06 65.13 61.81 48.88 39.25 25.56 24.88 591 27.94 22.75 11.50 5.63 9.23 17.06 17.56 5.34 8.60 16.31 16.75 8.21 10.54 15.38 15.44 5.44 7.77 15.56 15.25 6.94
01.02.2004 21:30:06 65.13 61.75 48.88 39.25 25.63 24.88 591 27.94 22.75 11.50 5.59 9.23 17.00 17.56 5.34 8.60 16.25 16.75 8.21 10.54 15.31 15.38 5.49 7.77 15.50 15.25 7.00
01.02.2004 21:31:06 65.13 61.75 48.88 39.25 25.56 24.88 591 27.94 22.75 11.50 5.59 9.18 17.00 17.56 5.34 8.60 16.25 16.69 8.16 10.54 15.31 15.38 5.44 7.77 15.50 15.25 7.50
01.02.2004 21:33:06 65.13 61.75 48.81 39.25 25.56 24.88 591 28.00 22.75 11.50 5.59 9.18 16.94 17.50 5.34 8.55 16.19 16.69 8.21 10.49 15.25 15.38 5.44 7.72 15.50 15.19 7.75
01.02.2004 21:34:06 65.13 61.75 48.81 39.25 25.63 24.88 591 27.94 22.75 11.50 5.59 9.18 16.94 17.50 5.34 8.55 16.19 16.69 8.21 10.49 15.25 15.38 5.44 7.72 15.50 15.19 7.50
01.02.2004 21:35:06 65.13 61.75 48.81 39.25 25.63 24.88 591 27.94 22.69 11.50 5.63 9.13 16.94 17.44 5.39 8.55 16.19 16.63 8.21 10.49 15.25 15.31 5.49 7.72 15.44 15.19 7.38
01.02.2004 21:36:06 65.13 61.75 48.81 39.25 25.63 24.88 591 27.94 22.69 11.50 5.63 9.13 16.88 17.44 5.34 8.50 16.19 16.63 8.21 10.44 15.19 15.31 5.49 7.72 15.44 15.19 7.31
01.02.2004 21:37:06 65.13 61.75 48.81 39.25 25.63 24.88 591 27.94 22.69 11.50 5.59 9.13 16.88 17.44 5.34 8.50 16.19 16.63 8.21 10.44 15.19 15.31 5.49 7.72 15.38 15.19 7.25
01.02.2004 21:38:06 65.13 61.75 48.81 39.25 25.63 24.88 591 27.94 22.69 11.44 5.59 9.13 16.88 17.38 5.34 8.50 16.19 16.56 8.16 10.44 15.19 15.31 5.44 7.67 15.38 15.13 7.25
01.02.2004 21:39:06 65.13 61.75 48.75 39.25 25.63 24.88 591 28.00 22.69 11.44 5.54 9.08 16.81 17.38 5.29 8.50 16.13 16.56 8.16 10.44 15.19 15.25 5.44 7.67 15.38 15.13 7.19
01.02.2004 21:40:06 65.13 61.75 48.81 39.25 25.63 24.88 591 27.94 22.69 11.44 5.54 9.08 16.88 17.38 5.25 8.50 16.13 16.56 8.16 10.44 15.13 15.25 5.39 7.67 15.38 15.13 7.19
01.02.2004 21:41:06 65.13 61.69 48.75 39.25 25.63 24.88 590 27.94 22.69 11.44 5.49 9.08 16.81 17.31 5.25 8.45 16.13 16.50 8.11 10.39 15.13 15.25 5.39 7.62 15.38 15.13 7.25
01.02.2004 21:42:06 65.13 61.69 48.75 39.25 25.63 24.88 590 27.94 22.69 11.44 5.49 9.03 16.81 17.31 5.20 8.45 16.13 16.50 8.11 10.39 15.13 15.25 5.34 7.62 15.31 15.13 7.31
01.02.2004 21:43:06 65.13 61.69 48.75 39.25 25.63 24.88 590 27.94 22.63 11.44 5.49 9.03 16.81 17.31 5.20 8.45 16.13 16.50 8.11 10.39 15.13 15.25 5.34 7.62 15.31 15.06 7.50
01.02.2004 21:44:06 65.13 61.69 48.75 39.25 25.63 24.88 590 27.94 22.69 11.44 5.44 9.03 16.81 17.25 5.20 8.40 16.13 16.50 8.11 10.34 15.06 15.19 5.34 7.62 15.31 15.06 7.56
01.02.2004 21:45:06 65.13 61.69 48.75 39.25 25.63 24.88 590 27.94 22.63 11.44 5.44 8.98 16.75 17.25 5.15 8.40 16.06 16.44 8.11 10.34 15.06 15.19 5.29 7.58 15.31 15.06 7.44
01.02.2004 21:46:06 65.13 61.69 48.75 39.25 25.63 24.88 590 27.94 22.63 11.44 5.44 8.98 16.75 17.25 5.15 8.40 16.06 16.44 8.11 10.34 15.06 15.19 5.29 7.58 15.25 15.06 7.44
01.02.2004 21:47:06 65.13 61.69 48.75 39.25 25.63 24.88 590 27.94 22.63 11.38 5.39 8.98 16.75 17.25 5.15 8.40 16.06 16.44 8.11 10.34 15.06 15.19 5.29 7.58 15.25 15.06 7.50
01.02.2004 21:48:06 65.13 61.69 48.75 39.25 25.63 24.88 590 27.94 22.63 11.44 5.39 8.98 16.69 17.19 5.10 8.35 16.06 16.38 8.11 10.34 15.00 15.19 5.29 7.58 15.25 15.00 7.50
01.02.2004 21:49:06 65.13 61.69 48.75 39.25 25.63 24.88 590 27.94 22.56 11.38 5.39 8.94 16.69 17.19 5.10 8.35 16.06 16.38 8.11 10.30 15.00 15.13 5.29 7.58 15.25 15.00 7.44
01.02.2004 21:50:06 65.13 61.69 48.69 39.25 25.63 24.88 590 27.94 22.56 11.38 5.39 8.94 16.69 17.13 5.10 8.35 16.00 16.38 8.11 10.30 15.00 15.13 5.25 7.53 15.19 15.00 7.19
01.02.2004 21:51:06 65.13 61.69 48.69 39.25 25.63 24.88 590 27.94 22.56 11.44 5.34 8.94 16.69 17.13 5.05 8.35 16.00 16.38 8.11 10.30 15.00 15.13 5.25 7.53 15.19 15.00 7.06
01.02.2004 21:52:06 65.13 61.63 48.69 39.25 25.63 24.88 589 27.94 22.56 11.38 5.34 8.89 16.63 17.13 5.05 8.30 16.00 16.31 8.06 10.30 14.94 15.13 5.25 7.53 15.19 15.00 6.94
01.02.2004 21:53:06 65.13 61.63 48.69 39.25 25.63 24.88 589 27.88 22.56 11.38 5.34 8.89 16.63 17.06 5.00 8.30 15.94 16.31 8.06 10.25 14.94 15.13 5.20 7.53 15.19 15.00 6.88
01.02.2004 21:54:06 65.13 61.63 48.69 39.25 25.63 24.88 589 27.94 22.56 11.38 5.29 8.84 16.63 17.13 5.00 8.30 15.94 16.31 8.06 10.25 14.94 15.06 5.20 7.48 15.19 14.94 6.94
01.02.2004 21:55:06 65.13 61.63 48.69 39.19 25.63 24.88 589 27.94 22.56 11.38 5.29 8.84 16.56 17.06 4.95 8.30 15.94 16.25 8.01 10.25 14.88 15.06 5.20 7.48 15.13 14.94 6.94
01.02.2004 21:56:06 65.13 61.63 48.69 39.25 25.63 24.88 589 27.94 22.50 11.38 5.25 8.84 16.56 17.06 4.95 8.26 15.88 16.25 8.01 10.20 14.88 15.06 5.15 7.48 15.13 14.94 7.00
01.02.2004 21:57:06 65.13 61.63 48.69 39.19 25.63 24.88 589 27.94 22.50 11.38 5.25 8.84 16.56 17.06 4.91 8.26 15.88 16.25 8.01 10.20 14.88 15.06 5.15 7.48 15.13 14.94 6.94
01.02.2004 21:58:06 65.13 61.63 48.63 39.19 25.63 24.88 589 27.94 22.50 11.38 5.20 8.79 16.56 17.00 4.91 8.26 15.88 16.25 8.01 10.20 14.88 15.06 5.15 7.48 15.13 14.88 6.88
01.02.2004 21:59:06 65.13 61.63 48.63 39.19 25.63 24.88 589 27.94 22.50 11.31 5.20 8.79 16.56 17.00 4.86 8.21 15.81 16.19 8.01 10.20 14.88 15.06 5.10 7.43 15.06 14.88 6.94
01.02.2004 22:00:07 65.13 61.63 48.63 39.19 25.63 24.88 589 27.94 22.50 11.31 5.15 8.79 16.50 17.00 4.86 8.21 15.88 16.19 7.96 10.20 14.81 15.00 5.10 7.43 15.06 14.88 6.88
01.02.2004 22:01:06 65.13 61.63 48.63 39.19 25.63 24.88 589 27.94 22.50 11.31 5.15 8.74 16.50 16.94 4.81 8.21 15.81 16.19 7.96 10.15 14.81 15.00 5.05 7.43 15.00 14.88 6.81
01.02.2004 22:02:06 65.13 61.56 48.63 39.19 25.63 24.88 589 27.94 22.44 11.31 5.15 8.74 16.50 16.94 4.81 8.16 15.81 16.13 7.96 10.15 14.81 15.00 5.05 7.43 15.00 14.88 7.00
01.02.2004 22:03:06 65.13 61.56 48.63 39.19 25.63 24.88 589 27.94 22.44 11.31 5.10 8.74 16.44 16.94 4.81 8.16 15.75 16.13 7.96 10.15 14.75 15.00 5.00 7.38 15.00 14.88 7.13
01.02.2004 22:04:06 65.13 61.56 48.63 39.19 25.63 24.88 589 27.94 22.44 11.31 5.05 8.69 16.44 16.88 4.76 8.16 15.75 16.13 7.92 10.15 14.75 14.94 5.00 7.38 14.94 14.88 7.13
01.02.2004 22:05:06 65.13 61.56 48.63 39.19 25.63 24.88 589 27.88 22.44 11.31 5.05 8.69 16.44 16.88 4.76 8.11 15.75 16.13 7.92 10.10 14.75 14.94 5.00 7.33 15.00 14.81 7.06
01.02.2004 22:06:06 65.13 61.56 48.63 39.19 25.63 24.88 589 27.88 22.44 11.31 5.05 8.69 16.44 16.88 4.71 8.11 15.75 16.06 7.92 10.10 14.75 14.94 4.95 7.33 15.00 14.81 7.00
01.02.2004 22:07:06 65.13 61.56 48.63 39.19 25.63 24.88 589 27.94 22.44 11.31 5.00 8.69 16.38 16.88 4.71 8.11 15.69 16.06 7.87 10.10 14.69 14.94 4.95 7.33 14.94 14.81 7.00
01.02.2004 22:08:06 65.13 61.56 48.56 39.19 25.63 24.88 588 27.88 22.44 11.25 5.00 8.64 16.38 16.81 4.66 8.06 15.69 16.06 7.87 10.10 14.69 14.94 4.95 7.33 14.94 14.81 7.19
01.02.2004 22:09:06 65.13 61.56 48.56 39.19 25.63 24.88 588 27.88 22.44 11.25 4.95 8.60 16.38 16.81 4.66 8.06 15.69 16.00 7.87 10.05 14.69 14.88 4.95 7.28 14.94 14.81 7.44
01.02.2004 22:10:06 65.13 61.56 48.56 39.19 25.63 24.88 588 27.88 22.38 11.25 5.00 8.60 16.31 16.81 4.66 8.06 15.69 16.00 7.87 10.05 14.69 14.94 4.95 7.28 14.94 14.75 7.38
01.02.2004 22:11:06 65.13 61.50 48.56 39.19 25.63 24.88 588 27.88 22.38 11.31 5.00 8.60 16.31 16.75 4.66 8.01 15.63 16.00 7.92 10.05 14.69 14.88 4.95 7.28 14.88 14.75 7.06
01.02.2004 22:12:06 65.13 61.56 48.56 39.19 25.63 24.88 588 27.88 22.38 11.25 5.00 8.60 16.31 16.75 4.66 8.01 15.63 16.00 7.87 10.05 14.63 14.88 4.95 7.28 14.88 14.75 7.00
01.02.2004 22:13:06 65.06 61.56 48.56 39.13 25.63 24.88 588 27.88 22.38 11.25 4.95 8.55 16.31 16.75 4.66 8.01 15.63 16.00 7.87 10.05 14.63 14.88 4.95 7.28 14.94 14.75 7.13
01.02.2004 22:14:06 65.13 61.56 48.56 39.19 25.63 24.88 588 27.88 22.38 11.25 4.95 8.55 16.25 16.75 4.66 7.96 15.63 15.94 7.87 10.00 14.63 14.81 4.95 7.24 14.88 14.75 7.69
01.02.2004 22:15:06 65.13 61.50 48.56 39.19 25.63 24.88 588 27.88 22.38 11.25 4.95 8.50 16.25 16.69 4.66 7.96 15.56 15.94 7.87 10.00 14.63 14.81 4.95 7.24 14.88 14.75 7.81
01.02.2004 22:16:06 65.13 61.50 48.56 39.13 25.63 24.88 588 27.88 22.38 11.25 5.00 8.50 16.25 16.69 4.71 7.92 15.56 15.94 7.92 10.00 14.56 14.81 4.95 7.24 14.88 14.69 7.94
01.02.2004 22:17:06 65.13 61.50 48.50 39.13 25.63 24.88 587 27.88 22.38 11.25 5.05 8.50 16.25 16.69 4.71 7.92 15.56 15.94 7.92 10.00 14.56 14.81 4.95 7.24 14.88 14.69 7.94
01.02.2004 22:18:06 65.13 61.50 48.50 39.13 25.63 24.88 587 27.88 22.38 11.25 5.05 8.45 16.19 16.69 4.76 7.87 15.56 15.88 7.96 10.00 14.56 14.81 5.00 7.19 14.81 14.69 8.06
01.02.2004 22:19:06 65.06 61.50 48.50 39.13 25.63 24.88 587 27.88 22.38 11.25 5.10 8.45 16.19 16.63 4.81 7.87 15.50 15.88 8.01 9.96 14.50 14.75 5.05 7.19 14.81 14.69 8.13
01.02.2004 22:20:06 65.06 61.50 48.50 39.13 25.63 24.88 587 27.88 22.31 11.25 5.15 8.45 16.19 16.63 4.86 7.87 15.50 15.88 8.01 9.96 14.56 14.75 5.10 7.19 14.81 14.69 8.13
01.02.2004 22:21:06 65.06 61.50 48.50 39.13 25.63 24.81 587 27.88 22.31 11.25 5.20 8.45 16.19 16.63 4.86 7.82 15.50 15.81 8.06 9.96 14.50 14.75 5.15 7.19 14.81 14.63 8.13
01.02.2004 22:22:06 65.06 61.50 48.50 39.13 25.63 24.81 587 27.88 22.31 11.25 5.25 8.45 16.19 16.56 4.91 7.82 15.50 15.81 8.06 9.96 14.50 14.75 5.15 7.19 14.81 14.63 8.06
01.02.2004 22:23:06 65.06 61.50 48.50 39.13 25.63 24.81 587 27.88 22.31 11.25 5.25 8.40 16.13 16.56 4.95 7.82 15.44 15.81 8.06 9.96 14.50 14.75 5.20 7.19 14.81 14.63 8.19
01.02.2004 22:24:06 65.13 61.50 48.50 39.13 25.63 24.81 587 27.88 22.31 11.25 5.29 8.40 16.13 16.56 4.95 7.82 15.44 15.81 8.11 9.96 14.44 14.69 5.20 7.19 14.75 14.63 8.00
01.02.2004 22:25:06 65.06 61.44 48.50 39.13 25.63 24.81 586 27.88 22.31 11.25 5.34 8.40 16.13 16.56 5.00 7.77 15.44 15.75 8.16 9.96 14.44 14.69 5.25 7.19 14.75 14.63 7.69
01.02.2004 22:26:06 65.06 61.44 48.44 39.13 25.63 24.81 586 27.88 22.31 11.25 5.34 8.40 16.13 16.56 5.05 7.77 15.44 15.75 8.16 9.96 14.44 14.69 5.25 7.19 14.69 14.63 7.75
01.02.2004 22:27:06 65.06 61.44 48.44 39.13 25.63 24.88 586 27.88 22.31 11.25 5.34 8.40 16.06 16.50 5.05 7.77 15.38 15.75 8.16 9.96 14.38 14.69 5.29 7.19 14.69 14.63 7.63
01.02.2004 22:28:06 65.06 61.44 48.44 39.13 25.63 24.81 586 27.88 22.25 11.19 5.39 8.40 16.06 16.50 5.10 7.77 15.44 15.75 8.16 9.91 14.38 14.63 5.29 7.19 14.69 14.56 7.94
01.02.2004 22:29:06 65.06 61.44 48.44 39.13 25.63 24.81 586 27.88 22.25 11.25 5.39 8.40 16.06 16.50 5.15 7.77 15.38 15.69 8.21 9.91 14.38 14.63 5.34 7.19 14.69 14.56 8.56
01.02.2004 22:30:06 65.06 61.44 48.44 39.13 25.63 24.81 586 27.88 22.25 11.25 5.44 8.40 16.00 16.44 5.20 7.72 15.38 15.69 8.21 9.91 14.38 14.63 5.39 7.14 14.63 14.56 8.63
01.02.2004 22:31:06 65.06 61.44 48.44 39.13 25.69 24.81 586 27.88 22.25 11.19 5.49 8.35 16.00 16.44 5.29 7.72 15.38 15.69 8.26 9.91 14.38 14.63 5.44 7.19 14.63 14.56 8.50
01.02.2004 22:32:06 65.06 61.44 48.44 39.06 25.63 24.81 586 27.88 22.25 11.19 5.54 8.35 16.00 16.44 5.34 7.72 15.38 15.63 8.30 9.91 14.31 14.63 5.44 7.19 14.63 14.50 8.38
01.02.2004 22:33:06 65.06 61.44 48.44 39.13 25.63 24.81 586 27.88 22.25 11.19 5.54 8.35 16.00 16.44 5.34 7.72 15.31 15.69 8.30 9.91 14.31 14.56 5.49 7.19 14.56 14.50 8.25
01.02.2004 22:34:06 65.06 61.44 48.38 39.06 25.63 24.88 586 27.88 22.25 11.19 5.59 8.35 16.00 16.38 5.39 7.72 15.31 15.63 8.30 9.91 14.31 14.56 5.49 7.19 14.56 14.50 8.31
01.02.2004 22:35:06 65.06 61.38 48.38 39.13 25.63 24.88 586 27.88 22.19 11.19 5.63 8.35 15.94 16.38 5.44 7.72 15.31 15.63 8.35 9.91 14.25 14.56 5.54 7.14 14.50 14.50 8.19
01.02.2004 22:36:06 65.06 61.38 48.38 39.13 25.63 24.88 586 27.88 22.19 11.19 5.63 8.35 15.94 16.38 5.49 7.72 15.31 15.63 8.35 9.91 14.25 14.56 5.59 7.14 14.50 14.50 8.31
01.02.2004 22:37:06 65.06 61.38 48.38 39.06 25.63 24.88 585 27.88 22.19 11.19 5.68 8.35 15.94 16.38 5.49 7.72 15.25 15.63 8.35 9.91 14.25 14.50 5.59 7.14 14.50 14.50 8.25
01.02.2004 22:38:06 65.06 61.38 48.38 39.06 25.63 24.88 585 27.88 22.19 11.19 5.68 8.35 15.94 16.31 5.54 7.72 15.25 15.56 8.40 9.91 14.25 14.50 5.63 7.19 14.50 14.50 8.19
01.02.2004 22:39:06 65.06 61.38 48.38 39.06 25.63 24.88 585 27.88 22.19 11.19 5.73 8.35 15.88 16.31 5.59 7.67 15.25 15.56 8.40 9.86 14.25 14.50 5.63 7.14 14.44 14.44 8.31
01.02.2004 22:40:06 65.06 61.38 48.38 39.06 25.63 24.88 585 27.81 22.19 11.19 5.73 8.35 15.88 16.31 5.59 7.67 15.25 15.56 8.45 9.86 14.19 14.50 5.68 7.14 14.44 14.44 8.31
01.02.2004 22:41:06 65.06 61.38 48.38 39.06 25.63 24.88 585 27.81 22.19 11.19 5.78 8.35 15.88 16.31 5.63 7.72 15.25 15.50 8.50 9.86 14.19 14.50 5.73 7.19 14.44 14.44 8.75
01.02.2004 22:42:06 65.06 61.38 48.38 39.06 25.63 24.88 585 27.81 22.19 11.19 5.78 8.35 15.88 16.31 5.68 7.72 15.19 15.50 8.50 9.86 14.19 14.44 5.78 7.19 14.44 14.44 8.81
01.02.2004 22:43:06 65.06 61.38 48.31 39.06 25.63 24.88 585 27.88 22.19 11.19 5.88 8.35 15.81 16.25 5.73 7.72 15.19 15.50 8.55 9.86 14.13 14.44 5.83 7.19 14.38 14.44 9.00
01.02.2004 22:44:06 65.06 61.38 48.31 39.06 25.63 24.88 585 27.81 22.19 11.19 5.88 8.35 15.81 16.25 5.83 7.72 15.19 15.50 8.55 9.86 14.13 14.44 5.88 7.19 14.38 14.44 9.06
01.02.2004 22:45:06 65.06 61.31 48.31 39.06 25.63 24.88 585 27.81 22.13 11.19 5.93 8.35 15.81 16.19 5.93 7.72 15.19 15.50 8.60 9.86 14.13 14.44 5.93 7.19 14.31 14.38 9.06
01.02.2004 22:46:06 65.06 61.31 48.31 39.06 25.69 24.88 585 27.81 22.13 11.19 5.97 8.35 15.81 16.25 5.97 7.72 15.13 15.44 8.64 9.86 14.13 14.38 5.97 7.19 14.31 14.38 9.00
01.02.2004 22:47:06 65.06 61.31 48.31 39.06 25.69 24.88 585 27.81 22.13 11.19 6.02 8.40 15.81 16.19 6.02 7.72 15.13 15.44 8.69 9.86 14.06 14.38 6.02 7.24 14.31 14.38 9.06
01.02.2004 22:48:06 65.06 61.31 48.31 39.06 25.63 24.88 585 27.81 22.13 11.13 6.07 8.40 15.81 16.19 6.12 7.77 15.13 15.44 8.74 9.86 14.06 14.38 6.02 7.24 14.25 14.38 9.06
01.02.2004 22:49:06 65.06 61.31 48.31 39.06 25.69 24.88 585 27.81 22.13 11.19 6.12 8.40 15.75 16.19 6.17 7.77 15.13 15.44 8.74 9.86 14.06 14.38 6.12 7.24 14.25 14.38 8.88
01.02.2004 22:50:06 65.06 61.31 48.31 39.06 25.69 24.88 585 27.81 22.13 11.13 6.17 8.45 15.75 16.13 6.27 7.77 15.06 15.38 8.79 9.86 14.00 14.38 6.12 7.24 14.19 14.31 8.81
01.02.2004 22:51:06 65.06 61.31 48.25 39.00 25.63 24.88 584 27.81 22.06 11.13 6.22 8.45 15.75 16.13 6.27 7.77 15.13 15.38 8.79 9.86 14.00 14.31 6.17 7.24 14.19 14.31 8.81
01.02.2004 22:52:06 65.06 61.31 48.25 39.00 25.69 24.88 584 27.81 22.13 11.13 6.27 8.45 15.75 16.13 6.31 7.77 15.06 15.38 8.84 9.86 14.00 14.31 6.22 7.24 14.19 14.31 8.88
01.02.2004 22:53:06 65.06 61.31 48.25 39.00 25.63 24.88 584 27.81 22.06 11.13 6.31 8.45 15.69 16.13 6.36 7.77 15.06 15.38 8.84 9.86 14.00 14.31 6.27 7.24 14.19 14.31 8.94
01.02.2004 22:54:06 65.06 61.25 48.25 39.06 25.69 24.88 584 27.81 22.06 11.13 6.31 8.45 15.69 16.06 6.41 7.82 15.06 15.38 8.89 9.86 13.94 14.31 6.27 7.28 14.13 14.31 9.13
01.02.2004 22:55:06 65.06 61.25 48.25 39.00 25.69 24.88 584 27.81 22.06 11.13 6.36 8.50 15.69 16.06 6.46 7.82 15.06 15.38 8.89 9.86 13.94 14.25 6.31 7.28 14.13 14.31 9.13
01.02.2004 22:56:06 65.06 61.25 48.25 39.00 25.63 24.88 584 27.81 22.06 11.13 6.36 8.50 15.69 16.06 6.51 7.82 15.00 15.31 8.89 9.86 13.94 14.25 6.36 7.28 14.13 14.25 9.19
01.02.2004 22:57:06 65.06 61.25 48.25 39.00 25.63 24.88 584 27.75 22.06 11.13 6.41 8.50 15.69 16.06 6.51 7.82 15.00 15.31 8.89 9.86 13.88 14.25 6.36 7.28 14.06 14.25 9.06
01.02.2004 22:58:06 65.06 61.25 48.19 39.00 25.63 24.88 583 27.75 22.06 11.13 6.41 8.55 15.63 16.00 6.56 7.82 15.00 15.31 8.89 9.86 13.88 14.25 6.41 7.28 14.06 14.25 9.19
01.02.2004 22:59:06 65.06 61.25 48.19 39.00 25.69 24.88 584 27.75 22.00 11.13 6.46 8.55 15.63 16.00 6.56 7.87 15.00 15.31 8.94 9.86 13.88 14.19 6.41 7.33 14.06 14.25 9.19
01.02.2004 23:00:07 65.00 61.25 48.19 39.00 25.69 24.88 583 27.75 22.00 11.13 6.51 8.55 15.63 16.00 6.60 7.87 15.00 15.25 8.94 9.86 13.88 14.25 6.46 7.33 14.00 14.19 9.19
01.02.2004 23:01:06 65.00 61.25 48.25 39.00 25.69 24.88 583 27.75 22.00 11.13 6.51 8.55 15.63 16.00 6.60 7.87 14.94 15.25 8.94 9.86 13.88 14.19 6.46 7.33 14.00 14.19 9.13
01.02.2004 23:02:06 65.00 61.25 48.19 39.00 25.69 24.88 583 27.75 22.00 11.13 6.51 8.55 15.63 16.00 6.65 7.87 14.94 15.25 8.94 9.86 13.81 14.19 6.46 7.33 13.94 14.19 9.06
01.02.2004 23:03:06 65.06 61.25 48.19 39.00 25.69 24.88 584 27.75 22.00 11.13 6.56 8.55 15.56 15.94 6.65 7.87 14.94 15.19 8.94 9.86 13.81 14.19 6.46 7.38 13.94 14.19 9.06
01.02.2004 23:04:06 65.06 61.19 48.19 39.00 25.69 24.88 583 27.75 22.00 11.13 6.56 8.60 15.56 15.94 6.65 7.87 14.94 15.19 8.94 9.86 13.75 14.13 6.46 7.38 13.94 14.19 9.00
01.02.2004 23:05:06 65.06 61.19 48.19 39.00 25.69 24.88 583 27.75 22.00 11.13 6.56 8.60 15.56 15.94 6.65 7.92 14.94 15.19 8.94 9.86 13.75 14.13 6.46 7.38 13.94 14.19 8.88
01.02.2004 23:06:06 65.00 61.25 48.19 39.00 25.69 24.88 583 27.75 22.00 11.13 6.56 8.60 15.56 15.94 6.65 7.92 14.88 15.19 8.94 9.86 13.75 14.13 6.46 7.38 13.88 14.19 8.88
01.02.2004 23:07:06 65.06 61.19 48.19 39.00 25.69 24.88 583 27.75 22.00 11.13 6.56 8.60 15.56 15.88 6.60 7.92 14.88 15.13 8.94 9.86 13.75 14.13 6.51 7.38 13.88 14.13 8.94
01.02.2004 23:08:06 65.00 61.19 48.19 39.00 25.69 24.88 583 27.69 22.00 11.13 6.56 8.60 15.50 15.88 6.60 7.92 14.88 15.13 8.94 9.86 13.75 14.13 6.51 7.38 13.88 14.13 8.94
01.02.2004 23:09:06 65.00 61.19 48.19 39.00 25.69 24.88 583 27.75 21.94 11.13 6.56 8.60 15.50 15.88 6.60 7.92 14.88 15.13 8.94 9.86 13.69 14.13 6.46 7.38 13.88 14.13 8.88
01.02.2004 23:10:06 65.00 61.19 48.13 39.00 25.69 24.88 582 27.75 21.94 11.13 6.56 8.60 15.50 15.88 6.60 7.92 14.88 15.13 8.94 9.86 13.69 14.06 6.46 7.38 13.81 14.13 8.88
01.02.2004 23:11:06 65.00 61.19 48.13 39.00 25.69 24.88 582 27.69 21.94 11.06 6.56 8.60 15.50 15.88 6.60 7.92 14.81 15.06 8.89 9.86 13.69 14.06 6.46 7.38 13.81 14.13 8.94
01.02.2004 23:12:06 65.00 61.19 48.13 39.00 25.69 24.88 582 27.69 21.94 11.06 6.56 8.60 15.44 15.81 6.60 7.92 14.81 15.06 8.89 9.86 13.63 14.06 6.46 7.43 13.81 14.06 8.81
01.02.2004 23:13:06 65.00 61.19 48.13 38.94 25.69 24.88 582 27.69 21.94 11.13 6.56 8.60 15.44 15.81 6.56 7.92 14.81 15.06 8.89 9.86 13.63 14.06 6.46 7.38 13.81 14.06 8.69
01.02.2004 23:14:06 65.00 61.19 48.13 39.00 25.69 24.88 582 27.69 21.94 11.06 6.56 8.60 15.44 15.81 6.56 7.92 14.81 15.06 8.89 9.86 13.63 14.00 6.46 7.43 13.81 14.06 9.00
01.02.2004 23:15:06 65.00 61.13 48.13 39.00 25.69 24.88 582 27.69 21.94 11.13 6.51 8.60 15.44 15.75 6.56 7.96 14.81 15.06 8.89 9.86 13.56 14.00 6.46 7.43 13.75 14.06 9.00
01.02.2004 23:16:06 65.00 61.13 48.13 38.94 25.69 24.88 582 27.69 21.94 11.06 6.56 8.60 15.44 15.75 6.56 7.92 14.81 15.06 8.89 9.81 13.56 14.00 6.46 7.43 13.75 14.06 8.94
01.02.2004 23:17:06 65.00 61.13 48.06 38.94 25.63 24.88 582 27.69 21.88 11.06 6.56 8.60 15.38 15.75 6.56 7.96 14.81 15.00 8.89 9.81 13.56 14.00 6.46 7.43 13.75 14.06 8.81
01.02.2004 23:18:06 65.00 61.13 48.13 38.94 25.69 24.88 582 27.69 21.88 11.06 6.56 8.60 15.38 15.75 6.60 7.96 14.75 15.00 8.89 9.81 13.56 14.00 6.46 7.43 13.69 14.06 8.88
01.02.2004 23:19:06 65.00 61.13 48.13 38.94 25.69 24.88 582 27.69 21.88 11.06 6.56 8.60 15.38 15.69 6.60 7.96 14.75 15.00 8.94 9.81 13.56 14.00 6.51 7.43 13.69 14.06 8.88
01.02.2004 23:20:06 65.00 61.13 48.13 38.94 25.69 24.88 582 27.69 21.88 11.13 6.56 8.60 15.38 15.69 6.60 7.96 14.75 15.00 8.89 9.81 13.50 13.94 6.51 7.48 13.69 14.00 9.00
01.02.2004 23:21:06 65.00 61.13 48.06 38.94 25.69 24.88 582 27.69 21.88 11.06 6.56 8.64 15.38 15.69 6.60 7.96 14.75 15.00 8.94 9.81 13.50 13.94 6.51 7.48 13.69 14.00 9.00
01.02.2004 23:22:06 65.00 61.13 48.06 38.94 25.69 24.88 582 27.69 21.88 11.06 6.60 8.64 15.38 15.69 6.60 7.96 14.69 14.94 8.94 9.81 13.50 13.94 6.51 7.48 13.63 14.00 9.00
01.02.2004 23:23:06 65.00 61.13 48.06 38.94 25.69 24.88 582 27.69 21.88 11.06 6.60 8.64 15.31 15.63 6.65 7.96 14.69 15.00 8.94 9.81 13.50 13.94 6.56 7.48 13.63 14.00 8.88
01.02.2004 23:24:06 65.00 61.13 48.06 38.94 25.69 24.88 582 27.69 21.88 11.06 6.60 8.64 15.31 15.63 6.65 7.96 14.69 14.94 8.94 9.81 13.50 13.88 6.56 7.48 13.63 14.00 8.94
01.02.2004 23:25:08 65.00 61.13 48.06 38.94 25.69 24.88 582 27.69 21.88 11.06 6.60 8.64 15.31 15.63 6.65 7.96 14.69 14.94 8.94 9.81 13.44 13.88 6.60 7.48 13.63 13.94 9.13
01.02.2004 23:26:06 65.00 61.06 48.06 38.94 25.69 24.88 581 27.69 21.81 11.06 6.65 8.64 15.31 15.63 6.65 7.96 14.69 14.94 8.94 9.81 13.44 13.88 6.60 7.53 13.56 13.94 9.19
01.02.2004 23:27:06 65.00 61.06 48.00 38.94 25.69 24.88 581 27.69 21.81 11.06 6.65 8.64 15.25 15.56 6.65 8.01 14.69 14.88 8.94 9.81 13.44 13.88 6.65 7.53 13.56 13.94 9.06
01.02.2004 23:28:06 65.00 61.06 48.00 38.94 25.69 24.88 581 27.69 21.81 11.06 6.65 8.64 15.25 15.56 6.70 7.96 14.63 14.88 8.98 9.81 13.44 13.88 6.65 7.53 13.56 13.94 9.00
01.02.2004 23:29:06 65.00 61.06 48.00 38.94 25.69 24.81 581 27.69 21.81 11.06 6.65 8.64 15.25 15.56 6.70 8.01 14.63 14.88 8.98 9.81 13.38 13.88 6.65 7.53 13.50 13.94 8.94
01.02.2004 23:30:06 65.00 61.06 48.00 38.94 25.69 24.81 581 27.69 21.81 11.06 6.70 8.64 15.25 15.56 6.70 8.01 14.63 14.88 8.98 9.81 13.38 13.81 6.65 7.53 13.50 13.88 8.94
01.02.2004 23:31:06 65.00 61.06 48.00 38.94 25.69 24.81 581 27.69 21.81 11.06 6.65 8.64 15.25 15.50 6.70 7.96 14.63 14.88 8.98 9.81 13.31 13.81 6.65 7.53 13.50 13.94 8.69
01.02.2004 23:32:06 65.00 61.06 48.00 38.94 25.69 24.81 581 27.69 21.81 11.06 6.65 8.64 15.25 15.50 6.65 8.01 14.56 14.88 8.94 9.81 13.38 13.81 6.65 7.53 13.44 13.88 8.69
01.02.2004 23:33:06 65.00 61.06 48.00 38.94 25.69 24.81 581 27.69 21.81 11.06 6.65 8.64 15.19 15.50 6.65 7.96 14.56 14.81 8.94 9.81 13.31 13.81 6.60 7.53 13.44 13.88 8.63
01.02.2004 23:34:06 65.00 61.00 48.00 38.94 25.69 24.88 580 27.69 21.75 11.06 6.65 8.64 15.19 15.50 6.65 8.01 14.56 14.81 8.94 9.81 13.31 13.75 6.60 7.58 13.44 13.88 8.56
01.02.2004 23:35:06 65.00 61.00 48.00 38.88 25.69 24.81 580 27.69 21.75 11.06 6.65 8.64 15.19 15.50 6.65 7.96 14.56 14.81 8.94 9.76 13.31 13.75 6.60 7.58 13.44 13.88 8.50
01.02.2004 23:36:06 65.00 61.00 47.94 38.94 25.69 24.88 580 27.63 21.81 11.06 6.65 8.64 15.19 15.50 6.60 7.96 14.56 14.81 8.94 9.76 13.25 13.75 6.60 7.58 13.38 13.81 8.56
01.02.2004 23:37:06 65.00 61.00 47.94 38.88 25.69 24.88 580 27.69 21.75 11.06 6.65 8.64 15.19 15.50 6.60 8.01 14.56 14.81 8.89 9.76 13.25 13.75 6.60 7.58 13.38 13.81 8.63
01.02.2004 23:39:06 65.00 61.00 47.94 38.88 25.69 24.88 580 27.63 21.75 11.06 6.60 8.64 15.13 15.50 6.60 7.96 14.56 14.75 8.89 9.76 13.25 13.75 6.60 7.58 13.38 13.81 8.25
01.02.2004 23:40:06 64.94 61.00 47.94 38.88 25.69 24.88 580 27.69 21.75 11.06 6.60 8.64 15.13 15.50 6.56 7.96 14.50 14.75 8.89 9.76 13.25 13.69 6.60 7.58 13.38 13.81 8.06
01.02.2004 23:41:06 65.00 61.00 47.94 38.88 25.69 24.88 580 27.63 21.75 11.06 6.60 8.60 15.13 15.44 6.51 7.96 14.50 14.75 8.84 9.76 13.19 13.69 6.56 7.58 13.38 13.81 7.94
01.02.2004 23:42:06 65.00 61.00 47.94 38.88 25.69 24.88 580 27.69 21.75 11.06 6.60 8.60 15.13 15.50 6.51 7.96 14.50 14.75 8.79 9.76 13.19 13.69 6.56 7.58 13.38 13.75 8.06
01.02.2004 23:43:06 64.94 60.94 47.94 38.88 25.69 24.88 579 27.63 21.75 11.06 6.56 8.60 15.13 15.44 6.46 7.96 14.50 14.75 8.79 9.76 13.19 13.69 6.56 7.58 13.31 13.75 8.06
01.02.2004 23:44:06 65.00 60.94 47.88 38.88 25.69 24.88 579 27.63 21.75 11.06 6.56 8.60 15.06 15.44 6.46 7.96 14.44 14.69 8.79 9.71 13.19 13.69 6.56 7.58 13.31 13.75 8.13
01.02.2004 23:45:06 64.94 60.94 47.88 38.88 25.69 24.88 579 27.63 21.75 11.06 6.51 8.60 15.06 15.44 6.41 7.92 14.44 14.69 8.74 9.71 13.19 13.69 6.51 7.58 13.31 13.75 8.06
01.02.2004 23:46:06 64.94 60.94 47.88 38.88 25.69 24.88 579 27.63 21.75 11.06 6.51 8.60 15.06 15.44 6.41 7.96 14.44 14.69 8.69 9.71 13.19 13.63 6.51 7.58 13.31 13.75 8.00
01.02.2004 23:47:06 64.94 60.94 47.88 38.88 25.69 24.88 579 27.63 21.75 11.06 6.46 8.55 15.06 15.44 6.36 7.96 14.44 14.63 8.69 9.71 13.13 13.63 6.51 7.58 13.31 13.75 8.00
01.02.2004 23:48:06 64.94 60.94 47.88 38.88 25.69 24.88 579 27.63 21.69 11.00 6.46 8.55 15.06 15.44 6.36 7.96 14.44 14.63 8.69 9.71 13.13 13.63 6.46 7.58 13.31 13.75 8.00
01.02.2004 23:49:06 64.94 60.94 47.88 38.88 25.69 24.88 579 27.63 21.69 11.00 6.46 8.55 15.06 15.44 6.31 7.92 14.44 14.63 8.64 9.71 13.13 13.63 6.46 7.58 13.25 13.75 8.06
01.02.2004 23:50:06 64.94 60.94 47.88 38.88 25.69 24.88 579 27.63 21.69 11.00 6.41 8.55 15.00 15.38 6.31 7.92 14.44 14.63 8.64 9.71 13.13 13.63 6.46 7.58 13.25 13.69 8.06
01.02.2004 23:51:06 64.94 60.94 47.88 38.88 25.69 24.88 579 27.63 21.69 11.00 6.41 8.55 15.00 15.38 6.31 7.92 14.38 14.63 8.64 9.71 13.13 13.56 6.41 7.58 13.25 13.69 8.13
01.02.2004 23:52:06 64.94 60.88 47.88 38.88 25.69 24.88 579 27.63 21.69 11.00 6.41 8.55 15.00 15.38 6.31 7.92 14.38 14.56 8.64 9.71 13.06 13.63 6.41 7.58 13.25 13.69 8.25
01.02.2004 23:53:06 64.94 60.94 47.88 38.88 25.69 24.81 579 27.69 21.69 11.00 6.41 8.50 14.94 15.38 6.31 7.92 14.38 14.63 8.64 9.71 13.06 13.56 6.41 7.58 13.25 13.69 8.31
01.02.2004 23:54:06 64.94 60.88 47.81 38.81 25.69 24.88 578 27.63 21.69 11.00 6.46 8.50 15.00 15.31 6.31 7.92 14.38 14.56 8.64 9.66 13.06 13.56 6.41 7.58 13.25 13.69 8.50
01.02.2004 23:55:06 64.94 60.88 47.81 38.88 25.69 24.88 578 27.63 21.69 11.00 6.46 8.55 15.00 15.31 6.31 7.92 14.38 14.56 8.64 9.66 13.06 13.56 6.41 7.58 13.19 13.69 8.50
01.02.2004 23:56:06 64.94 60.88 47.81 38.81 25.69 24.88 578 27.63 21.69 11.00 6.46 8.50 15.00 15.31 6.36 7.92 14.38 14.56 8.64 9.66 13.06 13.56 6.46 7.58 13.19 13.69 8.63
01.02.2004 23:57:06 64.94 60.88 47.81 38.88 25.69 24.88 578 27.63 21.69 11.00 6.51 8.50 14.94 15.31 6.36 7.92 14.38 14.56 8.69 9.66 13.06 13.56 6.46 7.58 13.19 13.63 8.56
01.02.2004 23:58:06 64.94 60.88 47.81 38.81 25.69 24.88 578 27.69 21.69 11.00 6.51 8.55 14.94 15.25 6.41 7.92 14.31 14.56 8.69 9.66 13.00 13.50 6.46 7.62 13.19 13.63 8.44
01.02.2004 23:59:06 64.94 60.88 47.81 38.81 25.69 24.81 578 27.69 21.63 11.00 6.56 8.55 14.94 15.25 6.41 7.92 14.31 14.50 8.74 9.66 13.00 13.50 6.51 7.62 13.13 13.63 8.50
02.02.2004 00:00:08 64.94 60.88 47.81 38.88 25.69 24.88 578 27.63 21.63 10.94 6.56 8.55 14.94 15.25 6.46 7.96 14.31 14.50 8.74 9.66 13.00 13.50 6.51 7.62 13.13 13.63 8.50
