10.02.2004 00:01:07 79.13 73.75 46.75 38.94 26.00 25.06 756 29.25 20.13 11.69 0.05 5.73 13.38 14.38 -0.38 4.71 13.13 14.25 2.53 4.76 10.44 9.88 -0.23 0.92 10.25 10.88 0.06
10.02.2004 00:02:07 79.19 73.88 46.88 39.00 26.00 25.06 758 29.25 20.13 11.69 0.05 5.73 13.38 14.38 -0.33 4.71 13.13 14.25 2.53 4.76 10.44 9.81 -0.23 0.92 10.25 10.88 0.06
10.02.2004 00:03:07 79.25 74.00 46.94 39.00 26.00 25.06 760 29.25 20.13 11.69 0.05 5.73 13.38 14.38 -0.33 4.71 13.06 14.19 2.53 4.76 10.44 9.81 -0.23 0.88 10.25 10.88 0.06
10.02.2004 00:04:07 79.25 74.06 47.06 39.06 26.00 25.13 761 29.25 20.13 11.69 0.05 5.73 13.38 14.38 -0.33 4.71 13.06 14.19 2.53 4.76 10.44 9.81 -0.23 0.88 10.31 10.88 0.06
10.02.2004 00:05:07 79.31 74.19 47.19 39.06 26.00 25.06 763 29.25 20.13 11.69 0.05 5.73 13.38 14.38 -0.33 4.71 13.06 14.19 2.53 4.76 10.44 9.81 -0.23 0.88 10.25 10.88 0.06
10.02.2004 00:06:07 79.38 74.25 47.25 39.13 26.00 25.06 764 29.25 20.13 11.69 0.05 5.73 13.38 14.31 -0.33 4.66 13.06 14.19 2.53 4.76 10.44 9.81 -0.23 0.88 10.31 10.81 0.06
10.02.2004 00:07:07 79.38 74.38 47.38 39.19 26.00 25.06 766 29.25 20.13 11.69 0.05 5.73 13.38 14.31 -0.33 4.71 13.06 14.19 2.53 4.76 10.44 9.81 -0.23 0.88 10.31 10.81 0.06
10.02.2004 00:08:07 79.44 74.44 47.44 39.19 26.00 25.06 767 29.25 20.13 11.69 0.05 5.73 13.31 14.31 -0.33 4.66 13.06 14.19 2.53 4.76 10.44 9.75 -0.23 0.88 10.31 10.81 0.13
10.02.2004 00:09:07 79.44 74.56 47.56 39.25 26.00 25.13 769 29.31 20.13 11.69 0.05 5.68 13.31 14.31 -0.33 4.71 13.06 14.19 2.53 4.76 10.44 9.81 -0.23 0.88 10.31 10.81 0.13
10.02.2004 00:10:07 79.50 74.63 47.69 39.25 26.00 25.13 770 29.31 20.13 11.69 0.05 5.68 13.31 14.31 -0.33 4.71 13.06 14.19 2.53 4.76 10.44 9.75 -0.23 0.88 10.25 10.81 0.13
10.02.2004 00:11:07 79.50 74.75 47.75 39.31 26.00 25.06 771 29.38 20.13 11.69 0.05 5.73 13.31 14.31 -0.33 4.66 13.06 14.19 2.53 4.76 10.44 9.75 -0.23 0.88 10.25 10.75 0.13
10.02.2004 00:12:07 79.50 74.81 47.88 39.31 26.00 25.06 772 29.38 20.19 11.69 0.05 5.68 13.31 14.25 -0.33 4.71 13.06 14.13 2.53 4.76 10.44 9.75 -0.23 0.88 10.25 10.75 0.13
10.02.2004 00:13:07 79.56 74.94 48.00 39.38 26.06 25.06 774 29.38 20.19 11.69 0.05 5.68 13.25 14.25 -0.33 4.66 13.00 14.19 2.53 4.76 10.44 9.75 -0.23 0.83 10.25 10.75 0.06
10.02.2004 00:14:07 79.56 75.00 48.13 39.38 26.00 25.06 775 29.38 20.19 11.69 0.05 5.68 13.25 14.25 -0.33 4.66 13.00 14.13 2.53 4.76 10.44 9.75 -0.28 0.83 10.31 10.75 0.06
10.02.2004 00:15:07 79.56 75.06 48.19 39.44 26.00 25.06 776 29.38 20.19 11.69 0.05 5.68 13.25 14.25 -0.33 4.66 13.00 14.13 2.53 4.76 10.44 9.75 -0.23 0.83 10.31 10.75 0.00
10.02.2004 00:16:07 79.63 75.19 48.31 39.50 26.06 25.13 778 29.38 20.19 11.69 0.00 5.68 13.25 14.25 -0.33 4.66 13.00 14.13 2.53 4.76 10.44 9.75 -0.28 0.83 10.31 10.75 0.06
10.02.2004 00:17:07 79.69 75.25 48.44 39.50 26.06 25.06 779 29.44 20.19 11.69 0.00 5.68 13.25 14.25 -0.33 4.66 13.00 14.13 2.53 4.76 10.44 9.75 -0.28 0.83 10.31 10.75 0.00
10.02.2004 00:18:07 79.69 75.38 48.56 39.56 26.00 25.13 781 29.44 20.19 11.69 0.05 5.68 13.25 14.25 -0.38 4.66 13.00 14.13 2.53 4.76 10.44 9.69 -0.23 0.83 10.31 10.75 0.00
10.02.2004 00:19:07 79.69 75.44 48.63 39.56 26.06 25.13 782 29.44 20.19 11.69 0.00 5.68 13.25 14.25 -0.38 4.66 13.00 14.13 2.53 4.76 10.44 9.75 -0.28 0.78 10.31 10.75 -0.06
10.02.2004 00:20:07 79.69 75.50 48.75 39.63 26.00 25.06 783 29.44 20.19 11.69 0.00 5.68 13.25 14.25 -0.38 4.66 13.00 14.13 2.53 4.76 10.50 9.75 -0.28 0.78 10.31 10.75 -0.06
10.02.2004 00:21:07 79.69 75.56 48.88 39.63 26.06 25.06 784 29.44 20.19 11.69 0.00 5.68 13.25 14.19 -0.38 4.66 13.00 14.13 2.53 4.76 10.50 9.75 -0.28 0.78 10.31 10.75 -0.06
10.02.2004 00:22:07 79.75 75.69 49.00 39.69 26.06 25.06 786 29.50 20.25 11.69 0.00 5.68 13.19 14.19 -0.38 4.66 13.00 14.13 2.53 4.76 10.44 9.69 -0.28 0.78 10.31 10.69 -0.06
10.02.2004 00:23:07 79.75 75.75 49.13 39.69 26.06 25.06 787 29.50 20.25 11.69 0.00 5.68 13.19 14.19 -0.38 4.66 13.00 14.13 2.53 4.76 10.50 9.69 -0.28 0.78 10.31 10.69 -0.13
10.02.2004 00:24:07 79.75 75.88 49.25 39.75 26.00 25.06 788 29.50 20.25 11.69 0.00 5.68 13.19 14.19 -0.38 4.66 13.00 14.13 2.48 4.71 10.50 9.69 -0.28 0.78 10.38 10.69 -0.13
10.02.2004 00:25:07 79.75 75.94 49.31 39.75 26.06 25.06 789 29.56 20.25 11.69 0.00 5.68 13.19 14.13 -0.38 4.66 13.00 14.06 2.48 4.76 10.50 9.69 -0.28 0.78 10.38 10.69 -0.13
10.02.2004 00:26:07 79.81 76.00 49.44 39.75 26.06 25.13 791 29.56 20.25 11.69 0.00 5.68 13.19 14.19 -0.38 4.66 13.00 14.06 2.48 4.71 10.50 9.69 -0.28 0.78 10.38 10.69 -0.06
10.02.2004 00:27:07 79.81 76.06 49.56 39.81 26.06 25.06 792 29.56 20.25 11.69 0.00 5.68 13.19 14.13 -0.38 4.61 13.00 14.06 2.48 4.71 10.50 9.69 -0.33 0.78 10.31 10.69 -0.06
10.02.2004 00:28:07 79.81 76.13 49.69 39.81 26.06 25.13 793 29.56 20.25 11.69 0.00 5.63 13.19 14.13 -0.38 4.61 12.94 14.06 2.43 4.71 10.50 9.69 -0.33 0.73 10.31 10.69 -0.06
10.02.2004 00:29:07 79.81 76.19 49.81 39.88 26.06 25.13 794 29.56 20.25 11.69 0.00 5.63 13.19 14.13 -0.38 4.61 13.00 14.06 2.43 4.71 10.50 9.69 -0.33 0.73 10.31 10.69 0.00
10.02.2004 00:30:07 79.88 76.31 49.94 39.88 26.06 25.13 796 29.63 20.25 11.69 -0.04 5.63 13.19 14.13 -0.38 4.61 13.00 14.06 2.48 4.71 10.50 9.69 -0.33 0.73 10.31 10.63 0.00
10.02.2004 00:32:07 79.94 76.44 50.19 39.94 26.06 25.06 798 29.69 20.31 11.69 -0.04 5.63 13.19 14.13 -0.38 4.61 12.94 14.06 2.43 4.71 10.50 9.69 -0.33 0.73 10.31 10.63 -0.06
10.02.2004 00:33:07 79.94 76.56 50.31 40.00 26.06 25.06 800 29.69 20.31 11.69 -0.04 5.63 13.13 14.13 -0.43 4.61 12.94 14.00 2.43 4.71 10.50 9.69 -0.33 0.73 10.31 10.63 -0.06
10.02.2004 00:34:07 79.94 76.63 50.44 40.00 26.06 25.06 801 29.69 20.31 11.63 -0.04 5.59 13.13 14.06 -0.43 4.57 12.94 14.00 2.38 4.71 10.50 9.63 -0.38 0.73 10.25 10.63 -0.06
10.02.2004 00:35:07 79.94 76.69 50.63 40.06 26.06 25.06 802 29.69 20.31 11.69 -0.04 5.59 13.13 14.06 -0.43 4.61 12.94 14.00 2.38 4.71 10.50 9.63 -0.38 0.73 10.25 10.63 -0.06
10.02.2004 00:36:07 79.94 76.75 50.75 40.06 26.06 25.06 803 29.75 20.31 11.69 -0.04 5.59 13.13 14.06 -0.43 4.61 12.94 14.00 2.38 4.71 10.50 9.63 -0.38 0.68 10.25 10.56 -0.06
10.02.2004 00:37:07 79.94 76.81 50.88 40.13 26.06 25.06 804 29.75 20.31 11.69 -0.04 5.59 13.13 14.06 -0.43 4.57 12.94 14.00 2.38 4.71 10.44 9.63 -0.38 0.68 10.25 10.63 -0.06
10.02.2004 00:38:07 79.94 76.88 51.06 40.13 26.06 25.06 806 29.75 20.31 11.69 -0.04 5.59 13.13 14.06 -0.43 4.57 12.94 14.00 2.38 4.71 10.44 9.63 -0.38 0.68 10.25 10.56 -0.06
10.02.2004 00:39:07 80.00 77.00 51.19 40.13 26.06 25.13 808 29.75 20.31 11.69 -0.09 5.59 13.13 14.06 -0.47 4.57 12.88 14.00 2.38 4.71 10.44 9.63 -0.43 0.68 10.19 10.56 -0.06
10.02.2004 00:40:07 80.00 77.06 51.31 40.19 26.06 25.13 809 29.81 20.38 11.63 -0.09 5.59 13.13 14.00 -0.47 4.57 12.94 14.00 2.38 4.71 10.44 9.63 -0.43 0.68 10.19 10.56 -0.06
10.02.2004 00:41:07 80.06 77.06 51.50 40.19 26.06 25.13 810 29.81 20.38 11.63 -0.09 5.59 13.06 14.00 -0.47 4.57 12.94 14.00 2.33 4.71 10.44 9.56 -0.43 0.68 10.19 10.56 -0.06
10.02.2004 00:42:07 80.06 77.19 51.63 40.25 26.06 25.13 812 29.81 20.38 11.63 -0.09 5.54 13.06 14.00 -0.47 4.57 12.88 14.00 2.33 4.66 10.44 9.56 -0.47 0.63 10.19 10.56 -0.06
10.02.2004 00:43:07 80.06 77.25 51.81 40.25 26.06 25.13 813 29.88 20.38 11.69 -0.09 5.54 13.06 14.00 -0.52 4.52 12.88 14.00 2.33 4.66 10.44 9.56 -0.47 0.63 10.19 10.56 -0.06
10.02.2004 00:44:07 80.06 77.25 52.00 40.31 26.06 25.13 814 29.88 20.38 11.63 -0.09 5.54 13.06 14.00 -0.47 4.52 12.94 13.94 2.33 4.66 10.44 9.56 -0.47 0.63 10.19 10.56 -0.06
10.02.2004 00:45:07 80.06 77.38 52.19 40.31 26.13 25.06 815 29.88 20.38 11.63 -0.13 5.54 13.06 14.00 -0.52 4.52 12.88 13.94 2.33 4.66 10.44 9.56 -0.47 0.63 10.19 10.50 -0.06
10.02.2004 00:46:07 80.06 77.38 52.31 40.31 26.13 25.13 816 29.88 20.38 11.63 -0.13 5.49 13.06 14.00 -0.52 4.52 12.94 13.94 2.33 4.66 10.44 9.56 -0.47 0.63 10.19 10.50 0.00
10.02.2004 00:47:07 80.13 77.44 52.50 40.38 26.06 25.13 818 29.94 20.38 11.69 -0.13 5.49 13.06 14.00 -0.52 4.52 12.88 13.94 2.33 4.66 10.38 9.56 -0.47 0.63 10.19 10.50 0.00
10.02.2004 00:48:07 80.13 77.50 52.69 40.38 26.13 25.06 819 29.88 20.38 11.69 -0.13 5.49 13.06 13.94 -0.52 4.52 12.88 13.94 2.33 4.66 10.38 9.56 -0.47 0.63 10.19 10.50 0.06
10.02.2004 00:49:07 80.13 77.56 52.88 40.44 26.13 25.06 821 29.94 20.38 11.63 -0.13 5.49 13.06 13.94 -0.52 4.47 12.88 13.94 2.28 4.66 10.38 9.56 -0.47 0.58 10.13 10.50 0.06
10.02.2004 00:50:07 80.13 77.63 53.06 40.44 26.13 25.06 822 29.94 20.38 11.63 -0.13 5.49 13.00 13.94 -0.52 4.47 12.88 13.94 2.28 4.61 10.38 9.50 -0.52 0.58 10.13 10.50 0.06
10.02.2004 00:51:07 80.13 77.69 53.25 40.50 26.13 25.06 823 29.94 20.38 11.69 -0.13 5.44 13.00 13.94 -0.52 4.47 12.88 13.94 2.28 4.66 10.38 9.50 -0.52 0.58 10.13 10.50 0.06
10.02.2004 00:52:07 80.19 77.75 53.44 40.50 26.13 25.06 825 30.00 20.44 11.69 -0.13 5.44 13.00 13.94 -0.57 4.47 12.88 13.94 2.28 4.61 10.38 9.50 -0.52 0.58 10.13 10.50 0.00
10.02.2004 00:53:07 80.19 77.75 53.69 40.50 26.13 25.06 826 30.00 20.44 11.63 -0.13 5.44 13.00 13.94 -0.57 4.42 12.88 13.94 2.28 4.61 10.38 9.50 -0.52 0.58 10.13 10.50 0.00
10.02.2004 00:54:07 80.19 77.81 53.81 40.56 26.13 25.06 827 30.06 20.44 11.63 -0.18 5.44 13.00 13.94 -0.57 4.42 12.88 13.94 2.33 4.61 10.38 9.50 -0.52 0.58 10.13 10.44 0.00
10.02.2004 00:55:07 80.19 77.88 54.06 40.56 26.13 25.06 829 30.06 20.44 11.63 -0.18 5.44 13.00 13.94 -0.57 4.42 12.88 13.88 2.28 4.61 10.38 9.50 -0.52 0.58 10.13 10.44 0.00
10.02.2004 00:56:07 80.19 77.88 54.31 40.63 26.13 25.06 830 30.06 20.44 11.69 -0.18 5.44 13.00 13.88 -0.57 4.42 12.88 13.88 2.28 4.61 10.31 9.50 -0.52 0.58 10.13 10.44 0.00
10.02.2004 00:57:07 80.25 77.94 54.50 40.63 26.13 25.06 832 30.06 20.44 11.69 -0.18 5.39 13.00 13.88 -0.57 4.42 12.88 13.88 2.33 4.61 10.38 9.50 -0.52 0.54 10.13 10.44 0.00
10.02.2004 00:58:07 80.25 77.94 54.69 40.63 26.13 25.06 833 30.13 20.44 11.63 -0.18 5.39 13.00 13.88 -0.57 4.42 12.88 13.88 2.33 4.61 10.31 9.50 -0.52 0.54 10.13 10.44 0.00
10.02.2004 00:59:07 80.25 78.19 54.88 40.69 26.13 25.13 835 30.13 20.50 11.63 -0.18 5.39 13.00 13.88 -0.57 4.37 12.81 13.88 2.28 4.61 10.31 9.50 -0.52 0.54 10.06 10.44 0.06
10.02.2004 01:00:07 80.25 78.25 55.13 40.69 26.13 25.13 837 30.19 20.50 11.63 -0.18 5.34 13.00 13.88 -0.57 4.37 12.88 13.88 2.28 4.61 10.31 9.50 -0.52 0.54 10.13 10.44 0.06
10.02.2004 01:01:07 80.25 78.25 55.31 40.69 26.13 25.06 838 30.25 20.50 11.63 -0.18 5.34 13.00 13.88 -0.57 4.37 12.81 13.88 2.33 4.57 10.31 9.50 -0.52 0.54 10.06 10.44 0.06
10.02.2004 01:02:07 80.19 78.19 55.44 40.69 26.13 25.06 837 30.19 20.50 11.63 -0.18 5.34 13.00 13.88 -0.57 4.32 12.81 13.88 2.28 4.57 10.31 9.50 -0.52 0.54 10.06 10.44 0.06
10.02.2004 01:03:07 80.19 78.06 55.63 40.69 26.13 25.06 837 30.19 20.50 11.63 -0.18 5.29 12.94 13.81 -0.57 4.32 12.81 13.88 2.33 4.57 10.31 9.44 -0.57 0.54 10.06 10.44 0.06
10.02.2004 01:04:07 80.13 77.94 55.81 40.75 26.13 25.06 837 30.25 20.50 11.63 -0.18 5.29 12.94 13.81 -0.57 4.32 12.88 13.88 2.33 4.57 10.31 9.44 -0.57 0.49 10.06 10.38 0.06
10.02.2004 01:05:07 80.13 77.88 55.94 40.75 26.13 25.06 837 30.25 20.50 11.63 -0.18 5.29 12.94 13.81 -0.57 4.27 12.81 13.81 2.33 4.57 10.31 9.44 -0.57 0.49 10.06 10.38 0.06
10.02.2004 01:06:07 80.06 77.81 56.13 40.75 26.13 25.13 837 30.25 20.50 11.63 -0.18 5.25 12.94 13.81 -0.57 4.23 12.81 13.81 2.33 4.52 10.31 9.44 -0.52 0.49 10.06 10.44 0.06
10.02.2004 01:07:07 80.00 77.75 56.25 40.81 26.13 25.06 837 30.25 20.50 11.63 -0.18 5.25 12.94 13.81 -0.57 4.23 12.81 13.81 2.38 4.52 10.31 9.44 -0.57 0.49 10.13 10.38 0.06
10.02.2004 01:08:07 80.00 77.75 56.38 40.81 26.13 25.13 838 30.25 20.50 11.63 -0.18 5.20 12.94 13.81 -0.57 4.18 12.81 13.81 2.38 4.47 10.31 9.50 -0.52 0.49 10.13 10.44 0.06
10.02.2004 01:09:07 80.00 77.75 56.63 40.81 26.13 25.06 839 30.25 20.50 11.63 -0.18 5.15 12.94 13.81 -0.57 4.18 12.81 13.81 2.38 4.47 10.31 9.50 -0.57 0.49 10.13 10.38 0.06
10.02.2004 01:10:07 79.94 77.81 56.75 40.81 26.19 25.13 840 30.25 20.50 11.63 -0.18 5.15 12.94 13.81 -0.57 4.13 12.81 13.81 2.43 4.47 10.31 9.50 -0.52 0.49 10.13 10.38 0.00
10.02.2004 01:11:07 79.88 77.81 56.94 40.81 26.13 25.06 840 30.25 20.50 11.63 -0.23 5.10 12.94 13.75 -0.57 4.08 12.81 13.81 2.38 4.42 10.31 9.44 -0.57 0.49 10.13 10.38 0.06
10.02.2004 01:12:07 79.88 77.75 57.13 40.88 26.13 25.06 841 30.31 20.50 11.63 -0.23 5.05 12.94 13.75 -0.57 4.08 12.81 13.81 2.43 4.42 10.31 9.50 -0.52 0.44 10.13 10.38 0.00
10.02.2004 01:14:07 79.75 77.75 57.56 40.94 26.13 25.06 842 30.31 20.50 11.63 -0.23 5.00 12.94 13.75 -0.57 4.03 12.81 13.75 2.43 4.42 10.31 9.50 -0.57 0.44 10.13 10.38 0.06
10.02.2004 01:15:07 79.75 77.50 57.75 40.94 26.19 25.06 841 30.38 20.50 11.63 -0.23 4.95 12.94 13.75 -0.57 3.98 12.81 13.81 2.43 4.37 10.31 9.50 -0.57 0.44 10.13 10.38 0.00
10.02.2004 01:16:07 79.69 77.44 58.00 40.94 26.13 25.06 841 30.44 20.56 11.63 -0.23 4.95 12.94 13.75 -0.57 3.98 12.81 13.75 2.38 4.37 10.31 9.44 -0.57 0.44 10.13 10.38 0.00
10.02.2004 01:17:07 79.69 77.44 58.19 41.00 26.19 25.06 842 30.50 20.56 11.63 -0.23 4.95 12.94 13.75 -0.57 3.93 12.81 13.75 2.38 4.37 10.31 9.44 -0.57 0.44 10.13 10.38 0.00
10.02.2004 01:18:07 79.69 77.44 58.44 41.00 26.19 25.06 843 30.50 20.56 11.63 -0.23 4.91 12.88 13.69 -0.57 3.93 12.75 13.75 2.38 4.37 10.31 9.44 -0.57 0.39 10.06 10.38 -0.06
10.02.2004 01:19:07 79.75 77.44 58.69 41.00 26.19 25.06 845 30.50 20.56 11.63 -0.23 4.91 12.88 13.69 -0.57 3.93 12.81 13.75 2.38 4.37 10.25 9.50 -0.57 0.39 10.06 10.38 -0.13
10.02.2004 01:20:07 79.75 77.44 58.94 41.00 26.19 25.06 846 30.50 20.56 11.63 -0.23 4.91 12.88 13.69 -0.57 3.93 12.81 13.75 2.38 4.37 10.25 9.44 -0.57 0.39 10.13 10.38 -0.06
10.02.2004 01:21:07 79.81 77.44 59.19 41.00 26.19 25.06 848 30.63 20.56 11.63 -0.23 4.91 12.88 13.69 -0.57 3.93 12.81 13.75 2.38 4.37 10.31 9.44 -0.57 0.39 10.13 10.38 -0.13
10.02.2004 01:22:07 79.88 77.50 59.44 41.06 26.19 25.13 850 30.63 20.56 11.63 -0.23 4.91 12.88 13.69 -0.57 3.93 12.81 13.69 2.38 4.32 10.31 9.44 -0.57 0.39 10.13 10.38 -0.13
10.02.2004 01:23:07 79.88 77.50 59.69 41.06 26.19 25.06 851 30.69 20.56 11.63 -0.23 4.91 12.88 13.69 -0.57 3.89 12.75 13.75 2.38 4.32 10.31 9.44 -0.57 0.39 10.06 10.38 -0.13
10.02.2004 01:24:07 79.94 77.50 59.94 41.13 26.19 25.06 853 30.69 20.56 11.63 -0.23 4.86 12.88 13.69 -0.62 3.89 12.75 13.69 2.38 4.32 10.25 9.44 -0.57 0.39 10.06 10.38 -0.13
10.02.2004 01:25:07 79.94 77.56 60.19 41.13 26.19 25.13 854 30.75 20.56 11.63 -0.23 4.86 12.88 13.63 -0.62 3.89 12.75 13.69 2.33 4.32 10.25 9.44 -0.62 0.39 10.06 10.38 -0.13
10.02.2004 01:26:07 80.00 77.56 60.44 41.13 26.19 25.13 856 30.75 20.63 11.63 -0.23 4.86 12.88 13.63 -0.62 3.89 12.75 13.69 2.33 4.32 10.25 9.44 -0.62 0.34 10.13 10.38 -0.13
10.02.2004 01:27:07 80.00 77.63 60.75 41.19 26.19 25.13 858 30.81 20.63 11.63 -0.23 4.86 12.88 13.63 -0.62 3.89 12.75 13.69 2.33 4.32 10.25 9.44 -0.62 0.34 10.06 10.38 -0.13
10.02.2004 01:28:07 80.00 77.63 60.94 41.19 26.19 25.06 859 30.75 20.63 11.63 -0.23 4.86 12.88 13.63 -0.62 3.84 12.75 13.69 2.33 4.32 10.25 9.44 -0.62 0.34 10.06 10.38 -0.13
10.02.2004 01:29:07 80.06 77.63 61.13 41.19 26.19 25.06 860 30.63 20.63 11.63 -0.23 4.86 12.88 13.63 -0.62 3.84 12.75 13.69 2.33 4.32 10.25 9.44 -0.62 0.34 10.06 10.31 -0.19
10.02.2004 01:30:07 80.06 77.69 61.44 41.19 26.19 25.06 862 30.63 20.63 11.63 -0.23 4.81 12.88 13.63 -0.62 3.84 12.75 13.69 2.33 4.27 10.25 9.44 -0.62 0.34 10.06 10.31 -0.19
10.02.2004 01:31:07 80.13 77.69 61.75 41.19 26.19 25.06 863 30.56 20.63 11.63 -0.23 4.81 12.88 13.63 -0.62 3.84 12.75 13.69 2.33 4.27 10.25 9.44 -0.62 0.34 10.13 10.31 -0.19
10.02.2004 01:32:07 80.13 77.69 62.00 41.25 26.19 25.06 865 30.50 20.63 11.63 -0.28 4.81 12.81 13.56 -0.62 3.84 12.69 13.69 2.33 4.27 10.25 9.44 -0.62 0.34 10.06 10.31 -0.19
10.02.2004 01:33:07 80.19 77.75 62.19 41.25 26.19 25.06 866 30.50 20.69 11.63 -0.23 4.81 12.81 13.56 -0.62 3.84 12.75 13.69 2.33 4.27 10.25 9.44 -0.62 0.34 10.13 10.31 -0.13
10.02.2004 01:34:07 80.19 77.75 62.44 41.31 26.19 25.06 868 30.56 20.69 11.63 -0.28 4.81 12.81 13.56 -0.62 3.84 12.75 13.63 2.33 4.27 10.25 9.38 -0.62 0.34 10.06 10.31 -0.13
10.02.2004 01:35:07 80.19 77.81 62.69 41.31 26.19 25.06 869 30.50 20.69 11.63 -0.28 4.81 12.81 13.56 -0.62 3.79 12.75 13.63 2.33 4.27 10.31 9.44 -0.62 0.34 10.13 10.31 -0.19
10.02.2004 01:36:07 80.19 77.81 62.94 41.31 26.19 25.06 870 30.50 20.69 11.63 -0.28 4.81 12.81 13.56 -0.62 3.79 12.75 13.63 2.38 4.27 10.31 9.38 -0.62 0.29 10.13 10.31 -0.19
10.02.2004 01:37:07 80.19 77.81 63.19 41.31 26.25 25.13 872 30.50 20.69 11.63 -0.28 4.81 12.81 13.56 -0.62 3.79 12.75 13.63 2.33 4.27 10.25 9.44 -0.62 0.29 10.13 10.31 -0.13
10.02.2004 01:38:07 80.19 77.88 63.44 41.38 26.25 25.13 873 30.56 20.69 11.63 -0.28 4.76 12.81 13.56 -0.62 3.79 12.75 13.63 2.33 4.27 10.25 9.38 -0.62 0.34 10.13 10.31 -0.19
10.02.2004 01:39:07 80.19 77.88 63.69 41.38 26.25 25.06 874 30.50 20.69 11.63 -0.28 4.76 12.81 13.56 -0.62 3.79 12.75 13.63 2.33 4.23 10.31 9.44 -0.62 0.29 10.13 10.31 -0.13
10.02.2004 01:40:07 80.19 77.88 63.94 41.38 26.25 25.06 876 30.50 20.69 11.63 -0.28 4.76 12.81 13.56 -0.62 3.79 12.75 13.63 2.38 4.23 10.31 9.44 -0.67 0.29 10.13 10.31 -0.06
10.02.2004 01:41:07 80.19 77.94 64.06 41.44 26.25 25.06 877 30.50 20.69 11.63 -0.28 4.76 12.81 13.50 -0.62 3.74 12.69 13.63 2.33 4.23 10.25 9.44 -0.67 0.29 10.13 10.31 0.00
10.02.2004 01:42:07 80.19 77.94 64.25 41.44 26.25 25.06 878 30.56 20.69 11.63 -0.28 4.76 12.81 13.50 -0.62 3.74 12.69 13.63 2.38 4.23 10.25 9.44 -0.62 0.29 10.13 10.31 0.00
10.02.2004 01:43:07 80.19 78.00 64.50 41.44 26.25 25.06 879 30.50 20.75 11.63 -0.28 4.71 12.81 13.50 -0.62 3.74 12.69 13.63 2.38 4.23 10.25 9.44 -0.67 0.29 10.13 10.31 0.00
10.02.2004 01:44:07 80.19 78.00 64.75 41.44 26.25 25.06 880 30.50 20.75 11.63 -0.28 4.71 12.81 13.50 -0.62 3.74 12.69 13.63 2.38 4.23 10.31 9.38 -0.62 0.29 10.13 10.31 -0.06
10.02.2004 01:45:07 80.13 78.00 64.94 41.44 26.25 25.06 881 30.56 20.75 11.63 -0.28 4.71 12.81 13.50 -0.62 3.74 12.69 13.56 2.38 4.23 10.25 9.44 -0.67 0.29 10.13 10.31 -0.06
10.02.2004 01:46:07 80.13 78.19 65.19 41.50 26.25 25.06 883 30.56 20.75 11.63 -0.28 4.71 12.75 13.50 -0.62 3.69 12.69 13.56 2.38 4.23 10.31 9.44 -0.67 0.29 10.13 10.31 -0.06
10.02.2004 01:47:07 80.13 78.31 65.44 41.50 26.25 25.06 885 30.56 20.75 11.63 -0.28 4.66 12.81 13.50 -0.62 3.69 12.69 13.56 2.38 4.18 10.31 9.38 -0.62 0.24 10.13 10.31 0.00
10.02.2004 01:48:07 80.06 78.38 65.56 41.50 26.25 25.06 886 30.50 20.75 11.63 -0.28 4.66 12.81 13.50 -0.62 3.69 12.69 13.56 2.38 4.23 10.31 9.38 -0.67 0.24 10.13 10.31 0.00
10.02.2004 01:49:07 80.00 78.38 65.75 41.56 26.25 25.06 886 30.56 20.75 11.63 -0.28 4.66 12.75 13.44 -0.62 3.69 12.69 13.56 2.38 4.18 10.31 9.44 -0.67 0.24 10.13 10.31 0.00
10.02.2004 01:50:07 80.00 78.38 66.00 41.56 26.31 25.06 888 30.50 20.81 11.63 -0.28 4.66 12.75 13.44 -0.62 3.69 12.69 13.56 2.38 4.18 10.25 9.44 -0.67 0.24 10.13 10.31 0.06
10.02.2004 01:51:07 80.00 78.38 66.19 41.56 26.25 25.06 888 30.50 20.75 11.63 -0.28 4.61 12.75 13.44 -0.62 3.64 12.69 13.56 2.43 4.18 10.31 9.44 -0.67 0.24 10.19 10.31 0.06
10.02.2004 01:52:07 79.88 78.31 66.38 41.56 26.25 25.06 888 30.56 20.81 11.63 -0.28 4.61 12.75 13.44 -0.62 3.64 12.69 13.56 2.43 4.18 10.31 9.44 -0.67 0.24 10.13 10.31 0.06
10.02.2004 01:53:07 79.88 78.25 66.56 41.56 26.31 25.06 888 30.56 20.81 11.63 -0.28 4.61 12.75 13.44 -0.62 3.64 12.69 13.56 2.43 4.18 10.31 9.44 -0.67 0.24 10.13 10.25 0.13
10.02.2004 01:54:07 79.81 78.19 66.75 41.56 26.31 25.06 888 30.63 20.81 11.63 -0.28 4.57 12.75 13.44 -0.62 3.59 12.69 13.50 2.43 4.18 10.31 9.44 -0.67 0.24 10.19 10.25 0.13
10.02.2004 01:55:07 79.81 78.13 66.88 41.63 26.25 25.06 889 30.63 20.81 11.63 -0.28 4.57 12.75 13.44 -0.62 3.59 12.69 13.56 2.43 4.13 10.31 9.44 -0.67 0.24 10.19 10.31 0.13
10.02.2004 01:56:07 79.81 78.06 67.13 41.63 26.31 25.06 889 30.56 20.81 11.63 -0.28 4.57 12.75 13.44 -0.62 3.59 12.69 13.50 2.43 4.13 10.31 9.44 -0.67 0.20 10.13 10.25 0.13
10.02.2004 01:57:07 79.75 78.00 67.25 41.63 26.31 25.06 889 30.56 20.81 11.63 -0.28 4.52 12.75 13.44 -0.62 3.59 12.69 13.50 2.43 4.13 10.31 9.44 -0.67 0.20 10.13 10.25 0.13
10.02.2004 01:58:07 79.75 77.94 67.44 41.69 26.31 25.06 890 30.56 20.81 11.69 -0.28 4.52 12.75 13.38 -0.62 3.55 12.69 13.50 2.43 4.13 10.31 9.44 -0.67 0.20 10.13 10.25 0.06
10.02.2004 01:59:07 79.75 77.94 67.63 41.69 26.31 25.06 891 30.50 20.81 11.63 -0.28 4.52 12.75 13.44 -0.62 3.55 12.69 13.50 2.43 4.13 10.25 9.44 -0.67 0.20 10.13 10.25 0.13
10.02.2004 02:00:07 79.75 77.94 67.75 41.69 26.31 25.06 891 30.56 20.81 11.63 -0.28 4.47 12.75 13.38 -0.62 3.50 12.69 13.50 2.43 4.13 10.25 9.44 -0.67 0.20 10.13 10.25 0.13
10.02.2004 02:01:07 79.69 77.88 67.94 41.69 26.31 25.06 891 30.56 20.81 11.63 -0.28 4.47 12.75 13.38 -0.62 3.50 12.69 13.50 2.43 4.13 10.31 9.44 -0.67 0.20 10.13 10.25 0.06
10.02.2004 02:02:07 79.69 77.88 68.06 41.69 26.31 25.06 892 30.50 20.88 11.63 -0.28 4.47 12.75 13.38 -0.62 3.50 12.63 13.50 2.43 4.08 10.25 9.44 -0.67 0.20 10.13 10.25 0.06
10.02.2004 02:03:07 79.63 77.81 68.19 41.75 26.31 25.06 892 30.50 20.88 11.69 -0.28 4.42 12.69 13.38 -0.62 3.45 12.63 13.50 2.48 4.08 10.25 9.44 -0.67 0.20 10.13 10.25 0.00
10.02.2004 02:04:07 79.63 77.81 68.38 41.75 26.31 25.06 892 30.56 20.88 11.63 -0.28 4.42 12.75 13.38 -0.62 3.45 12.69 13.44 2.48 4.08 10.25 9.38 -0.67 0.20 10.13 10.25 0.06
10.02.2004 02:05:07 79.56 77.75 68.50 41.75 26.31 25.06 892 30.56 20.88 11.63 -0.28 4.37 12.75 13.38 -0.62 3.40 12.63 13.50 2.48 4.08 10.25 9.44 -0.67 0.20 10.13 10.25 0.06
10.02.2004 02:06:07 79.56 77.75 68.63 41.75 26.31 25.06 893 30.56 20.88 11.63 -0.28 4.37 12.69 13.38 -0.62 3.40 12.69 13.44 2.48 4.08 10.25 9.44 -0.67 0.20 10.13 10.25 0.13
10.02.2004 02:07:07 79.56 77.75 68.75 41.75 26.31 25.06 893 30.50 20.88 11.63 -0.28 4.32 12.75 13.38 -0.62 3.40 12.63 13.44 2.48 4.03 10.25 9.44 -0.67 0.15 10.13 10.25 0.13
10.02.2004 02:08:07 79.56 77.69 68.88 41.75 26.31 25.06 893 30.56 20.88 11.63 -0.28 4.32 12.69 13.38 -0.62 3.35 12.63 13.44 2.48 4.03 10.25 9.44 -0.67 0.15 10.13 10.25 0.13
10.02.2004 02:09:07 79.50 77.69 69.06 41.81 26.31 25.06 894 30.50 20.88 11.69 -0.28 4.27 12.69 13.38 -0.62 3.35 12.63 13.44 2.48 4.03 10.25 9.44 -0.67 0.15 10.06 10.25 0.06
10.02.2004 02:10:07 79.50 77.69 69.13 41.81 26.31 25.06 894 30.50 20.88 11.63 -0.28 4.27 12.69 13.31 -0.62 3.30 12.63 13.44 2.48 4.03 10.25 9.44 -0.67 0.15 10.13 10.25 0.06
10.02.2004 02:11:07 79.44 77.63 69.31 41.81 26.31 25.13 894 30.50 20.94 11.69 -0.28 4.27 12.69 13.31 -0.62 3.30 12.63 13.44 2.48 4.03 10.25 9.44 -0.67 0.15 10.13 10.25 0.06
10.02.2004 02:12:07 79.44 77.63 69.38 41.81 26.31 25.06 895 30.50 20.94 11.63 -0.28 4.23 12.69 13.31 -0.62 3.25 12.63 13.44 2.48 3.98 10.25 9.44 -0.67 0.15 10.06 10.25 0.06
10.02.2004 02:13:07 79.44 77.63 69.56 41.88 26.31 25.06 896 30.50 20.94 11.63 -0.28 4.23 12.69 13.31 -0.62 3.25 12.63 13.44 2.48 3.98 10.25 9.38 -0.67 0.15 10.06 10.25 0.13
10.02.2004 02:14:07 79.38 77.56 69.69 41.81 26.38 25.06 895 30.50 20.94 11.63 -0.28 4.18 12.69 13.31 -0.62 3.25 12.63 13.44 2.48 3.98 10.25 9.44 -0.67 0.15 10.06 10.25 0.13
10.02.2004 02:15:07 79.38 77.56 69.75 41.88 26.38 25.06 896 30.50 20.94 11.69 -0.28 4.18 12.69 13.31 -0.62 3.21 12.63 13.44 2.53 3.98 10.19 9.38 -0.67 0.15 10.06 10.25 0.13
10.02.2004 02:16:07 79.31 77.50 69.88 41.88 26.31 25.06 895 30.56 20.94 11.69 -0.28 4.18 12.69 13.31 -0.62 3.21 12.63 13.38 2.53 3.98 10.25 9.38 -0.67 0.15 10.06 10.25 0.13
10.02.2004 02:17:07 79.31 77.50 70.00 41.88 26.38 25.06 896 30.56 20.94 11.63 -0.28 4.13 12.69 13.31 -0.62 3.21 12.63 13.38 2.53 3.93 10.25 9.44 -0.67 0.10 10.06 10.25 0.19
10.02.2004 02:18:07 79.25 77.44 70.13 41.88 26.31 25.06 896 30.56 20.94 11.69 -0.28 4.13 12.69 13.25 -0.62 3.16 12.63 13.38 2.53 3.93 10.19 9.38 -0.67 0.15 10.06 10.25 0.19
10.02.2004 02:19:07 79.25 77.44 70.19 41.94 26.38 25.06 896 30.56 20.94 11.63 -0.28 4.08 12.69 13.25 -0.62 3.16 12.63 13.38 2.53 3.93 10.19 9.44 -0.67 0.10 10.06 10.25 0.19
10.02.2004 02:20:07 79.25 77.38 70.31 41.88 26.38 25.06 896 30.50 20.94 11.63 -0.28 4.08 12.69 13.25 -0.62 3.11 12.63 13.38 2.48 3.93 10.19 9.38 -0.67 0.10 10.06 10.25 0.19
10.02.2004 02:21:07 79.19 77.31 70.38 41.94 26.38 25.06 896 30.56 21.00 11.69 -0.28 4.03 12.69 13.25 -0.62 3.11 12.63 13.38 2.48 3.93 10.19 9.44 -0.67 0.10 10.06 10.25 0.19
10.02.2004 02:22:07 79.19 77.31 70.50 41.94 26.38 25.06 896 30.50 21.00 11.69 -0.28 4.03 12.69 13.25 -0.62 3.06 12.63 13.38 2.53 3.93 10.19 9.38 -0.72 0.10 10.06 10.25 0.13
10.02.2004 02:23:07 79.13 77.31 70.63 41.94 26.38 25.06 896 30.44 21.00 11.69 -0.28 3.98 12.69 13.25 -0.62 3.06 12.63 13.38 2.53 3.89 10.19 9.44 -0.72 0.10 10.06 10.25 0.13
10.02.2004 02:24:07 79.13 77.25 70.75 41.94 26.38 25.06 897 30.50 21.00 11.63 -0.28 3.98 12.69 13.25 -0.62 3.06 12.63 13.38 2.53 3.89 10.19 9.44 -0.72 0.10 10.00 10.25 0.19
10.02.2004 02:25:07 79.06 77.25 70.81 41.94 26.38 25.06 896 30.44 21.00 11.63 -0.28 3.98 12.69 13.25 -0.62 3.01 12.63 13.31 2.53 3.89 10.19 9.38 -0.72 0.10 10.00 10.25 0.19
10.02.2004 02:26:07 79.06 77.19 70.88 41.94 26.38 25.06 896 30.50 21.00 11.63 -0.28 3.93 12.63 13.25 -0.62 3.01 12.63 13.38 2.53 3.89 10.13 9.38 -0.72 0.10 10.00 10.25 0.19
10.02.2004 02:27:07 79.00 77.13 70.94 41.94 26.38 25.06 896 30.50 21.00 11.63 -0.28 3.93 12.63 13.25 -0.62 2.96 12.56 13.31 2.53 3.89 10.13 9.38 -0.67 0.10 10.00 10.25 0.19
10.02.2004 02:28:07 78.94 77.13 71.06 42.00 26.38 25.06 896 30.44 21.00 11.63 -0.33 3.93 12.69 13.25 -0.62 2.96 12.63 13.31 2.53 3.84 10.13 9.38 -0.72 0.10 10.00 10.25 0.19
10.02.2004 02:29:07 78.94 77.06 71.13 42.00 26.38 25.06 896 30.44 21.00 11.69 -0.28 3.89 12.69 13.19 -0.62 2.96 12.63 13.31 2.53 3.84 10.13 9.38 -0.72 0.05 10.00 10.25 0.13
10.02.2004 02:30:07 78.88 77.06 71.19 42.00 26.38 25.06 896 30.44 21.00 11.69 -0.33 3.89 12.63 13.19 -0.62 2.91 12.56 13.31 2.53 3.84 10.13 9.38 -0.72 0.05 10.00 10.25 0.13
10.02.2004 02:31:07 78.88 77.06 71.31 42.00 26.38 25.06 896 30.44 21.06 11.63 -0.28 3.84 12.63 13.19 -0.62 2.91 12.56 13.31 2.53 3.84 10.13 9.38 -0.67 0.05 10.00 10.25 0.13
10.02.2004 02:32:07 78.81 77.00 71.38 42.00 26.38 25.06 896 30.44 21.06 11.69 -0.33 3.84 12.63 13.19 -0.62 2.87 12.56 13.31 2.53 3.84 10.13 9.44 -0.67 0.05 10.00 10.25 0.06
10.02.2004 02:33:07 78.75 76.94 71.44 42.00 26.38 25.06 895 30.38 21.06 11.63 -0.33 3.79 12.63 13.19 -0.62 2.87 12.63 13.25 2.53 3.79 10.13 9.38 -0.72 0.05 10.00 10.25 0.13
10.02.2004 02:34:07 78.75 76.94 71.50 42.00 26.38 25.06 895 30.38 21.06 11.69 -0.33 3.79 12.63 13.19 -0.62 2.87 12.56 13.31 2.53 3.79 10.13 9.38 -0.72 0.05 9.94 10.25 0.13
10.02.2004 02:35:07 78.69 76.88 71.63 42.00 26.38 25.06 895 30.31 21.06 11.69 -0.33 3.79 12.63 13.19 -0.62 2.82 12.56 13.31 2.53 3.79 10.06 9.38 -0.72 0.05 9.94 10.25 0.13
10.02.2004 02:36:07 78.69 76.81 71.69 42.06 26.44 25.06 895 30.38 21.06 11.69 -0.33 3.74 12.63 13.19 -0.62 2.82 12.56 13.25 2.53 3.79 10.13 9.38 -0.72 0.05 9.94 10.25 0.13
10.02.2004 02:37:07 78.63 76.81 71.69 42.00 26.38 25.06 895 30.31 21.06 11.63 -0.33 3.74 12.63 13.19 -0.62 2.82 12.56 13.25 2.53 3.79 10.06 9.38 -0.72 0.05 9.94 10.25 0.13
10.02.2004 02:38:07 78.56 76.81 71.81 42.06 26.38 25.06 895 30.31 21.06 11.69 -0.33 3.69 12.63 13.19 -0.62 2.77 12.56 13.25 2.53 3.79 10.06 9.38 -0.72 0.05 9.94 10.25 0.06
10.02.2004 02:39:07 78.56 76.75 71.94 42.06 26.44 25.06 895 30.31 21.13 11.63 -0.33 3.69 12.63 13.19 -0.62 2.77 12.56 13.25 2.53 3.79 10.06 9.38 -0.72 0.05 9.94 10.25 0.06
10.02.2004 02:40:07 78.50 76.69 71.94 42.06 26.44 25.06 894 30.31 21.13 11.63 -0.33 3.69 12.63 13.13 -0.62 2.77 12.56 13.25 2.53 3.74 10.06 9.38 -0.72 0.05 9.94 10.25 0.13
10.02.2004 02:41:07 78.50 76.69 72.00 42.06 26.44 25.06 895 30.31 21.13 11.63 -0.33 3.69 12.63 13.13 -0.62 2.72 12.56 13.25 2.53 3.74 10.06 9.38 -0.72 0.05 9.88 10.25 0.13
10.02.2004 02:42:07 78.44 76.56 72.06 42.06 26.44 25.06 894 30.31 21.13 11.63 -0.33 3.64 12.63 13.13 -0.62 2.72 12.56 13.25 2.53 3.74 10.06 9.38 -0.72 0.00 9.88 10.25 0.19
10.02.2004 02:43:07 78.38 76.56 72.13 42.06 26.44 25.06 893 30.25 21.13 11.69 -0.33 3.64 12.63 13.13 -0.62 2.72 12.56 13.25 2.53 3.74 10.06 9.38 -0.72 0.00 9.88 10.25 0.19
10.02.2004 02:44:07 78.38 76.50 72.19 42.06 26.44 25.06 893 30.25 21.13 11.69 -0.33 3.59 12.63 13.13 -0.62 2.67 12.56 13.25 2.53 3.74 10.00 9.38 -0.72 0.00 9.88 10.25 0.19
10.02.2004 02:45:07 78.31 76.44 72.25 42.13 26.44 25.06 893 30.25 21.13 11.69 -0.33 3.59 12.63 13.13 -0.62 2.67 12.56 13.19 2.53 3.69 10.00 9.38 -0.72 0.00 9.88 10.25 0.19
10.02.2004 02:46:07 78.25 76.38 72.31 42.13 26.44 25.06 892 30.19 21.19 11.69 -0.33 3.55 12.63 13.13 -0.62 2.67 12.56 13.19 2.53 3.69 10.00 9.38 -0.72 0.00 9.81 10.25 0.19
10.02.2004 02:47:07 78.25 76.44 72.38 42.13 26.44 25.06 893 30.19 21.19 11.63 -0.33 3.55 12.63 13.13 -0.62 2.67 12.56 13.19 2.53 3.69 10.00 9.38 -0.72 0.00 9.81 10.25 0.19
10.02.2004 02:48:07 78.19 76.38 72.44 42.13 26.44 25.06 893 30.13 21.19 11.69 -0.33 3.55 12.63 13.13 -0.62 2.62 12.56 13.19 2.53 3.69 10.00 9.38 -0.72 0.00 9.81 10.25 0.19
10.02.2004 02:49:07 78.19 76.38 72.50 42.13 26.44 25.06 893 30.19 21.19 11.63 -0.33 3.55 12.63 13.13 -0.67 2.62 12.56 13.19 2.53 3.69 10.00 9.38 -0.72 0.00 9.81 10.25 0.13
10.02.2004 02:50:07 78.19 76.31 72.56 42.13 26.44 25.06 893 30.19 21.19 11.63 -0.33 3.50 12.56 13.13 -0.62 2.57 12.56 13.19 2.53 3.64 9.94 9.31 -0.72 0.00 9.81 10.25 0.13
10.02.2004 02:51:07 78.13 76.31 72.56 42.13 26.44 25.06 892 30.13 21.19 11.69 -0.33 3.50 12.56 13.13 -0.62 2.57 12.50 13.19 2.53 3.64 9.94 9.31 -0.72 0.00 9.81 10.25 0.13
10.02.2004 02:52:07 78.13 76.25 72.69 42.13 26.44 25.06 892 30.13 21.19 11.69 -0.33 3.50 12.56 13.13 -0.62 2.57 12.56 13.19 2.53 3.64 9.94 9.38 -0.72 0.00 9.81 10.25 0.25
10.02.2004 02:53:07 78.06 76.25 72.69 42.13 26.44 25.06 892 30.13 21.19 11.63 -0.33 3.45 12.63 13.06 -0.67 2.57 12.50 13.19 2.53 3.64 9.94 9.38 -0.72 0.00 9.81 10.25 0.25
10.02.2004 02:54:07 78.06 76.19 72.75 42.13 26.50 25.06 892 30.06 21.19 11.63 -0.33 3.45 12.56 13.06 -0.62 2.53 12.56 13.19 2.53 3.64 9.94 9.31 -0.72 0.00 9.81 10.25 0.25
10.02.2004 02:55:07 78.00 76.19 72.81 42.19 26.44 25.06 892 30.06 21.25 11.69 -0.33 3.45 12.56 13.06 -0.67 2.53 12.50 13.13 2.53 3.64 9.94 9.38 -0.72 0.00 9.81 10.25 0.25
10.02.2004 02:56:07 78.00 76.13 72.88 42.13 26.44 25.06 892 30.06 21.25 11.69 -0.33 3.40 12.56 13.06 -0.67 2.53 12.50 13.19 2.53 3.64 9.88 9.38 -0.72 0.00 9.81 10.25 0.19
10.02.2004 02:57:07 77.94 76.13 72.94 42.19 26.44 25.06 892 30.06 21.25 11.69 -0.33 3.40 12.56 13.13 -0.62 2.53 12.50 13.13 2.53 3.59 9.88 9.31 -0.72 0.00 9.81 10.25 0.19
10.02.2004 02:58:07 77.94 76.13 73.00 42.13 26.44 25.06 892 30.00 21.25 11.69 -0.33 3.40 12.56 13.06 -0.62 2.48 12.50 13.13 2.53 3.59 9.88 9.38 -0.72 0.00 9.75 10.25 0.19
10.02.2004 02:59:07 77.88 76.06 73.00 42.19 26.50 25.06 891 30.00 21.25 11.63 -0.33 3.40 12.56 13.06 -0.67 2.48 12.50 13.13 2.53 3.59 9.88 9.38 -0.72 -0.04 9.75 10.25 0.19
10.02.2004 03:00:07 77.88 76.06 73.06 42.13 26.50 25.06 891 29.94 21.25 11.69 -0.33 3.35 12.56 13.06 -0.67 2.48 12.50 13.13 2.53 3.59 9.88 9.31 -0.72 -0.04 9.81 10.25 0.19
10.02.2004 03:01:07 77.81 76.06 73.13 42.19 26.44 25.06 891 29.94 21.25 11.69 -0.33 3.35 12.56 13.06 -0.67 2.43 12.50 13.13 2.53 3.59 9.88 9.31 -0.72 -0.04 9.75 10.25 0.25
10.02.2004 03:02:07 77.75 76.00 73.19 42.19 26.50 25.06 891 29.88 21.31 11.69 -0.33 3.35 12.56 13.06 -0.67 2.43 12.50 13.13 2.57 3.59 9.88 9.31 -0.72 -0.04 9.75 10.25 0.19
10.02.2004 03:03:07 77.75 76.00 73.19 42.19 26.44 25.06 891 29.94 21.31 11.69 -0.33 3.35 12.56 13.06 -0.67 2.43 12.50 13.13 2.57 3.55 9.88 9.31 -0.72 -0.04 9.75 10.25 0.25
10.02.2004 03:04:07 77.75 76.00 73.25 42.19 26.50 25.06 891 29.88 21.31 11.63 -0.38 3.30 12.56 13.06 -0.67 2.43 12.50 13.13 2.57 3.55 9.81 9.31 -0.72 -0.04 9.75 10.25 0.31
10.02.2004 03:05:07 77.69 75.94 73.38 42.19 26.50 25.06 891 29.88 21.31 11.69 -0.38 3.30 12.56 13.06 -0.67 2.38 12.56 13.13 2.53 3.55 9.81 9.31 -0.72 -0.04 9.75 10.25 0.31
10.02.2004 03:06:07 77.69 75.94 73.50 42.19 26.50 25.06 891 29.81 21.31 11.69 -0.38 3.30 12.56 13.00 -0.67 2.38 12.50 13.13 2.57 3.55 9.81 9.31 -0.72 -0.04 9.75 10.25 0.25
10.02.2004 03:07:07 77.63 75.88 73.56 42.19 26.50 25.06 891 29.81 21.31 11.69 -0.38 3.25 12.56 13.06 -0.67 2.38 12.50 13.13 2.57 3.55 9.81 9.31 -0.72 -0.04 9.75 10.25 0.25
10.02.2004 03:08:07 77.63 75.88 73.69 42.19 26.50 25.06 891 29.81 21.31 11.69 -0.38 3.25 12.56 13.00 -0.67 2.38 12.50 13.13 2.57 3.55 9.81 9.31 -0.72 -0.04 9.75 10.25 0.25
10.02.2004 03:09:07 77.56 75.81 73.75 42.19 26.50 25.06 891 29.75 21.31 11.69 -0.38 3.25 12.56 13.00 -0.67 2.33 12.50 13.06 2.57 3.55 9.81 9.31 -0.72 -0.04 9.75 10.25 0.25
10.02.2004 03:10:07 77.56 75.81 73.94 42.19 26.50 25.06 891 29.75 21.38 11.63 -0.38 3.25 12.56 13.00 -0.67 2.33 12.50 13.06 2.57 3.50 9.81 9.31 -0.72 -0.04 9.75 10.25 0.25
10.02.2004 03:11:07 77.56 75.81 74.00 42.19 26.50 25.06 892 29.69 21.31 11.63 -0.38 3.21 12.56 13.00 -0.67 2.33 12.50 13.06 2.57 3.55 9.81 9.31 -0.72 -0.04 9.75 10.25 0.25
10.02.2004 03:12:07 77.56 75.81 74.06 42.19 26.50 25.06 892 29.75 21.38 11.69 -0.38 3.21 12.56 13.00 -0.67 2.33 12.50 13.06 2.57 3.50 9.75 9.31 -0.72 -0.04 9.75 10.25 0.19
10.02.2004 03:13:07 77.50 75.81 74.19 42.19 26.50 25.06 892 29.69 21.38 11.69 -0.38 3.21 12.56 13.00 -0.67 2.28 12.50 13.06 2.57 3.50 9.75 9.31 -0.77 -0.04 9.69 10.25 0.25
10.02.2004 03:14:07 77.50 75.75 74.44 42.25 26.50 25.06 893 29.69 21.38 11.69 -0.38 3.21 12.50 13.00 -0.67 2.28 12.50 13.06 2.57 3.50 9.75 9.31 -0.77 -0.04 9.69 10.25 0.25
10.02.2004 03:15:07 77.44 75.69 74.50 42.25 26.50 25.06 892 29.63 21.38 11.63 -0.38 3.16 12.56 13.00 -0.67 2.28 12.50 13.06 2.57 3.50 9.75 9.31 -0.72 -0.09 9.69 10.25 0.19
10.02.2004 03:16:07 77.44 75.69 74.50 42.25 26.50 25.06 892 29.63 21.38 11.69 -0.38 3.16 12.56 13.00 -0.67 2.28 12.50 13.06 2.57 3.50 9.75 9.31 -0.72 -0.04 9.69 10.25 0.19
10.02.2004 03:17:07 77.38 75.69 74.75 42.25 26.50 25.06 893 29.56 21.38 11.69 -0.38 3.16 12.56 13.00 -0.67 2.28 12.50 13.06 2.57 3.50 9.75 9.31 -0.72 -0.09 9.69 10.25 0.25
10.02.2004 03:18:07 77.38 75.69 74.75 42.25 26.50 25.06 893 29.56 21.44 11.63 -0.38 3.16 12.56 13.00 -0.67 2.28 12.50 13.06 2.57 3.45 9.75 9.31 -0.72 -0.04 9.69 10.25 0.19
10.02.2004 03:19:07 77.31 75.63 75.00 42.25 26.50 25.06 893 29.56 21.44 11.63 -0.38 3.11 12.56 12.94 -0.67 2.23 12.50 13.06 2.57 3.50 9.75 9.31 -0.72 -0.09 9.69 10.25 0.19
10.02.2004 03:20:07 77.31 75.63 74.94 42.25 26.50 25.06 893 29.56 21.44 11.69 -0.38 3.11 12.50 13.00 -0.67 2.23 12.50 13.00 2.57 3.45 9.75 9.31 -0.72 -0.09 9.69 10.25 0.19
10.02.2004 03:21:07 77.31 75.63 75.00 42.25 26.50 25.06 893 29.50 21.44 11.69 -0.38 3.11 12.50 13.00 -0.67 2.23 12.50 13.00 2.57 3.45 9.75 9.31 -0.72 -0.09 9.63 10.25 0.19
10.02.2004 03:22:07 77.31 75.56 75.06 42.25 26.50 25.06 893 29.50 21.44 11.63 -0.38 3.11 12.50 12.94 -0.67 2.23 12.50 13.00 2.57 3.45 9.69 9.31 -0.72 -0.09 9.69 10.25 0.19
10.02.2004 03:23:07 77.25 75.56 75.13 42.25 26.50 25.06 893 29.50 21.44 11.63 -0.38 3.11 12.50 12.94 -0.67 2.23 12.50 13.00 2.57 3.45 9.69 9.31 -0.72 -0.09 9.63 10.25 0.19
10.02.2004 03:24:07 77.25 75.56 75.13 42.25 26.50 25.06 893 29.50 21.50 11.69 -0.38 3.11 12.56 12.94 -0.67 2.23 12.50 13.00 2.57 3.45 9.69 9.31 -0.72 -0.09 9.63 10.25 0.19
10.02.2004 03:25:07 77.25 75.56 75.25 42.25 26.50 25.06 894 29.50 21.50 11.63 -0.38 3.06 12.56 12.94 -0.67 2.19 12.50 13.00 2.57 3.45 9.69 9.31 -0.72 -0.09 9.63 10.25 0.19
10.02.2004 03:26:07 77.19 75.50 75.38 42.25 26.50 25.06 893 29.44 21.50 11.69 -0.38 3.06 12.50 12.94 -0.67 2.19 12.44 13.00 2.57 3.45 9.69 9.31 -0.72 -0.09 9.63 10.25 0.19
10.02.2004 03:27:07 77.19 75.50 75.63 42.25 26.56 25.06 895 29.44 21.50 11.63 -0.38 3.06 12.50 12.94 -0.67 2.19 12.44 13.00 2.57 3.45 9.69 9.25 -0.72 -0.09 9.63 10.25 0.19
10.02.2004 03:28:07 77.19 75.50 75.50 42.25 26.50 25.06 894 29.44 21.50 11.63 -0.38 3.06 12.50 12.94 -0.67 2.19 12.44 13.00 2.57 3.40 9.63 9.31 -0.72 -0.09 9.63 10.25 0.19
10.02.2004 03:29:07 77.13 75.44 75.50 42.25 26.50 25.06 893 29.38 21.50 11.69 -0.38 3.06 12.50 12.94 -0.67 2.19 12.44 13.00 2.57 3.40 9.69 9.31 -0.72 -0.09 9.63 10.25 0.19
10.02.2004 03:30:07 77.13 75.44 75.50 42.25 26.50 25.06 893 29.38 21.50 11.69 -0.38 3.01 12.50 12.94 -0.67 2.19 12.44 13.00 2.57 3.40 9.63 9.31 -0.72 -0.09 9.63 10.25 0.25
10.02.2004 03:31:07 77.13 75.44 75.44 42.25 26.50 25.06 893 29.38 21.50 11.63 -0.38 3.01 12.50 12.94 -0.67 2.19 12.50 12.94 2.57 3.40 9.69 9.31 -0.72 -0.09 9.63 10.25 0.25
10.02.2004 03:32:07 77.06 75.38 75.56 42.25 26.50 25.06 893 29.38 21.56 11.69 -0.38 3.01 12.50 12.94 -0.67 2.14 12.50 12.94 2.57 3.40 9.63 9.31 -0.72 -0.09 9.56 10.25 0.25
10.02.2004 03:33:07 77.06 75.38 75.56 42.25 26.50 25.06 893 29.31 21.56 11.69 -0.38 3.01 12.50 12.94 -0.67 2.14 12.44 12.94 2.57 3.40 9.63 9.31 -0.72 -0.09 9.56 10.25 0.19
10.02.2004 03:34:07 77.06 75.38 75.50 42.25 26.50 25.06 892 29.31 21.56 11.63 -0.38 3.01 12.50 12.94 -0.67 2.14 12.44 12.94 2.57 3.40 9.63 9.25 -0.72 -0.09 9.56 10.25 0.19
10.02.2004 03:35:07 77.00 75.38 75.56 42.25 26.50 25.06 892 29.31 21.56 11.69 -0.38 3.01 12.50 12.94 -0.67 2.14 12.44 12.94 2.57 3.40 9.63 9.25 -0.72 -0.09 9.56 10.25 0.19
10.02.2004 03:36:07 77.00 75.38 75.50 42.25 26.50 25.06 892 29.25 21.56 11.69 -0.38 3.01 12.50 12.88 -0.67 2.14 12.44 12.94 2.57 3.40 9.63 9.25 -0.72 -0.09 9.56 10.25 0.19
10.02.2004 03:37:07 77.00 75.31 75.50 42.31 26.56 25.06 892 29.25 21.56 11.69 -0.38 3.01 12.50 12.88 -0.67 2.14 12.50 12.94 2.57 3.40 9.63 9.25 -0.72 -0.09 9.56 10.25 0.13
10.02.2004 03:38:07 76.94 75.31 75.56 42.31 26.50 25.06 891 29.25 21.56 11.69 -0.38 2.96 12.50 12.88 -0.67 2.14 12.44 12.94 2.57 3.35 9.63 9.25 -0.72 -0.09 9.56 10.25 0.13
10.02.2004 03:39:07 76.94 75.31 75.50 42.31 26.50 25.06 891 29.19 21.63 11.63 -0.38 2.96 12.50 12.88 -0.67 2.14 12.44 12.94 2.57 3.35 9.63 9.25 -0.72 -0.13 9.56 10.25 0.19
10.02.2004 03:40:07 76.94 75.31 75.56 42.31 26.50 25.06 891 29.19 21.63 11.63 -0.38 2.96 12.50 12.88 -0.67 2.09 12.44 12.94 2.57 3.35 9.63 9.25 -0.72 -0.09 9.56 10.25 0.19
10.02.2004 03:41:07 76.94 75.25 75.56 42.31 26.56 25.06 891 29.19 21.63 11.69 -0.43 2.96 12.50 12.88 -0.67 2.09 12.44 12.94 2.57 3.35 9.56 9.25 -0.72 -0.09 9.56 10.25 0.25
10.02.2004 03:42:07 76.88 75.25 75.56 42.31 26.50 25.06 891 29.19 21.63 11.63 -0.43 2.91 12.50 12.88 -0.67 2.09 12.44 12.94 2.57 3.35 9.56 9.31 -0.72 -0.13 9.56 10.25 0.25
10.02.2004 03:43:07 76.88 75.25 75.56 42.31 26.50 25.06 891 29.19 21.63 11.69 -0.43 2.91 12.50 12.88 -0.67 2.09 12.44 12.88 2.57 3.35 9.56 9.25 -0.72 -0.09 9.56 10.25 0.25
10.02.2004 03:44:07 76.88 75.19 75.44 42.31 26.56 25.06 890 29.13 21.63 11.63 -0.43 2.91 12.50 12.88 -0.67 2.09 12.44 12.94 2.57 3.35 9.56 9.25 -0.72 -0.13 9.50 10.25 0.25
10.02.2004 03:45:07 76.88 75.19 75.56 42.31 26.50 25.06 890 29.13 21.63 11.63 -0.43 2.91 12.50 12.88 -0.67 2.09 12.44 12.88 2.57 3.35 9.56 9.25 -0.72 -0.09 9.50 10.25 0.25
10.02.2004 03:46:07 76.81 75.19 75.50 42.25 26.56 25.06 889 29.13 21.63 11.63 -0.43 2.91 12.50 12.88 -0.67 2.09 12.44 12.88 2.57 3.35 9.56 9.25 -0.72 -0.13 9.50 10.19 0.19
10.02.2004 03:47:07 76.81 75.19 75.50 42.31 26.56 25.06 890 29.13 21.69 11.69 -0.38 2.91 12.50 12.88 -0.67 2.09 12.44 12.88 2.57 3.35 9.56 9.25 -0.72 -0.13 9.50 10.25 0.19
10.02.2004 03:48:07 76.75 75.19 75.44 42.31 26.56 25.06 889 29.06 21.69 11.63 -0.43 2.91 12.50 12.88 -0.67 2.09 12.44 12.88 2.57 3.30 9.50 9.25 -0.72 -0.13 9.50 10.25 0.25
10.02.2004 03:49:07 76.75 75.13 75.44 42.31 26.56 25.00 888 29.06 21.69 11.63 -0.43 2.91 12.50 12.81 -0.67 2.09 12.44 12.88 2.57 3.30 9.50 9.25 -0.72 -0.13 9.50 10.19 0.25
10.02.2004 03:50:07 76.75 75.13 75.44 42.31 26.56 25.06 889 29.06 21.69 11.69 -0.43 2.87 12.44 12.88 -0.67 2.04 12.44 12.88 2.57 3.30 9.50 9.25 -0.72 -0.13 9.50 10.25 0.25
10.02.2004 03:51:07 76.75 75.13 75.44 42.31 26.56 25.06 889 29.06 21.69 11.69 -0.43 2.87 12.50 12.81 -0.67 2.04 12.44 12.88 2.57 3.30 9.50 9.25 -0.72 -0.13 9.44 10.25 0.25
10.02.2004 03:52:07 76.69 75.13 75.44 42.31 26.56 25.06 888 29.00 21.69 11.63 -0.43 2.87 12.44 12.88 -0.67 2.04 12.44 12.88 2.57 3.30 9.50 9.25 -0.72 -0.13 9.44 10.19 0.25
10.02.2004 03:53:07 76.69 75.13 75.44 42.31 26.56 25.06 888 29.00 21.69 11.63 -0.38 2.87 12.44 12.81 -0.67 2.04 12.44 12.88 2.57 3.30 9.50 9.25 -0.72 -0.13 9.44 10.25 0.25
10.02.2004 03:54:07 76.69 75.06 75.38 42.31 26.56 25.06 887 29.00 21.69 11.63 -0.43 2.87 12.50 12.81 -0.67 2.04 12.44 12.88 2.57 3.30 9.50 9.25 -0.72 -0.13 9.44 10.19 0.25
10.02.2004 03:55:07 76.69 75.06 75.44 42.31 26.56 25.06 888 29.00 21.69 11.69 -0.38 2.87 12.44 12.81 -0.67 2.04 12.38 12.88 2.57 3.30 9.50 9.25 -0.72 -0.13 9.44 10.19 0.19
10.02.2004 03:56:07 76.63 75.06 75.44 42.31 26.56 25.00 887 29.00 21.75 11.63 -0.43 2.87 12.44 12.81 -0.67 2.04 12.44 12.88 2.57 3.30 9.50 9.19 -0.72 -0.13 9.44 10.19 0.19
10.02.2004 03:57:07 76.63 75.06 75.44 42.31 26.56 25.06 887 29.00 21.75 11.63 -0.43 2.87 12.44 12.81 -0.67 2.04 12.38 12.81 2.57 3.30 9.44 9.25 -0.72 -0.13 9.44 10.19 0.19
10.02.2004 03:58:07 76.63 75.06 75.38 42.31 26.56 25.00 887 28.94 21.75 11.63 -0.43 2.87 12.44 12.81 -0.67 2.04 12.44 12.81 2.57 3.30 9.44 9.25 -0.72 -0.13 9.44 10.19 0.19
10.02.2004 03:59:07 76.63 75.00 75.38 42.31 26.56 25.06 887 28.94 21.75 11.63 -0.43 2.82 12.44 12.81 -0.67 2.04 12.44 12.81 2.57 3.25 9.50 9.19 -0.72 -0.13 9.44 10.19 0.13
10.02.2004 04:00:07 76.56 75.00 75.31 42.31 26.56 25.06 886 28.94 21.75 11.63 -0.43 2.82 12.44 12.81 -0.67 2.04 12.44 12.81 2.57 3.25 9.50 9.25 -0.72 -0.13 9.44 10.19 0.13
10.02.2004 04:01:07 76.56 75.00 75.31 42.31 26.56 25.06 886 28.94 21.75 11.63 -0.43 2.82 12.44 12.81 -0.67 1.99 12.38 12.81 2.57 3.25 9.44 9.25 -0.72 -0.13 9.44 10.19 0.13
10.02.2004 04:02:07 76.56 75.00 75.38 42.31 26.56 25.00 886 28.94 21.75 11.63 -0.43 2.82 12.44 12.81 -0.67 1.99 12.38 12.81 2.57 3.25 9.44 9.25 -0.72 -0.13 9.44 10.19 0.13
10.02.2004 04:03:07 76.56 75.00 75.38 42.31 26.56 25.00 886 28.94 21.75 11.63 -0.43 2.82 12.44 12.81 -0.67 1.99 12.38 12.81 2.57 3.25 9.44 9.25 -0.72 -0.13 9.44 10.19 0.13
10.02.2004 04:04:07 76.50 75.00 75.31 42.31 26.56 25.00 885 28.94 21.81 11.63 -0.43 2.82 12.44 12.75 -0.67 1.99 12.44 12.81 2.57 3.25 9.44 9.25 -0.72 -0.13 9.44 10.19 0.19
10.02.2004 04:05:07 76.56 75.00 75.38 42.31 26.56 25.06 886 28.88 21.81 11.63 -0.43 2.82 12.44 12.81 -0.67 1.99 12.38 12.81 2.57 3.25 9.44 9.25 -0.72 -0.13 9.44 10.19 0.13
10.02.2004 04:06:07 76.50 74.94 75.31 42.31 26.56 25.06 885 28.88 21.81 11.63 -0.43 2.82 12.44 12.81 -0.67 1.99 12.38 12.81 2.57 3.25 9.44 9.19 -0.72 -0.13 9.44 10.19 0.19
10.02.2004 04:07:07 76.50 74.94 75.31 42.31 26.56 25.06 885 28.88 21.81 11.63 -0.43 2.82 12.44 12.81 -0.67 1.99 12.38 12.81 2.57 3.25 9.44 9.25 -0.72 -0.13 9.44 10.19 0.13
10.02.2004 04:08:07 76.50 74.94 75.38 42.31 26.56 25.00 885 28.88 21.81 11.63 -0.43 2.82 12.44 12.75 -0.67 1.99 12.38 12.81 2.57 3.25 9.44 9.25 -0.72 -0.13 9.44 10.19 0.13
10.02.2004 04:09:07 76.50 74.94 75.31 42.31 26.56 25.06 885 28.88 21.81 11.63 -0.43 2.82 12.44 12.75 -0.67 1.99 12.38 12.75 2.57 3.25 9.44 9.25 -0.72 -0.13 9.44 10.19 0.19
10.02.2004 04:10:07 76.50 74.94 75.31 42.31 26.56 25.06 885 28.81 21.81 11.63 -0.43 2.77 12.44 12.75 -0.67 1.99 12.38 12.75 2.57 3.25 9.44 9.25 -0.72 -0.13 9.44 10.19 0.19
10.02.2004 04:11:07 76.44 74.94 75.31 42.31 26.56 25.00 885 28.81 21.81 11.63 -0.43 2.77 12.44 12.75 -0.67 1.99 12.38 12.75 2.57 3.25 9.44 9.19 -0.72 -0.13 9.44 10.19 0.19
10.02.2004 04:12:07 76.44 74.94 75.31 42.31 26.56 25.00 885 28.81 21.88 11.63 -0.43 2.77 12.44 12.75 -0.67 1.99 12.38 12.81 2.62 3.25 9.44 9.25 -0.72 -0.13 9.44 10.19 0.19
10.02.2004 04:13:07 76.44 74.94 75.31 42.31 26.56 25.00 885 28.75 21.88 11.63 -0.43 2.77 12.44 12.75 -0.67 1.99 12.38 12.75 2.62 3.21 9.44 9.25 -0.72 -0.13 9.44 10.19 0.13
10.02.2004 04:14:07 76.44 74.88 75.31 42.31 26.56 25.00 884 28.81 21.88 11.63 -0.43 2.77 12.44 12.75 -0.67 1.99 12.38 12.75 2.62 3.21 9.44 9.19 -0.72 -0.13 9.44 10.19 0.13
10.02.2004 04:15:07 76.44 74.88 75.31 42.31 26.56 25.00 884 28.75 21.88 11.63 -0.43 2.77 12.44 12.75 -0.67 1.99 12.38 12.75 2.62 3.21 9.44 9.25 -0.72 -0.13 9.44 10.19 0.06
10.02.2004 04:16:07 76.44 74.88 75.31 42.31 26.56 25.00 884 28.75 21.88 11.63 -0.43 2.77 12.44 12.75 -0.67 1.99 12.38 12.75 2.62 3.21 9.44 9.19 -0.72 -0.13 9.50 10.19 0.06
10.02.2004 04:17:07 76.38 74.88 75.31 42.31 26.56 25.06 884 28.75 21.88 11.63 -0.43 2.77 12.44 12.75 -0.67 1.99 12.38 12.75 2.62 3.21 9.44 9.25 -0.72 -0.13 9.44 10.19 0.06
10.02.2004 04:18:07 76.38 74.88 75.31 42.31 26.56 25.06 884 28.75 21.94 11.63 -0.43 2.77 12.44 12.75 -0.67 1.99 12.38 12.75 2.62 3.21 9.44 9.25 -0.72 -0.13 9.50 10.19 0.06
10.02.2004 04:19:07 76.38 74.88 75.31 42.31 26.56 25.06 884 28.69 21.94 11.63 -0.43 2.77 12.44 12.75 -0.67 1.99 12.38 12.75 2.62 3.21 9.44 9.25 -0.72 -0.13 9.50 10.19 0.13
10.02.2004 04:20:07 76.38 74.88 75.31 42.31 26.56 25.06 884 28.69 21.94 11.63 -0.43 2.77 12.44 12.75 -0.67 1.99 12.38 12.75 2.62 3.21 9.44 9.25 -0.72 -0.13 9.50 10.19 0.13
10.02.2004 04:21:07 76.38 74.81 75.31 42.31 26.56 25.00 883 28.69 21.94 11.63 -0.43 2.77 12.44 12.75 -0.67 1.99 12.38 12.75 2.62 3.21 9.44 9.25 -0.72 -0.13 9.50 10.19 0.13
10.02.2004 04:22:07 76.38 74.81 75.31 42.31 26.56 25.00 883 28.69 21.94 11.63 -0.43 2.77 12.38 12.75 -0.67 1.94 12.38 12.75 2.62 3.21 9.44 9.25 -0.72 -0.13 9.50 10.19 0.13
10.02.2004 04:23:07 76.31 74.81 75.31 42.31 26.56 25.06 883 28.69 21.94 11.63 -0.43 2.77 12.38 12.75 -0.67 1.94 12.38 12.75 2.62 3.21 9.44 9.25 -0.72 -0.13 9.50 10.19 0.13
10.02.2004 04:24:07 76.38 74.81 75.31 42.31 26.56 25.00 883 28.69 21.94 11.63 -0.43 2.72 12.38 12.69 -0.67 1.94 12.38 12.75 2.62 3.21 9.44 9.25 -0.72 -0.18 9.50 10.19 0.13
10.02.2004 04:25:07 76.31 74.81 75.31 42.31 26.56 25.00 883 28.69 21.94 11.63 -0.43 2.72 12.38 12.69 -0.67 1.94 12.38 12.75 2.67 3.21 9.44 9.25 -0.72 -0.18 9.50 10.19 0.06
10.02.2004 04:26:07 76.31 74.81 75.25 42.31 26.56 25.00 882 28.69 22.00 11.63 -0.43 2.72 12.38 12.69 -0.67 1.94 12.38 12.69 2.62 3.21 9.44 9.25 -0.72 -0.13 9.50 10.19 0.13
10.02.2004 04:27:07 76.31 74.81 75.25 42.31 26.56 25.06 883 28.69 22.00 11.63 -0.43 2.72 12.38 12.69 -0.67 1.94 12.38 12.69 2.62 3.21 9.44 9.25 -0.72 -0.13 9.50 10.19 0.19
10.02.2004 04:28:07 76.31 74.81 75.31 42.31 26.56 25.06 883 28.63 22.00 11.63 -0.43 2.72 12.38 12.69 -0.67 1.94 12.38 12.69 2.62 3.21 9.44 9.25 -0.72 -0.13 9.50 10.19 0.13
10.02.2004 04:29:07 76.31 74.81 75.25 42.31 26.56 25.00 882 28.63 22.00 11.63 -0.43 2.72 12.38 12.69 -0.67 1.94 12.38 12.69 2.62 3.21 9.44 9.25 -0.72 -0.13 9.50 10.19 0.13
10.02.2004 04:30:07 76.25 74.75 75.25 42.31 26.56 25.06 882 28.63 22.00 11.63 -0.43 2.72 12.38 12.69 -0.67 1.94 12.31 12.69 2.62 3.21 9.44 9.31 -0.72 -0.13 9.50 10.19 0.13
10.02.2004 04:31:07 76.31 74.75 75.25 42.31 26.56 25.00 882 28.63 22.00 11.63 -0.43 2.72 12.38 12.69 -0.67 1.94 12.38 12.69 2.62 3.21 9.44 9.31 -0.72 -0.13 9.50 10.19 0.13
10.02.2004 04:32:07 76.25 74.75 75.25 42.31 26.56 25.06 882 28.63 22.00 11.63 -0.43 2.72 12.38 12.69 -0.67 1.94 12.38 12.69 2.62 3.16 9.44 9.25 -0.72 -0.18 9.50 10.19 0.13
10.02.2004 04:33:07 76.25 74.75 75.25 42.31 26.56 25.06 882 28.63 22.00 11.63 -0.43 2.72 12.38 12.69 -0.67 1.94 12.38 12.69 2.62 3.21 9.44 9.25 -0.72 -0.18 9.50 10.19 0.13
10.02.2004 04:34:07 76.25 74.75 75.25 42.31 26.56 25.00 882 28.63 22.00 11.63 -0.43 2.72 12.38 12.69 -0.67 1.94 12.38 12.69 2.62 3.21 9.44 9.31 -0.72 -0.18 9.56 10.19 0.13
10.02.2004 04:35:07 76.25 74.75 75.25 42.31 26.56 25.00 882 28.56 22.06 11.63 -0.43 2.72 12.38 12.69 -0.67 1.94 12.38 12.69 2.62 3.21 9.44 9.31 -0.72 -0.18 9.56 10.19 0.13
10.02.2004 04:36:07 76.25 74.75 75.25 42.31 26.56 25.00 882 28.56 22.06 11.63 -0.43 2.72 12.38 12.69 -0.67 1.94 12.38 12.69 2.62 3.16 9.44 9.31 -0.72 -0.18 9.56 10.19 0.13
10.02.2004 04:37:07 76.25 74.75 75.25 42.31 26.56 25.00 882 28.56 22.06 11.63 -0.43 2.72 12.38 12.69 -0.67 1.94 12.38 12.69 2.62 3.21 9.44 9.25 -0.72 -0.18 9.56 10.19 0.13
10.02.2004 04:38:07 76.25 74.69 75.25 42.31 26.56 25.00 881 28.56 22.06 11.63 -0.43 2.72 12.38 12.69 -0.67 1.94 12.38 12.69 2.62 3.16 9.44 9.31 -0.72 -0.18 9.56 10.19 0.13
10.02.2004 04:39:07 76.25 74.75 75.25 42.31 26.56 25.06 882 28.56 22.06 11.63 -0.43 2.67 12.38 12.69 -0.67 1.94 12.38 12.69 2.62 3.21 9.44 9.31 -0.72 -0.18 9.56 10.19 0.13
10.02.2004 04:40:07 76.25 74.75 75.25 42.31 26.56 25.00 882 28.56 22.06 11.63 -0.43 2.67 12.38 12.69 -0.67 1.94 12.38 12.63 2.62 3.16 9.44 9.31 -0.72 -0.18 9.56 10.19 0.13
10.02.2004 04:41:07 76.19 74.69 75.25 42.31 26.56 25.00 881 28.56 22.06 11.63 -0.43 2.67 12.38 12.69 -0.67 1.94 12.38 12.69 2.62 3.21 9.44 9.31 -0.72 -0.18 9.56 10.19 0.06
10.02.2004 04:42:07 76.19 74.69 75.25 42.31 26.56 25.00 881 28.56 22.13 11.63 -0.43 2.67 12.38 12.69 -0.67 1.94 12.38 12.69 2.62 3.21 9.44 9.31 -0.72 -0.18 9.56 10.19 0.13
10.02.2004 04:43:07 76.19 74.69 75.19 42.31 26.56 25.00 881 28.56 22.13 11.63 -0.43 2.67 12.38 12.69 -0.67 1.94 12.38 12.69 2.62 3.16 9.44 9.31 -0.72 -0.18 9.56 10.19 0.13
10.02.2004 04:44:07 76.19 74.69 75.19 42.31 26.56 25.00 881 28.56 22.13 11.63 -0.43 2.67 12.38 12.63 -0.67 1.94 12.31 12.69 2.62 3.16 9.44 9.31 -0.72 -0.18 9.56 10.19 0.13
10.02.2004 04:45:07 76.19 74.69 75.19 42.31 26.56 25.00 881 28.50 22.13 11.63 -0.43 2.67 12.38 12.63 -0.67 1.94 12.38 12.63 2.62 3.16 9.44 9.31 -0.72 -0.18 9.56 10.25 0.13
10.02.2004 04:46:07 76.19 74.69 75.25 42.31 26.56 25.06 881 28.56 22.13 11.63 -0.43 2.67 12.38 12.63 -0.67 1.94 12.31 12.63 2.62 3.16 9.44 9.31 -0.72 -0.18 9.56 10.19 0.13
10.02.2004 04:47:07 76.19 74.69 75.19 42.31 26.56 25.06 881 28.50 22.13 11.56 -0.43 2.67 12.31 12.63 -0.67 1.94 12.31 12.63 2.62 3.16 9.44 9.31 -0.72 -0.18 9.56 10.19 0.13
10.02.2004 04:48:07 76.19 74.69 75.19 42.31 26.56 25.00 881 28.50 22.13 11.63 -0.43 2.67 12.38 12.63 -0.67 1.90 12.38 12.63 2.62 3.16 9.44 9.31 -0.72 -0.18 9.56 10.19 0.13
10.02.2004 04:49:07 76.19 74.69 75.19 42.31 26.56 25.00 881 28.50 22.13 11.63 -0.43 2.67 12.38 12.63 -0.67 1.90 12.38 12.63 2.62 3.16 9.44 9.31 -0.72 -0.18 9.56 10.25 0.13
10.02.2004 04:50:07 76.13 74.69 75.19 42.31 26.56 25.06 880 28.50 22.13 11.63 -0.43 2.62 12.31 12.63 -0.67 1.90 12.31 12.63 2.57 3.16 9.50 9.31 -0.72 -0.18 9.56 10.19 0.06
10.02.2004 04:51:07 76.13 74.69 75.19 42.31 26.56 25.00 880 28.50 22.13 11.56 -0.43 2.62 12.38 12.63 -0.67 1.90 12.31 12.63 2.57 3.16 9.50 9.31 -0.72 -0.18 9.56 10.19 0.06
10.02.2004 04:52:07 76.13 74.69 75.19 42.31 26.56 25.00 880 28.50 22.13 11.63 -0.43 2.62 12.31 12.63 -0.67 1.90 12.31 12.63 2.62 3.16 9.44 9.31 -0.72 -0.18 9.56 10.25 0.06
10.02.2004 04:53:07 76.13 74.69 75.19 42.31 26.56 25.00 880 28.50 22.19 11.63 -0.43 2.62 12.31 12.63 -0.67 1.90 12.31 12.63 2.57 3.16 9.44 9.31 -0.72 -0.18 9.56 10.25 0.06
10.02.2004 04:54:07 76.13 74.63 75.19 42.31 26.56 25.00 880 28.50 22.19 11.63 -0.43 2.62 12.31 12.63 -0.67 1.90 12.31 12.63 2.62 3.16 9.44 9.31 -0.72 -0.18 9.56 10.19 0.06
10.02.2004 04:55:07 76.13 74.69 75.19 42.31 26.56 25.00 880 28.50 22.19 11.56 -0.43 2.62 12.31 12.63 -0.67 1.90 12.31 12.63 2.57 3.16 9.44 9.31 -0.72 -0.18 9.56 10.19 0.06
10.02.2004 04:56:07 76.13 74.63 75.13 42.31 26.56 25.00 880 28.50 22.19 11.63 -0.43 2.62 12.31 12.63 -0.67 1.90 12.31 12.63 2.62 3.16 9.44 9.31 -0.72 -0.18 9.56 10.19 0.06
10.02.2004 04:57:07 76.13 74.63 75.19 42.31 26.56 25.00 880 28.50 22.19 11.56 -0.43 2.62 12.31 12.63 -0.67 1.90 12.31 12.63 2.62 3.16 9.50 9.31 -0.72 -0.18 9.56 10.19 0.06
10.02.2004 04:58:07 76.13 74.63 75.13 42.31 26.56 25.00 880 28.50 22.19 11.63 -0.47 2.62 12.31 12.63 -0.67 1.90 12.31 12.63 2.57 3.16 9.50 9.31 -0.72 -0.18 9.56 10.25 0.06
10.02.2004 04:59:07 76.13 74.63 75.13 42.31 26.56 25.00 880 28.50 22.19 11.63 -0.43 2.62 12.31 12.63 -0.67 1.90 12.31 12.56 2.57 3.16 9.44 9.31 -0.72 -0.18 9.56 10.19 0.06
10.02.2004 05:00:07 76.13 74.63 75.13 42.31 26.56 25.00 880 28.50 22.25 11.63 -0.43 2.62 12.31 12.63 -0.67 1.90 12.31 12.63 2.62 3.16 9.50 9.31 -0.72 -0.18 9.63 10.25 0.06
10.02.2004 05:01:07 76.06 74.63 75.13 42.31 26.56 25.00 879 28.50 22.25 11.63 -0.47 2.62 12.31 12.63 -0.67 1.90 12.31 12.63 2.57 3.16 9.44 9.31 -0.72 -0.18 9.56 10.25 0.06
10.02.2004 05:02:07 76.06 74.63 75.13 42.31 26.56 25.00 879 28.50 22.25 11.63 -0.47 2.62 12.31 12.63 -0.67 1.90 12.31 12.63 2.57 3.16 9.44 9.31 -0.72 -0.18 9.56 10.19 0.06
10.02.2004 05:03:07 76.06 74.63 75.13 42.31 26.56 25.00 879 28.50 22.25 11.56 -0.43 2.62 12.31 12.63 -0.67 1.85 12.31 12.56 2.57 3.16 9.44 9.31 -0.72 -0.18 9.56 10.19 0.06
10.02.2004 05:04:07 76.06 74.63 75.13 42.31 26.56 25.00 879 28.50 22.25 11.63 -0.47 2.57 12.31 12.63 -0.67 1.85 12.31 12.56 2.57 3.16 9.44 9.38 -0.72 -0.18 9.56 10.25 0.06
10.02.2004 05:05:07 76.06 74.63 75.13 42.31 26.56 25.00 879 28.44 22.25 11.56 -0.47 2.57 12.31 12.63 -0.67 1.85 12.31 12.56 2.57 3.16 9.50 9.31 -0.72 -0.18 9.56 10.25 0.06
10.02.2004 05:07:07 76.06 74.63 75.13 42.31 26.56 25.00 879 28.44 22.25 11.56 -0.47 2.57 12.31 12.56 -0.67 1.85 12.31 12.56 2.57 3.16 9.44 9.31 -0.72 -0.18 9.56 10.25 0.06
10.02.2004 05:08:07 76.06 74.63 75.06 42.31 26.56 25.00 879 28.44 22.31 11.63 -0.47 2.57 12.31 12.56 -0.67 1.85 12.31 12.56 2.57 3.16 9.44 9.31 -0.72 -0.18 9.56 10.19 0.06
10.02.2004 05:09:07 76.06 74.63 75.06 42.31 26.56 25.00 879 28.38 22.31 11.56 -0.47 2.57 12.31 12.56 -0.67 1.85 12.31 12.56 2.57 3.16 9.50 9.31 -0.72 -0.18 9.56 10.25 0.06
10.02.2004 05:10:07 76.06 74.63 75.06 42.31 26.56 25.00 879 28.44 22.31 11.56 -0.47 2.57 12.31 12.56 -0.67 1.85 12.31 12.56 2.57 3.16 9.44 9.31 -0.72 -0.18 9.56 10.25 0.06
10.02.2004 05:11:07 76.00 74.56 75.06 42.31 26.56 25.00 878 28.38 22.31 11.56 -0.47 2.57 12.31 12.56 -0.67 1.85 12.31 12.56 2.57 3.16 9.44 9.31 -0.72 -0.18 9.56 10.25 0.06
10.02.2004 05:12:07 76.00 74.56 75.06 42.31 26.56 25.00 878 28.38 22.31 11.56 -0.47 2.57 12.31 12.56 -0.67 1.85 12.31 12.56 2.57 3.16 9.44 9.31 -0.72 -0.18 9.63 10.25 0.00
10.02.2004 05:13:07 76.00 74.56 75.06 42.31 26.56 25.00 878 28.44 22.31 11.56 -0.47 2.57 12.31 12.56 -0.67 1.85 12.31 12.56 2.62 3.16 9.44 9.31 -0.72 -0.18 9.63 10.25 0.06
10.02.2004 05:14:07 76.00 74.56 75.06 42.31 26.56 25.00 878 28.44 22.31 11.56 -0.47 2.57 12.31 12.56 -0.67 1.85 12.31 12.56 2.62 3.16 9.44 9.38 -0.72 -0.18 9.63 10.25 0.06
10.02.2004 05:15:07 76.00 74.56 75.06 42.31 26.56 25.00 878 28.38 22.31 11.56 -0.47 2.57 12.31 12.56 -0.67 1.85 12.31 12.56 2.62 3.16 9.44 9.38 -0.72 -0.18 9.63 10.25 0.06
10.02.2004 05:16:07 76.00 74.56 75.00 42.31 26.56 25.00 878 28.44 22.31 11.56 -0.47 2.57 12.31 12.56 -0.67 1.85 12.31 12.56 2.62 3.16 9.50 9.31 -0.72 -0.18 9.63 10.25 0.06
10.02.2004 05:17:07 76.00 74.56 75.00 42.31 26.56 25.00 878 28.44 22.38 11.56 -0.47 2.57 12.31 12.56 -0.67 1.85 12.31 12.56 2.62 3.16 9.50 9.38 -0.72 -0.18 9.63 10.25 0.06
10.02.2004 05:18:07 76.00 74.56 75.06 42.31 26.63 25.00 878 28.44 22.38 11.56 -0.47 2.57 12.31 12.56 -0.67 1.85 12.31 12.56 2.62 3.16 9.50 9.38 -0.72 -0.23 9.63 10.25 0.06
10.02.2004 05:19:07 76.00 74.56 75.00 42.31 26.56 25.00 878 28.44 22.38 11.56 -0.47 2.57 12.31 12.56 -0.67 1.85 12.31 12.56 2.62 3.16 9.44 9.38 -0.72 -0.23 9.63 10.25 0.06
10.02.2004 05:20:07 76.00 74.56 75.00 42.31 26.56 25.00 878 28.44 22.38 11.56 -0.47 2.57 12.31 12.56 -0.67 1.85 12.31 12.56 2.62 3.16 9.50 9.38 -0.72 -0.23 9.63 10.25 0.06
10.02.2004 05:21:07 76.00 74.56 75.00 42.31 26.56 25.00 878 28.44 22.38 11.56 -0.47 2.57 12.31 12.56 -0.67 1.85 12.31 12.50 2.62 3.16 9.50 9.38 -0.77 -0.23 9.63 10.25 0.06
10.02.2004 05:22:07 75.94 74.56 75.00 42.31 26.56 25.00 877 28.44 22.38 11.56 -0.47 2.57 12.31 12.56 -0.67 1.85 12.31 12.56 2.62 3.16 9.50 9.38 -0.77 -0.23 9.63 10.25 0.06
10.02.2004 05:23:07 75.94 74.56 75.00 42.31 26.56 25.00 877 28.44 22.38 11.56 -0.47 2.57 12.31 12.56 -0.67 1.85 12.31 12.50 2.62 3.16 9.50 9.38 -0.72 -0.23 9.63 10.25 0.06
10.02.2004 05:24:07 75.94 74.56 75.00 42.31 26.56 25.00 877 28.44 22.38 11.56 -0.47 2.57 12.31 12.56 -0.67 1.85 12.31 12.56 2.62 3.16 9.50 9.38 -0.77 -0.23 9.63 10.25 0.06
10.02.2004 05:25:07 76.00 74.50 75.00 42.31 26.56 25.00 877 28.44 22.38 11.56 -0.47 2.57 12.31 12.56 -0.67 1.85 12.31 12.56 2.62 3.16 9.50 9.44 -0.77 -0.23 9.63 10.25 0.06
10.02.2004 05:26:07 75.94 74.50 75.00 42.31 26.56 25.00 877 28.44 22.38 11.56 -0.47 2.57 12.25 12.56 -0.67 1.85 12.31 12.50 2.62 3.16 9.50 9.44 -0.77 -0.23 9.63 10.25 0.06
10.02.2004 05:27:07 75.94 74.50 75.00 42.31 26.56 25.00 877 28.44 22.44 11.56 -0.47 2.57 12.25 12.56 -0.67 1.85 12.31 12.50 2.62 3.16 9.50 9.38 -0.77 -0.23 9.69 10.25 0.06
10.02.2004 05:28:07 75.94 74.50 74.94 42.31 26.56 25.00 877 28.44 22.44 11.56 -0.47 2.53 12.31 12.56 -0.67 1.85 12.31 12.56 2.62 3.16 9.50 9.44 -0.77 -0.23 9.69 10.25 0.00
10.02.2004 05:29:07 75.94 74.50 74.94 42.31 26.56 25.00 877 28.44 22.44 11.56 -0.47 2.53 12.31 12.56 -0.67 1.85 12.31 12.50 2.62 3.16 9.50 9.44 -0.77 -0.23 9.69 10.25 -0.06
10.02.2004 05:30:07 75.94 74.50 74.94 42.25 26.56 25.00 876 28.44 22.44 11.56 -0.47 2.53 12.31 12.56 -0.67 1.85 12.31 12.50 2.57 3.16 9.50 9.44 -0.77 -0.23 9.69 10.25 0.00
10.02.2004 05:31:07 75.94 74.50 74.94 42.31 26.56 25.00 877 28.38 22.44 11.56 -0.52 2.53 12.31 12.50 -0.67 1.85 12.31 12.50 2.57 3.16 9.50 9.44 -0.77 -0.23 9.69 10.25 0.00
10.02.2004 05:32:07 75.94 74.50 74.94 42.31 26.56 25.00 877 28.38 22.44 11.56 -0.52 2.53 12.31 12.50 -0.67 1.85 12.31 12.50 2.57 3.16 9.50 9.44 -0.77 -0.23 9.69 10.25 0.00
10.02.2004 05:33:07 75.94 74.50 74.94 42.31 26.56 25.00 877 28.38 22.44 11.56 -0.47 2.53 12.31 12.56 -0.67 1.85 12.25 12.50 2.62 3.16 9.50 9.44 -0.77 -0.23 9.69 10.25 0.00
10.02.2004 05:34:07 75.94 74.50 74.88 42.31 26.56 25.00 876 28.38 22.50 11.56 -0.52 2.53 12.25 12.50 -0.72 1.85 12.31 12.50 2.57 3.16 9.50 9.44 -0.77 -0.23 9.69 10.25 -0.06
10.02.2004 05:35:07 75.88 74.50 74.88 42.31 26.56 25.00 876 28.38 22.44 11.56 -0.52 2.53 12.25 12.56 -0.67 1.85 12.25 12.50 2.57 3.16 9.50 9.44 -0.77 -0.23 9.69 10.25 -0.06
10.02.2004 05:36:07 75.88 74.50 74.88 42.31 26.56 25.00 876 28.38 22.44 11.56 -0.52 2.53 12.25 12.50 -0.67 1.85 12.31 12.50 2.57 3.16 9.50 9.44 -0.77 -0.23 9.69 10.25 -0.13
10.02.2004 05:37:07 75.88 74.50 74.88 42.31 26.63 25.00 876 28.38 22.50 11.56 -0.52 2.53 12.25 12.56 -0.67 1.85 12.25 12.50 2.62 3.16 9.50 9.44 -0.77 -0.23 9.69 10.25 -0.06
10.02.2004 05:38:07 75.88 74.50 74.88 42.31 26.56 25.00 876 28.38 22.50 11.56 -0.52 2.53 12.25 12.50 -0.67 1.85 12.25 12.50 2.57 3.16 9.50 9.44 -0.77 -0.23 9.69 10.25 -0.06
10.02.2004 05:39:07 75.88 74.50 74.88 42.25 26.56 25.00 876 28.44 22.50 11.56 -0.52 2.53 12.25 12.50 -0.67 1.85 12.25 12.50 2.57 3.16 9.56 9.44 -0.77 -0.23 9.69 10.25 -0.06
10.02.2004 05:40:07 75.88 74.50 74.88 42.31 26.56 25.00 876 28.44 22.50 11.56 -0.52 2.53 12.25 12.50 -0.67 1.85 12.31 12.50 2.57 3.16 9.56 9.44 -0.77 -0.23 9.69 10.25 -0.06
10.02.2004 05:41:07 75.88 74.50 74.88 42.31 26.56 25.00 876 28.38 22.50 11.56 -0.52 2.53 12.25 12.50 -0.72 1.85 12.25 12.50 2.57 3.16 9.50 9.44 -0.77 -0.23 9.69 10.25 0.00
10.02.2004 05:42:07 75.88 74.50 74.81 42.31 26.56 25.00 876 28.38 22.50 11.56 -0.52 2.53 12.25 12.50 -0.67 1.85 12.25 12.50 2.57 3.16 9.56 9.44 -0.77 -0.23 9.69 10.25 0.00
10.02.2004 05:43:07 75.88 74.50 74.81 42.31 26.56 25.00 876 28.38 22.50 11.56 -0.52 2.48 12.25 12.50 -0.67 1.85 12.31 12.50 2.57 3.16 9.56 9.44 -0.77 -0.23 9.69 10.25 0.00
10.02.2004 05:44:07 75.88 74.50 74.81 42.31 26.56 25.00 876 28.38 22.50 11.56 -0.52 2.53 12.25 12.50 -0.67 1.85 12.25 12.50 2.57 3.16 9.50 9.44 -0.77 -0.23 9.69 10.25 -0.06
10.02.2004 05:45:07 75.88 74.50 74.75 42.25 26.56 25.00 875 28.38 22.50 11.56 -0.52 2.48 12.25 12.50 -0.67 1.85 12.31 12.50 2.57 3.16 9.56 9.50 -0.77 -0.23 9.75 10.25 -0.06
10.02.2004 05:46:07 75.88 74.44 74.75 42.31 26.56 25.00 875 28.38 22.50 11.56 -0.52 2.48 12.25 12.50 -0.67 1.80 12.25 12.50 2.57 3.16 9.56 9.44 -0.77 -0.23 9.75 10.25 0.00
10.02.2004 05:47:07 75.88 74.44 74.75 42.25 26.56 25.00 875 28.44 22.50 11.56 -0.52 2.48 12.25 12.50 -0.67 1.85 12.25 12.44 2.57 3.16 9.56 9.50 -0.77 -0.23 9.75 10.25 -0.06
10.02.2004 05:48:07 75.81 74.50 74.81 42.31 26.56 25.00 875 28.44 22.50 11.56 -0.52 2.48 12.25 12.50 -0.67 1.80 12.25 12.50 2.57 3.16 9.56 9.50 -0.77 -0.23 9.75 10.25 -0.06
10.02.2004 05:49:07 75.88 74.44 74.75 42.25 26.56 25.00 875 28.44 22.56 11.56 -0.52 2.48 12.25 12.50 -0.67 1.85 12.25 12.44 2.62 3.16 9.56 9.50 -0.77 -0.23 9.75 10.25 -0.06
10.02.2004 05:50:07 75.81 74.50 74.75 42.25 26.56 25.00 875 28.44 22.56 11.56 -0.52 2.48 12.25 12.50 -0.67 1.85 12.25 12.44 2.57 3.16 9.56 9.50 -0.77 -0.23 9.75 10.25 -0.06
10.02.2004 05:51:07 75.81 74.44 74.75 42.25 26.56 25.00 874 28.44 22.56 11.56 -0.52 2.48 12.25 12.50 -0.67 1.85 12.25 12.44 2.62 3.16 9.56 9.44 -0.77 -0.23 9.75 10.25 -0.13
10.02.2004 05:52:07 75.81 74.44 74.69 42.25 26.56 25.00 874 28.44 22.56 11.56 -0.52 2.48 12.25 12.50 -0.67 1.85 12.25 12.44 2.57 3.16 9.56 9.50 -0.77 -0.23 9.75 10.25 -0.13
10.02.2004 05:53:07 75.81 74.44 74.69 42.31 26.56 25.00 874 28.44 22.56 11.56 -0.52 2.48 12.25 12.50 -0.67 1.80 12.25 12.44 2.57 3.16 9.56 9.50 -0.77 -0.23 9.75 10.31 -0.19
10.02.2004 05:54:07 75.81 74.44 74.69 42.25 26.56 25.00 874 28.38 22.56 11.56 -0.52 2.48 12.25 12.50 -0.67 1.80 12.25 12.44 2.57 3.16 9.56 9.50 -0.77 -0.28 9.75 10.25 -0.19
10.02.2004 05:55:07 75.81 74.50 74.69 42.31 26.56 25.00 875 28.44 22.56 11.56 -0.52 2.48 12.25 12.50 -0.67 1.80 12.25 12.44 2.57 3.16 9.56 9.50 -0.77 -0.28 9.75 10.25 -0.19
10.02.2004 05:56:07 75.81 74.44 74.69 42.25 26.56 25.00 874 28.44 22.56 11.56 -0.52 2.48 12.25 12.50 -0.67 1.85 12.25 12.44 2.57 3.16 9.56 9.50 -0.77 -0.23 9.75 10.25 -0.19
10.02.2004 05:57:07 75.81 74.44 74.69 42.31 26.56 25.00 874 28.38 22.63 11.56 -0.52 2.48 12.25 12.50 -0.67 1.85 12.25 12.44 2.57 3.16 9.56 9.50 -0.77 -0.28 9.75 10.31 -0.19
10.02.2004 05:58:07 75.81 74.44 74.63 42.25 26.56 25.00 874 28.44 22.56 11.56 -0.52 2.48 12.25 12.44 -0.67 1.85 12.25 12.44 2.57 3.16 9.56 9.50 -0.77 -0.28 9.75 10.31 -0.19
10.02.2004 05:59:07 75.81 74.44 74.63 42.25 26.63 25.00 874 28.38 22.63 11.56 -0.52 2.48 12.25 12.50 -0.67 1.85 12.25 12.44 2.57 3.16 9.56 9.50 -0.77 -0.28 9.75 10.31 -0.19
10.02.2004 06:00:07 75.81 74.44 74.63 42.25 26.56 25.00 874 28.38 22.63 11.56 -0.52 2.48 12.25 12.44 -0.67 1.85 12.25 12.44 2.57 3.16 9.56 9.50 -0.81 -0.28 9.75 10.25 -0.19
10.02.2004 06:01:07 75.81 74.44 74.63 42.25 26.56 25.00 874 28.38 22.63 11.50 -0.52 2.48 12.25 12.44 -0.67 1.85 12.25 12.44 2.57 3.16 9.56 9.50 -0.81 -0.28 9.75 10.31 -0.13
10.02.2004 06:02:07 75.81 74.44 74.63 42.25 26.63 25.00 874 28.38 22.63 11.56 -0.52 2.48 12.25 12.50 -0.67 1.85 12.25 12.44 2.57 3.16 9.63 9.50 -0.81 -0.28 9.75 10.31 -0.19
10.02.2004 06:03:07 75.81 74.44 74.56 42.25 26.56 25.00 873 28.38 22.63 11.56 -0.52 2.43 12.25 12.44 -0.67 1.85 12.25 12.44 2.57 3.16 9.63 9.50 -0.81 -0.28 9.75 10.31 -0.19
10.02.2004 06:04:07 75.81 74.44 74.56 42.25 26.63 25.00 873 28.38 22.63 11.50 -0.52 2.43 12.25 12.50 -0.67 1.85 12.25 12.44 2.57 3.21 9.63 9.50 -0.81 -0.28 9.81 10.31 -0.13
10.02.2004 06:05:07 75.81 74.44 74.56 42.25 26.56 25.00 873 28.38 22.69 11.50 -0.52 2.43 12.25 12.44 -0.67 1.85 12.25 12.44 2.57 3.21 9.63 9.50 -0.81 -0.28 9.81 10.31 -0.13
10.02.2004 06:06:07 75.81 74.38 74.56 42.25 26.56 25.00 873 28.38 22.63 11.56 -0.52 2.43 12.25 12.44 -0.67 1.85 12.25 12.44 2.57 3.21 9.63 9.50 -0.81 -0.28 9.81 10.31 -0.13
10.02.2004 06:07:07 75.75 74.44 74.56 42.25 26.56 25.00 873 28.38 22.63 11.50 -0.52 2.43 12.25 12.44 -0.67 1.85 12.25 12.44 2.57 3.21 9.63 9.50 -0.81 -0.28 9.81 10.31 -0.13
10.02.2004 06:08:07 75.75 74.44 74.50 42.25 26.56 25.00 873 28.38 22.69 11.50 -0.52 2.43 12.25 12.44 -0.67 1.85 12.25 12.44 2.57 3.21 9.63 9.50 -0.81 -0.28 9.81 10.31 -0.19
10.02.2004 06:09:07 75.75 74.38 74.50 42.25 26.56 25.00 872 28.38 22.69 11.56 -0.52 2.43 12.25 12.44 -0.67 1.85 12.25 12.44 2.62 3.21 9.63 9.50 -0.81 -0.28 9.81 10.31 -0.13
10.02.2004 06:10:07 75.75 74.38 74.50 42.25 26.56 25.00 872 28.38 22.69 11.50 -0.57 2.43 12.19 12.44 -0.67 1.85 12.25 12.44 2.57 3.21 9.63 9.50 -0.81 -0.28 9.81 10.31 -0.19
10.02.2004 06:11:07 75.75 74.44 74.50 42.25 26.63 25.00 873 28.31 22.69 11.50 -0.57 2.43 12.25 12.44 -0.67 1.80 12.25 12.44 2.57 3.21 9.63 9.56 -0.81 -0.28 9.81 10.31 -0.19
10.02.2004 06:12:07 75.75 74.44 74.50 42.25 26.56 25.00 873 28.31 22.69 11.50 -0.57 2.43 12.19 12.44 -0.67 1.80 12.25 12.38 2.57 3.21 9.63 9.56 -0.81 -0.28 9.81 10.31 -0.25
10.02.2004 06:13:07 75.75 74.38 74.44 42.25 26.56 25.00 872 28.31 22.69 11.50 -0.57 2.43 12.19 12.44 -0.67 1.85 12.25 12.38 2.57 3.21 9.63 9.56 -0.81 -0.28 9.81 10.31 -0.25
10.02.2004 06:14:07 75.75 74.44 74.44 42.25 26.56 25.00 872 28.38 22.69 11.56 -0.57 2.43 12.25 12.44 -0.67 1.85 12.25 12.38 2.57 3.21 9.63 9.56 -0.81 -0.28 9.81 10.31 -0.25
10.02.2004 06:15:07 75.75 74.44 74.44 42.25 26.63 25.00 873 28.31 22.69 11.50 -0.57 2.43 12.25 12.44 -0.67 1.80 12.25 12.44 2.57 3.21 9.63 9.56 -0.81 -0.28 9.81 10.31 -0.25
10.02.2004 06:16:07 75.75 74.38 74.44 42.25 26.56 25.00 872 28.38 22.69 11.50 -0.57 2.43 12.25 12.44 -0.67 1.80 12.25 12.38 2.57 3.21 9.63 9.56 -0.81 -0.28 9.81 10.31 -0.31
10.02.2004 06:17:07 75.75 74.38 74.44 42.25 26.56 25.00 872 28.31 22.75 11.50 -0.57 2.43 12.19 12.44 -0.67 1.80 12.25 12.38 2.57 3.21 9.63 9.56 -0.86 -0.28 9.81 10.31 -0.25
10.02.2004 06:18:07 75.75 74.38 74.44 42.25 26.56 25.00 872 28.31 22.75 11.50 -0.57 2.43 12.19 12.44 -0.67 1.80 12.25 12.38 2.57 3.21 9.63 9.56 -0.86 -0.28 9.81 10.31 -0.25
10.02.2004 06:19:07 75.75 74.38 74.38 42.25 26.56 25.00 872 28.31 22.75 11.50 -0.57 2.38 12.19 12.44 -0.67 1.80 12.25 12.38 2.57 3.21 9.63 9.56 -0.86 -0.28 9.81 10.31 -0.25
10.02.2004 06:20:07 75.75 74.44 74.38 42.25 26.56 25.00 872 28.31 22.69 11.50 -0.57 2.43 12.19 12.44 -0.67 1.80 12.25 12.38 2.57 3.21 9.63 9.56 -0.86 -0.28 9.81 10.31 -0.25
10.02.2004 06:21:07 75.75 74.38 74.38 42.25 26.63 25.00 872 28.31 22.75 11.50 -0.57 2.38 12.19 12.44 -0.67 1.80 12.25 12.38 2.53 3.21 9.63 9.56 -0.86 -0.28 9.81 10.31 -0.19
10.02.2004 06:22:07 75.75 74.38 74.38 42.25 26.56 25.06 872 28.31 22.75 11.50 -0.57 2.38 12.19 12.44 -0.67 1.80 12.25 12.38 2.53 3.21 9.69 9.56 -0.86 -0.28 9.81 10.31 -0.13
10.02.2004 06:23:07 75.75 74.38 74.31 42.25 26.56 25.06 872 28.31 22.75 11.50 -0.57 2.38 12.19 12.44 -0.67 1.80 12.25 12.38 2.53 3.21 9.63 9.63 -0.86 -0.28 9.88 10.31 -0.19
10.02.2004 06:24:07 75.75 74.38 74.31 42.25 26.56 25.06 872 28.31 22.75 11.50 -0.57 2.38 12.19 12.44 -0.67 1.80 12.25 12.38 2.53 3.21 9.69 9.63 -0.86 -0.28 9.81 10.31 -0.13
10.02.2004 06:25:07 75.69 74.38 74.31 42.31 26.56 25.00 871 28.31 22.75 11.56 -0.57 2.38 12.19 12.44 -0.67 1.80 12.25 12.38 2.53 3.21 9.69 9.63 -0.86 -0.28 9.81 10.31 -0.13
10.02.2004 06:26:07 75.75 74.38 74.25 42.25 26.56 25.00 871 28.31 22.75 11.50 -0.57 2.38 12.19 12.44 -0.67 1.80 12.25 12.38 2.53 3.21 9.69 9.63 -0.86 -0.28 9.88 10.31 -0.19
10.02.2004 06:27:07 75.75 74.38 74.25 42.25 26.56 24.94 871 28.31 22.75 11.50 -0.62 2.38 12.19 12.44 -0.67 1.80 12.25 12.38 2.57 3.21 9.69 9.63 -0.86 -0.28 9.81 10.31 -0.19
10.02.2004 06:28:07 75.69 74.38 74.19 42.25 26.56 25.00 870 28.31 22.81 11.50 -0.57 2.38 12.19 12.44 -0.67 1.80 12.25 12.38 2.57 3.25 9.69 9.63 -0.86 -0.28 9.88 10.31 -0.19
10.02.2004 06:29:07 75.69 74.38 74.19 42.25 26.56 25.00 870 28.31 22.81 11.50 -0.57 2.38 12.19 12.38 -0.67 1.80 12.25 12.38 2.57 3.25 9.69 9.63 -0.86 -0.33 9.88 10.31 -0.19
10.02.2004 06:30:07 75.69 74.38 74.13 42.25 26.56 25.06 870 28.31 22.81 11.50 -0.57 2.38 12.19 12.38 -0.67 1.80 12.25 12.38 2.57 3.25 9.69 9.63 -0.86 -0.28 9.88 10.31 -0.25
10.02.2004 06:31:07 75.69 74.38 74.13 42.25 26.56 25.00 870 28.31 22.81 11.50 -0.62 2.38 12.19 12.38 -0.67 1.80 12.25 12.38 2.57 3.25 9.69 9.63 -0.86 -0.33 9.88 10.31 -0.25
10.02.2004 06:32:07 75.69 74.38 74.06 42.25 26.56 25.06 870 28.31 22.81 11.50 -0.62 2.38 12.19 12.38 -0.67 1.80 12.25 12.38 2.57 3.25 9.69 9.63 -0.86 -0.33 9.88 10.31 -0.19
10.02.2004 06:33:07 75.69 74.38 74.06 42.25 26.63 25.00 870 28.31 22.81 11.50 -0.62 2.38 12.19 12.38 -0.67 1.80 12.25 12.38 2.57 3.25 9.69 9.63 -0.86 -0.33 9.88 10.38 -0.19
10.02.2004 06:34:07 75.69 74.38 74.00 42.25 26.56 25.00 870 28.31 22.81 11.50 -0.62 2.38 12.19 12.44 -0.67 1.80 12.25 12.38 2.57 3.25 9.69 9.63 -0.86 -0.33 9.88 10.38 -0.19
10.02.2004 06:35:07 75.69 74.38 74.00 42.25 26.56 24.94 870 28.25 22.81 11.50 -0.57 2.38 12.19 12.38 -0.67 1.80 12.25 12.38 2.57 3.25 9.69 9.69 -0.86 -0.33 9.88 10.38 -0.13
10.02.2004 06:36:07 75.69 74.31 73.94 42.25 26.56 24.94 869 28.31 22.81 11.50 -0.62 2.33 12.19 12.38 -0.67 1.80 12.25 12.38 2.57 3.25 9.69 9.69 -0.86 -0.33 9.88 10.31 -0.19
10.02.2004 06:37:07 75.69 74.31 73.94 42.25 26.56 24.94 869 28.31 22.81 11.50 -0.57 2.33 12.19 12.38 -0.67 1.80 12.19 12.38 2.57 3.25 9.69 9.69 -0.86 -0.33 9.88 10.31 -0.13
10.02.2004 06:38:07 75.69 74.31 73.94 42.25 26.56 24.94 869 28.31 22.81 11.50 -0.57 2.33 12.19 12.38 -0.67 1.80 12.25 12.31 2.57 3.25 9.69 9.69 -0.86 -0.33 9.88 10.31 -0.13
10.02.2004 06:39:07 75.75 74.31 73.88 42.25 26.56 25.00 869 28.31 22.81 11.50 -0.57 2.33 12.19 12.44 -0.67 1.80 12.19 12.38 2.57 3.25 9.69 9.69 -0.86 -0.33 9.88 10.38 -0.13
10.02.2004 06:40:07 75.69 74.38 73.88 42.25 26.56 24.94 869 28.31 22.81 11.50 -0.62 2.33 12.19 12.38 -0.67 1.80 12.25 12.31 2.57 3.25 9.69 9.69 -0.86 -0.33 9.94 10.38 -0.19
10.02.2004 06:41:07 75.69 74.31 73.88 42.25 26.56 25.00 869 28.31 22.81 11.50 -0.57 2.33 12.19 12.38 -0.67 1.80 12.25 12.38 2.57 3.25 9.75 9.69 -0.86 -0.33 9.94 10.38 -0.13
10.02.2004 06:42:07 75.69 74.31 73.81 42.25 26.56 24.94 868 28.25 22.81 11.50 -0.62 2.33 12.19 12.38 -0.67 1.80 12.25 12.38 2.57 3.25 9.69 9.69 -0.86 -0.33 9.88 10.38 -0.13
10.02.2004 06:43:07 75.75 74.31 73.81 42.25 26.56 25.00 869 28.25 22.81 11.50 -0.57 2.33 12.19 12.38 -0.67 1.80 12.25 12.31 2.57 3.25 9.69 9.69 -0.86 -0.33 9.94 10.38 -0.13
10.02.2004 06:44:07 75.75 74.31 73.81 42.25 26.56 24.94 869 28.25 22.81 11.50 -0.57 2.33 12.19 12.38 -0.62 1.80 12.25 12.38 2.57 3.25 9.69 9.75 -0.86 -0.33 9.94 10.38 -0.13
10.02.2004 06:45:07 75.75 74.31 73.81 42.25 26.56 24.94 869 28.25 22.88 11.50 -0.62 2.33 12.19 12.38 -0.62 1.80 12.25 12.31 2.57 3.30 9.75 9.69 -0.86 -0.33 9.94 10.38 -0.13
10.02.2004 06:46:07 75.75 74.31 73.75 42.25 26.56 24.94 868 28.25 22.88 11.50 -0.57 2.33 12.19 12.38 -0.62 1.80 12.19 12.31 2.57 3.25 9.75 9.69 -0.86 -0.33 9.94 10.38 -0.13
10.02.2004 06:47:07 75.75 74.31 73.75 42.19 26.56 24.94 868 28.25 22.88 11.50 -0.57 2.33 12.19 12.38 -0.62 1.80 12.19 12.31 2.57 3.30 9.75 9.75 -0.86 -0.33 9.94 10.38 -0.13
10.02.2004 06:48:07 75.75 74.31 73.75 42.25 26.56 24.94 868 28.25 22.88 11.50 -0.57 2.33 12.19 12.38 -0.62 1.80 12.25 12.31 2.62 3.30 9.75 9.75 -0.86 -0.33 9.94 10.38 -0.13
10.02.2004 06:49:07 75.75 74.31 73.69 42.25 26.63 24.94 868 28.25 22.88 11.50 -0.57 2.33 12.19 12.38 -0.62 1.80 12.25 12.31 2.57 3.30 9.75 9.75 -0.86 -0.33 9.94 10.38 -0.13
10.02.2004 06:50:07 75.75 74.31 73.69 42.25 26.63 24.94 868 28.25 22.88 11.50 -0.57 2.33 12.19 12.38 -0.62 1.80 12.25 12.31 2.62 3.30 9.75 9.75 -0.86 -0.33 9.94 10.38 -0.13
10.02.2004 06:51:07 75.75 74.31 73.69 42.25 26.63 24.94 868 28.25 22.88 11.50 -0.57 2.33 12.19 12.38 -0.62 1.80 12.25 12.31 2.62 3.30 9.75 9.75 -0.86 -0.33 9.94 10.38 -0.19
10.02.2004 06:52:07 75.75 74.31 73.69 42.25 26.63 24.94 868 28.25 22.88 11.50 -0.57 2.33 12.19 12.38 -0.62 1.80 12.19 12.31 2.57 3.30 9.75 9.75 -0.86 -0.33 9.94 10.38 -0.25
10.02.2004 06:53:08 75.75 74.31 73.69 42.25 26.56 24.94 868 28.25 22.88 11.50 -0.57 2.33 12.19 12.38 -0.62 1.80 12.25 12.31 2.57 3.30 9.75 9.75 -0.86 -0.33 9.94 10.38 -0.25
10.02.2004 06:54:08 75.75 74.31 73.63 42.19 26.56 24.94 868 28.25 22.88 11.50 -0.57 2.33 12.19 12.38 -0.62 1.80 12.19 12.31 2.57 3.30 9.75 9.75 -0.86 -0.33 9.94 10.38 -0.25
10.02.2004 06:55:09 75.75 74.31 73.63 42.19 26.56 24.94 868 28.25 22.88 11.50 -0.57 2.33 12.19 12.38 -0.62 1.80 12.19 12.31 2.57 3.30 9.75 9.75 -0.86 -0.33 9.94 10.38 -0.25
10.02.2004 06:56:09 75.75 74.31 73.63 42.19 26.56 24.94 868 28.25 22.88 11.50 -0.57 2.33 12.19 12.38 -0.62 1.80 12.19 12.31 2.57 3.30 9.75 9.75 -0.86 -0.33 9.94 10.38 -0.25
10.02.2004 06:57:09 75.81 74.31 73.63 42.19 26.56 24.94 868 28.25 22.88 11.50 -0.57 2.33 12.19 12.38 -0.62 1.80 12.19 12.31 2.57 3.30 9.75 9.75 -0.86 -0.33 9.94 10.38 -0.19
10.02.2004 06:58:07 75.81 74.31 73.63 42.19 26.56 24.94 868 28.25 22.88 11.50 -0.57 2.33 12.19 12.38 -0.62 1.80 12.19 12.31 2.62 3.30 9.75 9.75 -0.86 -0.33 10.00 10.38 -0.19
10.02.2004 06:59:07 75.75 74.31 73.56 42.19 26.63 24.94 867 28.25 22.88 11.50 -0.57 2.33 12.19 12.38 -0.62 1.80 12.25 12.31 2.62 3.35 9.75 9.75 -0.86 -0.33 10.00 10.38 -0.13
10.02.2004 07:00:07 75.81 74.31 73.56 42.19 26.56 24.94 868 28.25 22.88 11.50 -0.57 2.28 12.19 12.38 -0.57 1.80 12.25 12.31 2.62 3.35 9.75 9.81 -0.86 -0.33 10.00 10.38 -0.13
10.02.2004 07:01:07 75.81 74.31 73.56 42.19 26.63 24.94 868 28.25 22.88 11.50 -0.57 2.28 12.19 12.38 -0.57 1.80 12.25 12.31 2.62 3.35 9.75 9.75 -0.86 -0.33 10.00 10.38 -0.19
10.02.2004 07:02:07 75.81 74.31 73.56 42.19 26.56 24.94 868 28.25 22.88 11.50 -0.57 2.33 12.19 12.38 -0.57 1.80 12.19 12.31 2.62 3.35 9.75 9.81 -0.86 -0.33 10.00 10.38 -0.13
10.02.2004 07:03:07 75.75 74.31 73.50 42.19 26.56 24.94 867 28.25 22.88 11.50 -0.57 2.28 12.19 12.38 -0.57 1.80 12.25 12.31 2.62 3.35 9.75 9.81 -0.86 -0.33 10.00 10.38 -0.19
10.02.2004 07:04:07 75.81 74.31 73.56 42.19 26.56 24.94 868 28.25 22.88 11.50 -0.57 2.33 12.13 12.38 -0.57 1.80 12.19 12.31 2.62 3.35 9.75 9.81 -0.86 -0.38 10.00 10.38 -0.25
10.02.2004 07:05:07 75.81 74.31 73.50 42.19 26.56 24.94 867 28.25 22.94 11.50 -0.57 2.28 12.13 12.38 -0.57 1.80 12.19 12.31 2.67 3.35 9.81 9.81 -0.86 -0.38 10.00 10.44 -0.25
10.02.2004 07:06:07 75.81 74.31 73.50 42.19 26.56 24.94 867 28.25 22.88 11.50 -0.57 2.28 12.19 12.38 -0.57 1.80 12.19 12.31 2.67 3.35 9.81 9.81 -0.86 -0.38 10.00 10.38 -0.25
10.02.2004 07:07:07 75.81 74.31 73.44 42.19 26.56 24.94 867 28.25 22.94 11.50 -0.57 2.28 12.19 12.38 -0.57 1.80 12.19 12.31 2.67 3.35 9.81 9.81 -0.86 -0.38 10.00 10.44 -0.25
10.02.2004 07:08:07 75.81 74.31 73.44 42.19 26.56 24.94 867 28.25 22.94 11.56 -0.57 2.28 12.13 12.38 -0.57 1.80 12.25 12.31 2.67 3.35 9.81 9.81 -0.86 -0.33 10.00 10.44 -0.25
10.02.2004 07:09:07 75.81 74.38 73.44 42.19 26.63 24.94 868 28.25 22.94 11.50 -0.57 2.28 12.13 12.38 -0.57 1.80 12.19 12.31 2.67 3.35 9.81 9.81 -0.91 -0.38 10.00 10.44 -0.19
10.02.2004 07:10:07 75.81 74.31 73.44 42.19 26.63 24.94 867 28.25 22.94 11.56 -0.57 2.28 12.19 12.31 -0.62 1.80 12.25 12.25 2.67 3.35 9.81 9.81 -0.91 -0.38 10.00 10.44 -0.13
10.02.2004 07:11:07 75.81 74.31 73.44 42.19 26.63 24.94 867 28.25 22.94 11.50 -0.57 2.28 12.13 12.38 -0.62 1.80 12.19 12.31 2.67 3.40 9.81 9.88 -0.91 -0.38 10.00 10.44 -0.06
10.02.2004 07:12:07 75.81 74.31 73.44 42.19 26.56 24.94 867 28.25 23.00 11.50 -0.62 2.28 12.13 12.38 -0.57 1.80 12.25 12.31 2.67 3.40 9.81 9.81 -0.91 -0.38 10.06 10.44 -0.06
10.02.2004 07:13:07 75.81 74.31 73.38 42.19 26.56 24.94 867 28.25 22.94 11.56 -0.62 2.28 12.19 12.31 -0.57 1.80 12.19 12.25 2.67 3.40 9.81 9.81 -0.91 -0.38 10.00 10.44 -0.13
10.02.2004 07:14:07 75.81 74.31 73.38 42.19 26.63 24.94 867 28.25 22.94 11.56 -0.62 2.28 12.13 12.31 -0.62 1.80 12.19 12.25 2.72 3.40 9.81 9.88 -0.91 -0.38 10.06 10.44 -0.13
10.02.2004 07:15:07 75.81 74.31 73.38 42.19 26.56 24.94 867 28.25 22.94 11.56 -0.62 2.28 12.19 12.31 -0.62 1.80 12.19 12.25 2.72 3.40 9.81 9.88 -0.91 -0.38 10.06 10.44 -0.13
10.02.2004 07:16:07 75.81 74.31 73.38 42.19 26.56 24.94 867 28.25 22.94 11.56 -0.62 2.28 12.13 12.31 -0.62 1.80 12.19 12.25 2.72 3.40 9.81 9.88 -0.91 -0.38 10.06 10.44 -0.13
10.02.2004 07:17:07 75.81 74.31 73.38 42.19 26.56 24.94 867 28.25 23.00 11.56 -0.62 2.28 12.13 12.31 -0.62 1.80 12.19 12.25 2.72 3.40 9.81 9.88 -0.91 -0.38 10.06 10.44 -0.13
10.02.2004 07:18:07 75.81 74.31 73.31 42.19 26.56 24.94 867 28.25 23.00 11.56 -0.62 2.28 12.13 12.31 -0.62 1.80 12.19 12.25 2.72 3.40 9.81 9.88 -0.96 -0.38 10.06 10.44 -0.19
10.02.2004 07:19:07 75.81 74.31 73.31 42.19 26.56 24.94 867 28.25 23.00 11.56 -0.62 2.28 12.13 12.31 -0.62 1.80 12.19 12.25 2.72 3.40 9.81 9.88 -0.96 -0.38 10.06 10.44 -0.13
10.02.2004 07:20:07 75.81 74.31 73.31 42.19 26.56 24.94 867 28.25 23.00 11.56 -0.62 2.28 12.13 12.31 -0.62 1.80 12.19 12.25 2.72 3.40 9.81 9.88 -0.96 -0.38 10.06 10.44 -0.13
10.02.2004 07:21:07 75.81 74.31 73.31 42.19 26.56 24.94 867 28.25 23.00 11.56 -0.62 2.28 12.13 12.31 -0.62 1.80 12.19 12.25 2.72 3.40 9.81 9.88 -0.96 -0.38 10.06 10.44 -0.31
10.02.2004 07:22:07 75.81 74.31 73.31 42.19 26.63 24.94 867 28.25 23.00 11.56 -0.62 2.28 12.13 12.31 -0.62 1.80 12.19 12.25 2.72 3.40 9.81 9.88 -0.96 -0.38 10.06 10.44 -0.38
10.02.2004 07:23:07 75.88 74.31 73.25 42.19 26.56 24.94 867 28.25 23.00 11.56 -0.67 2.28 12.13 12.31 -0.62 1.80 12.19 12.25 2.72 3.40 9.81 9.88 -1.01 -0.38 10.06 10.44 -0.38
10.02.2004 07:24:07 75.88 74.31 73.25 42.19 26.56 24.94 867 28.25 23.00 11.56 -0.67 2.28 12.13 12.31 -0.67 1.80 12.19 12.25 2.72 3.45 9.88 9.88 -1.01 -0.38 10.06 10.44 -0.38
10.02.2004 07:25:07 75.88 74.31 73.25 42.19 26.56 24.94 867 28.25 23.06 11.56 -0.72 2.28 12.13 12.31 -0.67 1.80 12.19 12.25 2.67 3.45 9.88 9.94 -1.01 -0.38 10.06 10.44 -0.38
10.02.2004 07:26:07 75.88 74.31 73.25 42.19 26.56 24.94 867 28.25 23.06 11.56 -0.72 2.23 12.13 12.31 -0.67 1.75 12.19 12.25 2.67 3.45 9.88 9.88 -1.06 -0.38 10.06 10.44 -0.44
10.02.2004 07:27:07 75.88 74.31 73.25 42.19 26.56 24.94 867 28.25 23.06 11.56 -0.72 2.23 12.13 12.31 -0.72 1.75 12.19 12.25 2.67 3.45 9.88 9.88 -1.06 -0.38 10.06 10.44 -0.38
10.02.2004 07:28:07 75.88 74.31 73.19 42.19 26.63 24.94 867 28.25 23.06 11.56 -0.77 2.23 12.13 12.31 -0.72 1.75 12.19 12.25 2.62 3.45 9.88 9.94 -1.11 -0.43 10.06 10.44 -0.44
10.02.2004 07:29:07 75.81 74.31 73.19 42.19 26.56 24.94 866 28.25 23.06 11.56 -0.77 2.23 12.13 12.31 -0.77 1.75 12.19 12.25 2.62 3.45 9.88 9.94 -1.15 -0.43 10.13 10.44 -0.44
10.02.2004 07:30:07 75.88 74.31 73.19 42.19 26.56 24.94 867 28.19 23.06 11.56 -0.77 2.23 12.13 12.31 -0.77 1.75 12.19 12.25 2.57 3.45 9.88 9.94 -1.15 -0.43 10.06 10.50 -0.50
10.02.2004 07:31:07 75.88 74.31 73.19 42.13 26.56 24.94 866 28.25 23.06 11.56 -0.81 2.19 12.13 12.31 -0.81 1.75 12.19 12.25 2.57 3.45 9.88 9.94 -1.20 -0.43 10.13 10.44 -0.56
10.02.2004 07:32:07 75.88 74.31 73.19 42.19 26.56 24.94 867 28.25 23.06 11.56 -0.86 2.19 12.13 12.31 -0.86 1.75 12.19 12.25 2.53 3.45 9.88 9.94 -1.25 -0.43 10.06 10.44 -0.38
10.02.2004 07:33:07 75.88 74.31 73.19 42.13 26.56 24.94 866 28.19 23.06 11.56 -0.86 2.19 12.13 12.31 -0.86 1.75 12.19 12.25 2.53 3.45 9.88 9.94 -1.25 -0.43 10.13 10.50 -0.38
10.02.2004 07:34:07 75.88 74.31 73.13 42.13 26.56 24.94 866 28.19 23.06 11.56 -0.91 2.19 12.13 12.31 -0.91 1.70 12.19 12.25 2.53 3.45 9.88 9.94 -1.30 -0.43 10.13 10.50 -0.44
10.02.2004 07:36:07 75.88 74.31 73.13 42.13 26.56 24.94 866 28.19 23.13 11.56 -0.96 2.14 12.13 12.31 -0.96 1.70 12.19 12.25 2.48 3.50 9.88 9.94 -1.35 -0.47 10.13 10.50 -0.25
10.02.2004 07:37:07 75.88 74.31 73.13 42.13 26.56 24.94 866 28.19 23.13 11.56 -1.01 2.14 12.13 12.31 -1.01 1.70 12.19 12.25 2.48 3.45 9.88 9.94 -1.40 -0.47 10.13 10.50 -0.13
10.02.2004 07:38:07 75.88 74.31 73.06 42.13 26.56 24.94 866 28.19 23.13 11.56 -1.01 2.14 12.13 12.31 -1.01 1.65 12.19 12.25 2.43 3.45 9.88 10.00 -1.40 -0.47 10.13 10.50 -0.31
10.02.2004 07:39:07 75.88 74.31 73.06 42.19 26.56 24.94 866 28.19 23.13 11.56 -1.06 2.09 12.13 12.31 -1.06 1.65 12.19 12.25 2.43 3.50 9.88 9.94 -1.40 -0.47 10.13 10.50 -0.44
10.02.2004 07:40:07 75.88 74.31 73.06 42.13 26.56 24.94 866 28.19 23.13 11.56 -1.06 2.09 12.13 12.31 -1.06 1.65 12.19 12.25 2.43 3.50 9.88 9.94 -1.45 -0.47 10.13 10.50 -0.44
10.02.2004 07:41:07 75.88 74.31 73.06 42.19 26.56 24.88 866 28.19 23.13 11.56 -1.06 2.04 12.13 12.31 -1.06 1.65 12.19 12.25 2.43 3.50 9.88 10.00 -1.45 -0.47 10.13 10.50 -0.56
10.02.2004 07:42:07 75.88 74.31 73.06 42.13 26.56 24.94 866 28.19 23.13 11.56 -1.06 2.04 12.13 12.31 -1.06 1.65 12.19 12.25 2.48 3.50 9.88 10.00 -1.45 -0.47 10.13 10.50 -0.50
10.02.2004 07:43:07 75.88 74.31 73.00 42.19 26.56 24.94 866 28.13 23.13 11.56 -1.06 2.04 12.13 12.31 -1.06 1.60 12.19 12.25 2.48 3.50 9.88 9.94 -1.40 -0.47 10.13 10.50 -0.56
10.02.2004 07:44:07 75.88 74.31 73.00 42.13 26.56 24.94 866 28.19 23.13 11.50 -1.06 2.04 12.13 12.31 -1.06 1.60 12.19 12.25 2.43 3.50 9.94 10.00 -1.40 -0.47 10.13 10.50 -0.69
10.02.2004 07:45:07 75.88 74.31 73.00 42.13 26.56 24.94 866 28.19 23.13 11.56 -1.06 1.99 12.13 12.31 -1.06 1.60 12.19 12.25 2.43 3.50 9.88 10.00 -1.40 -0.47 10.13 10.50 -0.69
10.02.2004 07:46:07 75.88 74.31 73.00 42.13 26.56 24.94 866 28.19 23.13 11.50 -1.11 1.99 12.13 12.31 -1.11 1.60 12.19 12.25 2.43 3.50 9.88 10.00 -1.45 -0.47 10.13 10.50 -0.81
10.02.2004 07:47:07 75.88 74.31 73.00 42.13 26.56 24.94 866 28.19 23.13 11.50 -1.11 1.99 12.13 12.31 -1.11 1.60 12.19 12.25 2.38 3.50 9.94 10.00 -1.45 -0.52 10.13 10.50 -0.81
10.02.2004 07:48:07 75.88 74.31 72.94 42.13 26.56 24.88 865 28.19 23.13 11.50 -1.11 1.99 12.13 12.31 -1.15 1.56 12.19 12.25 2.38 3.50 9.94 10.00 -1.49 -0.47 10.13 10.50 -0.88
10.02.2004 07:49:07 75.88 74.31 73.00 42.13 26.56 24.88 865 28.19 23.13 11.50 -1.11 1.94 12.13 12.31 -1.15 1.56 12.19 12.25 2.38 3.50 9.94 10.00 -1.49 -0.52 10.13 10.50 -0.81
10.02.2004 07:50:07 75.94 74.31 72.94 42.13 26.56 24.88 866 28.19 23.13 11.50 -1.11 1.94 12.13 12.31 -1.15 1.56 12.19 12.25 2.43 3.50 9.94 10.00 -1.45 -0.52 10.13 10.50 -0.81
10.02.2004 07:51:07 75.94 74.31 72.94 42.13 26.56 24.88 866 28.19 23.13 11.50 -1.15 1.94 12.13 12.31 -1.15 1.56 12.19 12.25 2.43 3.50 9.94 10.00 -1.45 -0.52 10.13 10.50 -0.88
10.02.2004 07:52:07 75.94 74.31 72.94 42.13 26.56 24.88 866 28.19 23.13 11.50 -1.11 1.94 12.13 12.31 -1.15 1.56 12.19 12.25 2.43 3.55 9.88 10.00 -1.49 -0.52 10.19 10.50 -0.94
10.02.2004 07:53:07 75.94 74.31 72.94 42.13 26.56 24.88 866 28.19 23.13 11.50 -1.11 1.94 12.13 12.31 -1.15 1.56 12.19 12.25 2.43 3.55 9.94 10.00 -1.45 -0.52 10.13 10.50 -1.00
10.02.2004 07:54:07 75.94 74.31 72.88 42.13 26.56 24.94 865 28.19 23.13 11.50 -1.11 1.90 12.13 12.31 -1.15 1.51 12.19 12.25 2.43 3.55 9.94 10.06 -1.45 -0.52 10.19 10.50 -1.00
10.02.2004 07:55:07 75.94 74.31 72.88 42.13 26.56 24.94 865 28.19 23.13 11.44 -1.11 1.90 12.13 12.31 -1.15 1.51 12.19 12.19 2.43 3.55 9.94 10.06 -1.45 -0.52 10.19 10.50 -1.06
10.02.2004 07:56:07 75.94 74.31 72.88 42.13 26.56 24.88 865 28.19 23.19 11.50 -1.11 1.90 12.13 12.31 -1.15 1.51 12.19 12.19 2.48 3.55 9.94 10.06 -1.45 -0.52 10.19 10.56 -1.13
10.02.2004 07:57:07 75.94 74.31 72.88 42.13 26.56 24.94 865 28.19 23.19 11.44 -1.11 1.90 12.13 12.31 -1.11 1.51 12.19 12.19 2.48 3.55 9.94 10.06 -1.45 -0.52 10.19 10.56 -1.19
10.02.2004 07:58:07 75.94 74.31 72.88 42.13 26.56 24.88 865 28.19 23.13 11.44 -1.11 1.90 12.13 12.31 -1.11 1.51 12.19 12.19 2.48 3.55 9.94 10.06 -1.40 -0.52 10.19 10.56 -1.13
10.02.2004 07:59:07 75.94 74.31 72.81 42.13 26.56 24.94 865 28.19 23.19 11.44 -1.11 1.90 12.13 12.31 -1.11 1.51 12.19 12.25 2.53 3.59 9.94 10.06 -1.40 -0.52 10.19 10.56 -1.19
10.02.2004 08:00:07 75.94 74.31 72.81 42.13 26.56 24.94 865 28.19 23.19 11.44 -1.06 1.85 12.13 12.31 -1.11 1.51 12.19 12.19 2.53 3.59 9.94 10.06 -1.35 -0.52 10.19 10.50 -1.13
10.02.2004 08:01:07 75.94 74.31 72.81 42.13 26.56 24.88 865 28.19 23.19 11.44 -1.06 1.85 12.13 12.31 -1.11 1.46 12.19 12.19 2.57 3.59 9.94 10.06 -1.35 -0.52 10.19 10.56 -1.13
10.02.2004 08:02:07 75.94 74.31 72.81 42.13 26.56 24.88 865 28.19 23.19 11.44 -1.06 1.85 12.13 12.25 -1.06 1.46 12.19 12.19 2.57 3.59 9.94 10.06 -1.30 -0.52 10.19 10.56 -1.13
10.02.2004 08:03:07 75.94 74.31 72.75 42.13 26.56 24.88 865 28.19 23.19 11.44 -1.01 1.85 12.13 12.31 -1.06 1.46 12.19 12.19 2.62 3.59 9.94 10.06 -1.25 -0.52 10.19 10.56 -1.13
10.02.2004 08:04:07 75.94 74.31 72.75 42.13 26.56 24.88 865 28.19 23.19 11.44 -1.01 1.85 12.13 12.31 -1.06 1.46 12.19 12.19 2.62 3.64 9.94 10.06 -1.20 -0.52 10.19 10.56 -1.06
10.02.2004 08:05:07 75.94 74.31 72.75 42.13 26.56 24.88 865 28.19 23.19 11.44 -0.96 1.85 12.13 12.31 -1.01 1.46 12.19 12.19 2.67 3.64 9.94 10.06 -1.20 -0.52 10.19 10.56 -1.06
10.02.2004 08:06:07 75.94 74.31 72.75 42.13 26.56 24.94 865 28.19 23.19 11.44 -0.96 1.85 12.13 12.25 -1.01 1.46 12.19 12.19 2.67 3.64 9.94 10.06 -1.15 -0.52 10.19 10.56 -1.13
10.02.2004 08:07:07 75.94 74.31 72.75 42.13 26.56 24.94 865 28.19 23.19 11.44 -0.96 1.85 12.13 12.31 -1.01 1.46 12.19 12.19 2.72 3.64 9.94 10.06 -1.11 -0.52 10.19 10.56 -1.13
10.02.2004 08:08:07 75.94 74.31 72.75 42.13 26.56 24.88 865 28.19 23.19 11.44 -0.91 1.85 12.13 12.31 -0.96 1.46 12.19 12.19 2.77 3.64 10.00 10.06 -1.06 -0.52 10.19 10.56 -1.13
10.02.2004 08:09:07 75.94 74.31 72.69 42.13 26.56 24.88 864 28.19 23.19 11.44 -0.86 1.85 12.13 12.25 -0.91 1.46 12.19 12.19 2.82 3.69 10.00 10.06 -1.01 -0.52 10.19 10.56 -1.19
10.02.2004 08:10:07 75.94 74.31 72.69 42.13 26.63 24.88 865 28.19 23.19 11.44 -0.86 1.85 12.13 12.31 -0.91 1.46 12.19 12.19 2.87 3.69 10.00 10.13 -1.01 -0.47 10.19 10.56 -1.25
10.02.2004 08:11:07 75.94 74.31 72.69 42.13 26.56 24.88 864 28.19 23.19 11.44 -0.81 1.85 12.13 12.31 -0.86 1.46 12.19 12.19 2.91 3.74 10.00 10.06 -0.96 -0.47 10.19 10.56 -1.25
10.02.2004 08:12:07 75.94 74.31 72.69 42.13 26.56 24.88 864 28.19 23.19 11.44 -0.81 1.85 12.13 12.25 -0.86 1.46 12.19 12.19 2.91 3.74 10.00 10.06 -0.91 -0.47 10.25 10.56 -1.25
10.02.2004 08:13:07 75.94 74.31 72.63 42.13 26.56 24.88 864 28.19 23.19 11.44 -0.77 1.85 12.13 12.25 -0.81 1.46 12.19 12.19 2.96 3.74 10.00 10.13 -0.86 -0.47 10.25 10.56 -1.25
10.02.2004 08:14:07 75.94 74.31 72.63 42.13 26.56 24.88 864 28.19 23.19 11.44 -0.77 1.85 12.13 12.25 -0.77 1.46 12.19 12.19 3.01 3.79 9.94 10.06 -0.81 -0.47 10.19 10.56 -1.25
10.02.2004 08:15:07 75.94 74.31 72.63 42.13 26.56 24.88 864 28.19 23.19 11.38 -0.72 1.85 12.13 12.25 -0.77 1.46 12.19 12.19 3.06 3.79 10.00 10.13 -0.77 -0.47 10.25 10.56 -1.25
10.02.2004 08:16:07 75.94 74.31 72.63 42.13 26.56 24.88 864 28.19 23.19 11.44 -0.67 1.85 12.13 12.25 -0.72 1.46 12.19 12.19 3.11 3.84 10.00 10.13 -0.77 -0.47 10.25 10.56 -1.25
10.02.2004 08:17:07 75.94 74.31 72.63 42.13 26.56 24.88 864 28.19 23.19 11.38 -0.67 1.90 12.06 12.25 -0.72 1.46 12.19 12.19 3.16 3.84 10.00 10.13 -0.72 -0.43 10.25 10.56 -1.19
10.02.2004 08:18:07 75.94 74.31 72.63 42.13 26.56 24.88 864 28.19 23.19 11.44 -0.62 1.90 12.13 12.25 -0.67 1.46 12.19 12.19 3.21 3.84 10.00 10.13 -0.67 -0.43 10.25 10.56 -1.19
10.02.2004 08:19:07 75.94 74.31 72.56 42.13 26.56 24.88 864 28.19 23.19 11.44 -0.57 1.90 12.13 12.25 -0.62 1.46 12.19 12.19 3.25 3.89 10.00 10.13 -0.62 -0.43 10.25 10.56 -1.25
10.02.2004 08:20:07 75.94 74.31 72.56 42.13 26.56 24.88 864 28.19 23.19 11.38 -0.52 1.90 12.06 12.25 -0.57 1.46 12.19 12.19 3.30 3.89 10.00 10.13 -0.57 -0.43 10.25 10.56 -1.25
10.02.2004 08:21:07 75.94 74.31 72.56 42.13 26.56 24.88 864 28.19 23.19 11.38 -0.47 1.90 12.06 12.25 -0.52 1.46 12.19 12.19 3.35 3.93 10.00 10.13 -0.52 -0.43 10.25 10.56 -0.81
10.02.2004 08:22:07 75.94 74.31 72.56 42.13 26.56 24.88 864 28.19 23.19 11.38 -0.43 1.90 12.13 12.25 -0.52 1.46 12.19 12.19 3.45 3.93 10.00 10.13 -0.43 -0.43 10.25 10.56 -1.06
10.02.2004 08:23:07 76.00 74.31 72.56 42.13 26.56 24.88 864 28.19 23.19 11.38 -0.38 1.94 12.06 12.25 -0.47 1.46 12.19 12.19 3.50 3.98 10.00 10.13 -0.38 -0.38 10.25 10.56 -1.19
10.02.2004 08:24:07 75.94 74.31 72.56 42.13 26.56 24.88 864 28.19 23.25 11.38 -0.33 1.94 12.13 12.25 -0.43 1.46 12.19 12.19 3.59 3.98 10.00 10.13 -0.28 -0.38 10.25 10.56 -1.25
10.02.2004 08:25:07 75.94 74.31 72.50 42.13 26.56 24.88 864 28.19 23.19 11.38 -0.28 1.94 12.06 12.25 -0.33 1.46 12.19 12.19 3.64 4.03 10.06 10.13 -0.23 -0.38 10.25 10.56 -1.31
10.02.2004 08:26:07 76.00 74.31 72.50 42.06 26.56 24.88 864 28.13 23.19 11.44 -0.18 1.94 12.13 12.25 -0.33 1.51 12.19 12.19 3.74 4.03 10.00 10.13 -0.13 -0.33 10.25 10.56 -1.38
10.02.2004 08:27:07 76.00 74.31 72.50 42.13 26.56 24.88 864 28.13 23.19 11.38 -0.18 1.99 12.06 12.25 -0.33 1.51 12.19 12.13 3.79 4.08 10.06 10.13 -0.09 -0.33 10.25 10.56 -1.31
10.02.2004 08:28:07 76.00 74.31 72.50 42.06 26.56 24.88 864 28.19 23.19 11.38 -0.13 1.99 12.06 12.25 -0.28 1.51 12.19 12.19 3.84 4.08 10.00 10.13 -0.09 -0.33 10.25 10.56 -1.25
10.02.2004 08:29:07 75.94 74.31 72.44 42.06 26.56 24.88 863 28.13 23.19 11.38 -0.09 1.99 12.06 12.25 -0.23 1.51 12.19 12.13 3.93 4.13 10.06 10.13 -0.04 -0.28 10.25 10.56 -1.25
10.02.2004 08:30:07 76.00 74.31 72.44 42.06 26.56 24.88 864 28.19 23.25 11.38 -0.04 1.99 12.06 12.25 -0.18 1.51 12.19 12.13 3.98 4.18 10.06 10.13 0.00 -0.28 10.25 10.56 -1.31
10.02.2004 08:31:07 75.94 74.31 72.44 42.13 26.56 24.88 863 28.13 23.19 11.38 0.00 1.99 12.06 12.25 -0.18 1.51 12.19 12.19 4.03 4.18 10.00 10.13 0.05 -0.28 10.31 10.56 -1.38
10.02.2004 08:32:07 76.00 74.31 72.44 42.06 26.56 24.88 864 28.19 23.19 11.38 0.00 2.04 12.06 12.25 -0.13 1.51 12.13 12.13 4.08 4.23 10.06 10.13 0.10 -0.28 10.31 10.56 -1.44
10.02.2004 08:33:07 76.00 74.31 72.44 42.06 26.56 24.88 864 28.19 23.25 11.38 0.00 2.04 12.06 12.25 -0.13 1.51 12.19 12.19 4.13 4.23 10.06 10.13 0.10 -0.23 10.31 10.63 -1.50
10.02.2004 08:34:07 76.00 74.31 72.44 42.13 26.56 24.88 864 28.13 23.19 11.38 0.00 2.04 12.06 12.25 -0.13 1.56 12.19 12.13 4.13 4.27 10.06 10.13 0.10 -0.23 10.31 10.63 -1.63
10.02.2004 08:35:07 76.00 74.31 72.44 42.06 26.56 24.88 864 28.19 23.19 11.38 0.05 2.04 12.06 12.25 -0.09 1.56 12.19 12.19 4.18 4.32 10.06 10.19 0.15 -0.23 10.31 10.63 -1.63
10.02.2004 08:36:07 76.00 74.31 72.38 42.06 26.56 24.88 863 28.13 23.19 11.38 0.05 2.04 12.06 12.25 -0.09 1.56 12.19 12.19 4.18 4.32 10.06 10.13 0.15 -0.18 10.31 10.56 -1.63
10.02.2004 08:37:07 76.00 74.31 72.38 42.06 26.56 24.88 863 28.13 23.19 11.38 0.10 2.09 12.06 12.25 -0.09 1.56 12.19 12.19 4.23 4.37 10.06 10.19 0.15 -0.18 10.31 10.56 -1.69
10.02.2004 08:38:07 76.00 74.31 72.38 42.06 26.56 24.88 863 28.13 23.19 11.38 0.10 2.09 12.06 12.25 -0.09 1.56 12.19 12.13 4.23 4.37 10.06 10.19 0.20 -0.18 10.31 10.63 -1.63
10.02.2004 08:39:07 76.00 74.31 72.38 42.06 26.56 24.88 863 28.13 23.25 11.38 0.15 2.09 12.06 12.25 -0.04 1.56 12.19 12.13 4.27 4.42 10.06 10.19 0.20 -0.18 10.31 10.63 -1.56
10.02.2004 08:41:07 76.00 74.31 72.31 42.06 26.56 24.88 863 28.13 23.25 11.38 0.20 2.09 12.06 12.25 0.10 1.56 12.13 12.13 4.37 4.47 10.06 10.19 0.34 -0.13 10.31 10.63 -1.50
10.02.2004 08:42:07 76.00 74.31 72.31 42.06 26.56 24.88 863 28.13 23.25 11.38 0.29 2.14 12.06 12.25 0.15 1.60 12.19 12.13 4.42 4.52 10.06 10.19 0.39 -0.13 10.31 10.63 -1.50
10.02.2004 08:43:07 76.00 74.31 72.31 42.06 26.56 24.88 863 28.13 23.25 11.38 0.34 2.14 12.06 12.25 0.20 1.60 12.19 12.13 4.52 4.52 10.06 10.19 0.49 -0.09 10.31 10.63 -1.50
10.02.2004 08:44:07 76.00 74.31 72.31 42.06 26.56 24.88 863 28.13 23.25 11.38 0.44 2.14 12.06 12.25 0.24 1.60 12.19 12.13 4.61 4.57 10.06 10.19 0.54 -0.09 10.31 10.63 -1.63
10.02.2004 08:45:07 75.94 74.31 72.25 42.06 26.56 24.88 862 28.13 23.25 11.38 0.49 2.19 12.06 12.25 0.34 1.60 12.13 12.13 4.66 4.61 10.06 10.19 0.63 -0.04 10.31 10.63 -1.56
10.02.2004 08:46:07 76.00 74.31 72.25 42.06 26.56 24.88 863 28.13 23.25 11.38 0.54 2.19 12.06 12.25 0.39 1.60 12.19 12.13 4.71 4.61 10.13 10.19 0.68 -0.04 10.31 10.63 -1.50
10.02.2004 08:47:07 76.00 74.31 72.25 42.13 26.56 24.88 863 28.13 23.25 11.38 0.63 2.19 12.06 12.25 0.49 1.65 12.19 12.13 4.81 4.66 10.06 10.19 0.78 -0.04 10.31 10.63 -1.44
10.02.2004 08:48:07 76.00 74.31 72.25 42.06 26.56 24.88 863 28.13 23.25 11.38 0.68 2.23 12.06 12.25 0.54 1.65 12.19 12.13 4.91 4.71 10.13 10.19 0.88 0.00 10.31 10.63 -1.44
10.02.2004 08:49:07 76.00 74.31 72.25 42.06 26.56 24.88 863 28.13 23.25 11.38 0.78 2.23 12.06 12.25 0.63 1.65 12.13 12.13 4.95 4.76 10.13 10.19 0.97 0.00 10.31 10.63 -1.44
10.02.2004 08:50:07 76.00 74.31 72.19 42.06 26.56 24.88 862 28.13 23.19 11.38 0.88 2.23 12.06 12.25 0.78 1.65 12.19 12.13 5.05 4.76 10.13 10.19 1.07 0.05 10.31 10.63 -1.38
10.02.2004 08:51:07 76.00 74.31 72.19 42.06 26.56 24.88 862 28.13 23.25 11.38 0.92 2.28 12.06 12.25 0.88 1.70 12.13 12.13 5.20 4.81 10.13 10.19 1.17 0.05 10.31 10.63 -1.44
10.02.2004 08:52:07 76.00 74.31 72.19 42.06 26.56 24.88 862 28.13 23.25 11.38 1.07 2.33 12.06 12.25 1.02 1.70 12.19 12.13 5.29 4.86 10.13 10.19 1.26 0.10 10.31 10.63 -1.44
10.02.2004 08:53:07 76.00 74.31 72.19 42.06 26.56 24.88 862 28.13 23.25 11.38 1.12 2.33 12.06 12.25 1.07 1.75 12.13 12.13 5.39 4.86 10.13 10.25 1.41 0.15 10.38 10.63 -1.44
10.02.2004 08:54:07 76.00 74.31 72.19 42.06 26.56 24.88 862 28.13 23.25 11.38 1.22 2.38 12.06 12.25 1.22 1.75 12.13 12.13 5.49 4.91 10.13 10.19 1.51 0.15 10.38 10.63 -1.44
10.02.2004 08:55:07 76.00 74.31 72.19 42.06 26.56 24.88 862 28.13 23.25 11.38 1.31 2.38 12.06 12.25 1.31 1.75 12.13 12.13 5.59 4.95 10.13 10.19 1.65 0.20 10.38 10.63 -1.44
10.02.2004 08:56:07 76.00 74.31 72.13 42.06 26.56 24.88 862 28.13 23.25 11.38 1.46 2.43 12.06 12.25 1.46 1.80 12.13 12.13 5.73 5.00 10.13 10.25 1.80 0.20 10.31 10.63 -1.50
10.02.2004 08:57:07 76.00 74.31 72.13 42.06 26.56 24.88 862 28.13 23.25 11.38 1.56 2.48 12.06 12.25 1.60 1.85 12.13 12.13 5.83 5.05 10.13 10.19 1.94 0.24 10.38 10.63 -1.44
10.02.2004 08:58:07 76.00 74.31 72.13 42.06 26.56 24.88 862 28.13 23.25 11.38 1.70 2.48 12.06 12.25 1.70 1.85 12.13 12.13 5.93 5.10 10.13 10.19 2.04 0.29 10.38 10.63 -1.38
10.02.2004 08:59:07 76.00 74.31 72.13 42.06 26.56 24.88 862 28.13 23.25 11.38 1.75 2.53 12.06 12.25 1.75 1.85 12.13 12.13 5.97 5.15 10.13 10.19 2.14 0.29 10.38 10.63 -1.31
10.02.2004 09:00:07 76.00 74.31 72.13 42.06 26.56 24.88 862 28.13 23.25 11.38 1.80 2.57 12.06 12.25 1.80 1.90 12.13 12.13 6.02 5.20 10.13 10.19 2.14 0.34 10.38 10.63 -1.31
10.02.2004 09:01:07 76.00 74.31 72.06 42.06 26.56 24.88 862 28.13 23.25 11.38 1.80 2.57 12.06 12.19 1.80 1.90 12.19 12.13 6.07 5.25 10.13 10.25 2.14 0.39 10.38 10.63 -1.38
10.02.2004 09:02:07 76.00 74.31 72.06 42.06 26.56 24.88 862 28.13 23.25 11.38 1.85 2.62 12.06 12.19 1.80 1.90 12.13 12.13 6.12 5.25 10.13 10.19 2.14 0.39 10.38 10.63 -1.44
10.02.2004 09:03:07 76.00 74.31 72.06 42.06 26.56 24.88 862 28.13 23.25 11.38 1.85 2.62 12.06 12.25 1.85 1.94 12.13 12.13 6.12 5.29 10.13 10.19 2.19 0.44 10.38 10.63 -1.56
10.02.2004 09:04:07 76.00 74.31 72.06 42.06 26.56 24.88 862 28.13 23.25 11.38 1.90 2.67 12.06 12.19 1.90 1.94 12.13 12.13 6.17 5.34 10.19 10.19 2.14 0.44 10.38 10.63 -1.81
10.02.2004 09:05:07 76.00 74.31 72.06 42.06 26.56 24.88 862 28.13 23.25 11.38 1.94 2.67 12.06 12.19 1.90 1.99 12.13 12.13 6.22 5.39 10.19 10.25 2.23 0.49 10.38 10.63 -1.94
10.02.2004 09:06:07 76.00 74.31 72.06 42.06 26.56 24.88 862 28.13 23.25 11.38 1.94 2.72 12.06 12.25 1.94 1.99 12.13 12.13 6.27 5.39 10.19 10.25 2.23 0.54 10.38 10.63 -2.00
10.02.2004 09:07:07 76.00 74.31 72.00 42.06 26.56 24.88 862 28.13 23.25 11.38 1.99 2.72 12.06 12.19 1.99 1.99 12.13 12.13 6.31 5.44 10.19 10.25 2.28 0.54 10.38 10.63 -1.81
10.02.2004 09:08:07 76.00 74.25 72.00 42.06 26.56 24.88 861 28.13 23.25 11.38 2.04 2.77 12.06 12.19 2.04 1.99 12.13 12.13 6.36 5.49 10.19 10.25 2.33 0.58 10.38 10.63 -1.69
10.02.2004 09:09:07 76.00 74.31 72.00 42.06 26.56 24.88 862 28.13 23.25 11.38 2.09 2.77 12.06 12.19 2.09 2.04 12.13 12.13 6.41 5.54 10.19 10.25 2.43 0.63 10.38 10.63 -1.63
10.02.2004 09:10:07 76.00 74.31 72.00 42.06 26.56 24.88 862 28.13 23.25 11.38 2.14 2.82 12.06 12.19 2.14 2.04 12.13 12.13 6.51 5.59 10.19 10.25 2.53 0.63 10.38 10.63 -1.50
10.02.2004 09:11:07 76.00 74.25 72.00 42.06 26.56 24.88 861 28.13 23.25 11.38 2.23 2.82 12.06 12.19 2.28 2.09 12.13 12.13 6.60 5.63 10.19 10.25 2.67 0.68 10.38 10.63 -1.50
10.02.2004 09:12:07 76.00 74.31 71.94 42.00 26.56 24.88 861 28.13 23.25 11.38 2.33 2.87 12.06 12.25 2.43 2.09 12.13 12.13 6.75 5.68 10.19 10.25 2.77 0.73 10.38 10.63 -1.44
10.02.2004 09:13:07 76.06 74.31 71.94 42.06 26.56 24.88 862 28.13 23.25 11.38 2.48 2.91 12.06 12.19 2.62 2.14 12.13 12.13 6.90 5.73 10.19 10.25 2.96 0.73 10.44 10.63 -1.56
10.02.2004 09:14:07 76.00 74.25 71.94 42.06 26.56 24.88 861 28.13 23.25 11.38 2.57 2.91 12.06 12.19 2.77 2.19 12.13 12.13 7.09 5.78 10.19 10.25 3.16 0.78 10.38 10.63 -1.50
10.02.2004 09:15:07 76.00 74.31 71.94 42.06 26.56 24.88 861 28.13 23.25 11.38 2.72 2.96 12.06 12.19 2.96 2.19 12.13 12.13 7.24 5.83 10.19 10.25 3.30 0.83 10.38 10.63 -1.38
10.02.2004 09:16:07 76.00 74.31 71.94 42.06 26.56 24.88 861 28.13 23.25 11.38 2.87 3.01 12.06 12.19 3.11 2.23 12.13 12.13 7.43 5.88 10.19 10.25 3.50 0.88 10.44 10.63 -1.31
10.02.2004 09:17:07 76.00 74.25 71.94 42.06 26.56 24.88 861 28.13 23.25 11.38 3.01 3.06 12.00 12.25 3.30 2.23 12.13 12.13 7.62 5.93 10.19 10.25 3.69 0.92 10.44 10.63 -1.31
10.02.2004 09:18:07 76.00 74.31 71.88 42.06 26.56 24.88 861 28.13 23.25 11.38 3.16 3.11 12.06 12.19 3.50 2.28 12.13 12.13 7.82 5.97 10.19 10.25 3.89 0.97 10.44 10.63 -1.50
10.02.2004 09:19:07 76.00 74.31 71.88 42.06 26.56 24.88 861 28.13 23.25 11.38 3.35 3.16 12.00 12.19 3.69 2.33 12.13 12.13 7.96 6.02 10.19 10.25 4.03 1.02 10.44 10.63 -1.63
10.02.2004 09:20:07 76.00 74.25 71.88 42.06 26.56 24.88 861 28.13 23.25 11.38 3.50 3.21 12.00 12.19 3.84 2.38 12.13 12.13 8.16 6.12 10.19 10.25 4.23 1.07 10.44 10.63 -1.63
10.02.2004 09:21:07 76.06 74.31 71.88 42.06 26.56 24.88 861 28.13 23.25 11.38 3.69 3.25 12.00 12.19 4.03 2.43 12.13 12.13 8.35 6.17 10.19 10.25 4.42 1.12 10.44 10.63 -1.50
10.02.2004 09:22:07 76.00 74.25 71.88 42.06 26.56 24.88 861 28.13 23.25 11.38 3.89 3.35 12.00 12.19 4.23 2.43 12.13 12.06 8.50 6.22 10.25 10.25 4.71 1.17 10.44 10.63 -1.44
10.02.2004 09:23:07 76.00 74.31 71.81 42.06 26.56 24.88 861 28.13 23.25 11.38 4.03 3.40 12.00 12.19 4.42 2.48 12.13 12.13 8.69 6.31 10.25 10.25 4.86 1.22 10.44 10.63 -1.38
10.02.2004 09:24:07 76.00 74.25 71.81 42.06 26.56 24.88 860 28.13 23.25 11.38 4.18 3.45 12.00 12.19 4.61 2.53 12.13 12.06 8.89 6.36 10.25 10.25 5.10 1.26 10.44 10.63 -1.31
10.02.2004 09:25:07 76.00 74.25 71.81 42.00 26.56 24.88 860 28.13 23.25 11.38 4.37 3.55 12.06 12.19 4.76 2.57 12.13 12.06 9.08 6.41 10.25 10.25 5.25 1.31 10.44 10.63 -1.25
10.02.2004 09:26:07 76.00 74.31 71.81 42.06 26.56 24.88 861 28.13 23.25 11.38 4.52 3.59 12.06 12.19 4.95 2.62 12.13 12.06 9.23 6.51 10.25 10.25 5.44 1.36 10.44 10.63 -1.19
10.02.2004 09:27:07 76.00 74.31 71.81 42.00 26.56 24.88 861 28.13 23.25 11.38 4.66 3.64 12.00 12.19 5.10 2.67 12.13 12.06 9.42 6.56 10.25 10.25 5.63 1.41 10.44 10.63 -1.13
10.02.2004 09:28:07 76.00 74.25 71.75 42.00 26.56 24.88 860 28.13 23.25 11.38 4.86 3.74 12.00 12.19 5.25 2.72 12.13 12.13 9.62 6.60 10.25 10.25 5.83 1.51 10.44 10.63 -1.19
10.02.2004 09:29:07 76.06 74.25 71.75 42.06 26.56 24.88 860 28.13 23.25 11.38 5.00 3.79 12.00 12.19 5.49 2.77 12.13 12.06 9.81 6.70 10.25 10.25 6.02 1.56 10.44 10.63 -1.13
10.02.2004 09:30:07 76.00 74.31 71.75 42.00 26.56 24.88 860 28.13 23.31 11.38 5.20 3.89 12.06 12.19 5.73 2.82 12.13 12.13 10.05 6.75 10.31 10.25 6.22 1.60 10.44 10.63 -1.00
